Log file open, 03/25/20 11:18:40
LogWindows: Failed to load 'aqProf.dll' (GetLastError=126)
LogWindows: File 'aqProf.dll' does not exist
LogWindows: Failed to load 'VtuneApi.dll' (GetLastError=126)
LogWindows: File 'VtuneApi.dll' does not exist
LogWindows: Failed to load 'VtuneApi32e.dll' (GetLastError=126)
LogWindows: File 'VtuneApi32e.dll' does not exist
LogConsoleResponse: Display: Failed to find resolution value strings in scalability ini. Falling back to default.
LogInit: Display: Running engine for game: LastShot
LogPlatformFile: Not using cached read wrapper
LogTaskGraph: Started task graph with 5 named threads and 14 total threads with 3 sets of task threads.
LogStats: Stats thread started at 0.091170
LogD3D11RHI: Loaded GFSDK_Aftermath_Lib.x64.dll
LogICUInternationalization: ICU TimeZone Detection - Raw Offset: +1:00, Platform Override: ''
LogPluginManager: Mounting plugin Paper2D
LogPluginManager: Mounting plugin AISupport
LogPluginManager: Mounting plugin LightPropagationVolume
LogPluginManager: Mounting plugin ActorLayerUtilities
LogPluginManager: Mounting plugin AnimationSharing
LogPluginManager: Mounting plugin CLionSourceCodeAccess
LogPluginManager: Mounting plugin CodeLiteSourceCodeAccess
LogPluginManager: Mounting plugin GitSourceControl
LogPluginManager: Mounting plugin KDevelopSourceCodeAccess
LogPluginManager: Mounting plugin NullSourceCodeAccess
LogPluginManager: Mounting plugin PerforceSourceControl
LogPluginManager: Mounting plugin PlasticSourceControl
LogPluginManager: Mounting plugin SubversionSourceControl
LogPluginManager: Mounting plugin UObjectPlugin
LogPluginManager: Mounting plugin VisualStudioCodeSourceCodeAccess
LogPluginManager: Mounting plugin VisualStudioSourceCodeAccess
LogPluginManager: Mounting plugin XCodeSourceCodeAccess
LogPluginManager: Mounting plugin AssetManagerEditor
LogPluginManager: Mounting plugin CryptoKeys
LogPluginManager: Mounting plugin CurveEditorTools
LogPluginManager: Mounting plugin DataValidation
LogPluginManager: Mounting plugin FacialAnimation
LogPluginManager: Mounting plugin GameplayTagsEditor
LogPluginManager: Mounting plugin MacGraphicsSwitching
LogPluginManager: Mounting plugin MaterialAnalyzer
LogPluginManager: Mounting plugin MobileLauncherProfileWizard
LogPluginManager: Mounting plugin PluginBrowser
LogPluginManager: Mounting plugin SpeedTreeImporter
LogPluginManager: Mounting plugin DatasmithContent
LogPluginManager: Mounting plugin VariantManagerContent
LogPluginManager: Mounting plugin AlembicImporter
LogPluginManager: Mounting plugin AutomationUtils
LogPluginManager: Mounting plugin BackChannel
LogPluginManager: Mounting plugin CharacterAI
LogPluginManager: Mounting plugin GeometryCache
LogPluginManager: Mounting plugin PlatformCrypto
LogPluginManager: Mounting plugin ProxyLODPlugin
LogPluginManager: Mounting plugin SkeletalReduction
LogPluginManager: Mounting plugin MagicLeap
LogPluginManager: Mounting plugin MagicLeapMedia
LogPluginManager: Mounting plugin MLSDK
LogPluginManager: Mounting plugin AndroidMedia
LogPluginManager: Mounting plugin AvfMedia
LogPluginManager: Mounting plugin ImgMedia
LogPluginManager: Mounting plugin MediaCompositing
LogPluginManager: Mounting plugin MediaPlayerEditor
LogPluginManager: Mounting plugin WebMMedia
LogPluginManager: Mounting plugin WmfMedia
LogPluginManager: Mounting plugin TcpMessaging
LogPluginManager: Mounting plugin UdpMessaging
LogPluginManager: Mounting plugin ActorSequence
LogPluginManager: Mounting plugin LevelSequenceEditor
LogPluginManager: Mounting plugin MatineeToLevelSequence
LogPluginManager: Mounting plugin NetcodeUnitTest
LogPluginManager: Mounting plugin NUTUnrealEngine4
LogPluginManager: Mounting plugin OnlineSubsystemGooglePlay
LogPluginManager: Mounting plugin OnlineSubsystemIOS
LogPluginManager: Mounting plugin OnlineSubsystem
LogPluginManager: Mounting plugin OnlineSubsystemNull
LogPluginManager: Mounting plugin OnlineSubsystemUtils
LogPluginManager: Mounting plugin LauncherChunkInstaller
LogPluginManager: Mounting plugin AndroidDeviceProfileSelector
LogPluginManager: Mounting plugin AndroidMoviePlayer
LogPluginManager: Mounting plugin AndroidPermission
LogPluginManager: Mounting plugin AppleImageUtils
LogPluginManager: Mounting plugin AppleMoviePlayer
LogPluginManager: Mounting plugin ArchVisCharacter
LogPluginManager: Mounting plugin AssetTags
LogPluginManager: Mounting plugin AudioCapture
LogPluginManager: Mounting plugin CableComponent
LogPluginManager: Mounting plugin CustomMeshComponent
LogPluginManager: Mounting plugin EditableMesh
LogPluginManager: Mounting plugin ExampleDeviceProfileSelector
LogPluginManager: Mounting plugin GoogleCloudMessaging
LogPluginManager: Mounting plugin IOSDeviceProfileSelector
LogPluginManager: Mounting plugin LinuxDeviceProfileSelector
LogPluginManager: Mounting plugin LocationServicesBPLibrary
LogPluginManager: Mounting plugin MobilePatchingUtils
LogPluginManager: Mounting plugin OculusVR
LogPluginManager: Mounting plugin PhysXVehicles
LogPluginManager: Mounting plugin PostSplashScreen
LogPluginManager: Mounting plugin ProceduralMeshComponent
LogPluginManager: Mounting plugin RuntimePhysXCooking
LogPluginManager: Mounting plugin SignificanceManager
LogPluginManager: Mounting plugin SteamVR
LogPluginManager: Mounting plugin WebMMoviePlayer
LogPluginManager: Mounting plugin WindowsMoviePlayer
LogPluginManager: Mounting plugin ScreenshotTools
LogInit: Using libcurl 7.55.1-DEV
LogInit:  - built for x86_64-pc-win32
LogInit:  - supports SSL with OpenSSL/1.1.1
LogInit:  - supports HTTP deflate (compression) using libz 1.2.8
LogInit:  - other features:
LogInit:      CURL_VERSION_SSL
LogInit:      CURL_VERSION_LIBZ
LogInit:      CURL_VERSION_IPV6
LogInit:      CURL_VERSION_ASYNCHDNS
LogInit:      CURL_VERSION_LARGEFILE
LogInit:      CURL_VERSION_IDN
LogInit:  CurlRequestOptions (configurable via config and command line):
LogInit:  - bVerifyPeer = true  - Libcurl will verify peer certificate
LogInit:  - bUseHttpProxy = false  - Libcurl will NOT use HTTP proxy
LogInit:  - bDontReuseConnections = false  - Libcurl will reuse connections
LogInit:  - MaxHostConnections = 16  - Libcurl will limit the number of connections to a host
LogInit:  - LocalHostAddr = Default
LogInit:  - BufferSize = 65536
LogOnline: OSS: Creating online subsystem instance for: NULL
LogInit: WinSock: version 1.1 (2.2), MaxSocks=32767, MaxUdp=65467
LogOnline: OSS: TryLoadSubsystemAndSetDefault: Loaded subsystem for module [NULL]
LogInit: Build: ++UE4+Release-4.24-CL-11590370
LogInit: Engine Version: 4.24.3-11590370+++UE4+Release-4.24
LogInit: Compatible Engine Version: 4.24.0-10570792+++UE4+Release-4.24
LogInit: Net CL: 10570792
LogInit: OS: Windows 10 (Release 1903) (), CPU: Intel(R) Core(TM) i5-4690K CPU @ 3.50GHz, GPU: NVIDIA GeForce GTX 970
LogInit: Compiled (64-bit): Feb 24 2020 15:39:18
LogInit: Compiled with Visual C++: 19.16.27032.01
LogInit: Build Configuration: Development
LogInit: Branch Name: ++UE4+Release-4.24
LogInit: Command Line:  -EpicPortal -epicusername=joalmarso -epicuserid=6c8446a1d93f4027879a53d60d168187 -epiclocale=en
LogInit: Base Directory: C:/Program Files/Epic Games/UE_4.24/Engine/Binaries/Win64/
LogInit: Installed Engine Build: 1
LogDevObjectVersion: Number of dev versions registered: 25
LogDevObjectVersion:   Dev-Blueprints (B0D832E4-1F89-4F0D-ACCF-7EB736FD4AA2): 10
LogDevObjectVersion:   Dev-Build (E1C64328-A22C-4D53-A36C-8E866417BD8C): 0
LogDevObjectVersion:   Dev-Core (375EC13C-06E4-48FB-B500-84F0262A717E): 3
LogDevObjectVersion:   Dev-Editor (E4B068ED-F494-42E9-A231-DA0B2E46BB41): 37
LogDevObjectVersion:   Dev-Framework (CFFC743F-43B0-4480-9391-14DF171D2073): 36
LogDevObjectVersion:   Dev-Mobile (B02B49B5-BB20-44E9-A304-32B752E40360): 2
LogDevObjectVersion:   Dev-Networking (A4E4105C-59A1-49B5-A7C5-40C4547EDFEE): 0
LogDevObjectVersion:   Dev-Online (39C831C9-5AE6-47DC-9A44-9C173E1C8E7C): 0
LogDevObjectVersion:   Dev-Physics (78F01B33-EBEA-4F98-B9B4-84EACCB95AA2): 2
LogDevObjectVersion:   Dev-Platform (6631380F-2D4D-43E0-8009-CF276956A95A): 0
LogDevObjectVersion:   Dev-Rendering (12F88B9F-8875-4AFC-A67C-D90C383ABD29): 36
LogDevObjectVersion:   Dev-Sequencer (7B5AE74C-D270-4C10-A958-57980B212A5A): 11
LogDevObjectVersion:   Dev-VR (D7296918-1DD6-4BDD-9DE2-64A83CC13884): 2
LogDevObjectVersion:   Dev-LoadTimes (C2A15278-BFE7-4AFE-6C17-90FF531DF755): 1
LogDevObjectVersion:   Private-Geometry (6EACA3D4-40EC-4CC1-B786-8BED09428FC5): 3
LogDevObjectVersion:   Dev-AnimPhys (29E575DD-E0A3-4627-9D10-D276232CDCEA): 17
LogDevObjectVersion:   Dev-Anim (AF43A65D-7FD3-4947-9873-3E8ED9C1BB05): 2
LogDevObjectVersion:   Dev-ReflectionCapture (6B266CEC-1EC7-4B8F-A30B-E4D90942FC07): 1
LogDevObjectVersion:   Dev-Automation (0DF73D61-A23F-47EA-B727-89E90C41499A): 1
LogDevObjectVersion:   FortniteMain (601D1886-AC64-4F84-AA16-D3DE0DEAC7D6): 31
LogDevObjectVersion:   Dev-Enterprise (9DFFBCD6-494F-0158-E221-12823C92A888): 8
LogDevObjectVersion:   Dev-Niagara (F2AED0AC-9AFE-416F-8664-AA7FFA26D6FC): 1
LogDevObjectVersion:   Dev-Destruction (174F1F0B-B4C6-45A5-B13F-2EE8D0FB917D): 9
LogDevObjectVersion:   Dev-Physics-Ext (35F94A83-E258-406C-A318-09F59610247C): 8
LogDevObjectVersion:   Dev-CineCamera (B2E18506-4273-CFC2-A54E-F4BB758BBA07): 1
LogInit: Presizing for max 25165824 objects, including 0 objects not considered by GC, pre-allocating 0 bytes for permanent pool.
LogInit: Object subsystem initialized
LogConfig: Setting CVar [[con.DebugEarlyDefault:1]]
LogConfig: Setting CVar [[r.setres:1280x720]]
[2020.03.25-10.18.40:838][  0]LogConfig: Setting CVar [[r.VSync:0]]
[2020.03.25-10.18.40:838][  0]LogConfig: Setting CVar [[r.RHICmdBypass:0]]
[2020.03.25-10.18.40:838][  0]LogConfig: Applying CVar settings from Section [/Script/Engine.RendererSettings] File [C:/Users/Markram/Desktop/Mis proyectos/LastShot/LastShot/Saved/Config/Windows/Engine.ini]
[2020.03.25-10.18.40:838][  0]LogConfig: Setting CVar [[r.GPUCrashDebugging:0]]
[2020.03.25-10.18.40:838][  0]LogConfig: Applying CVar settings from Section [/Script/Engine.RendererOverrideSettings] File [C:/Users/Markram/Desktop/Mis proyectos/LastShot/LastShot/Saved/Config/Windows/Engine.ini]
[2020.03.25-10.18.40:838][  0]LogConfig: Applying CVar settings from Section [/Script/Engine.StreamingSettings] File [C:/Users/Markram/Desktop/Mis proyectos/LastShot/LastShot/Saved/Config/Windows/Engine.ini]
[2020.03.25-10.18.40:838][  0]LogConfig: Setting CVar [[s.MinBulkDataSizeForAsyncLoading:131072]]
[2020.03.25-10.18.40:838][  0]LogConfig: Setting CVar [[s.AsyncLoadingThreadEnabled:0]]
[2020.03.25-10.18.40:838][  0]LogConfig: Setting CVar [[s.EventDrivenLoaderEnabled:1]]
[2020.03.25-10.18.40:838][  0]LogConfig: Setting CVar [[s.WarnIfTimeLimitExceeded:0]]
[2020.03.25-10.18.40:838][  0]LogConfig: Setting CVar [[s.TimeLimitExceededMultiplier:1.5]]
[2020.03.25-10.18.40:838][  0]LogConfig: Setting CVar [[s.TimeLimitExceededMinTime:0.005]]
[2020.03.25-10.18.40:838][  0]LogConfig: Setting CVar [[s.UseBackgroundLevelStreaming:1]]
[2020.03.25-10.18.40:838][  0]LogConfig: Setting CVar [[s.PriorityAsyncLoadingExtraTime:15.0]]
[2020.03.25-10.18.40:838][  0]LogConfig: Setting CVar [[s.LevelStreamingActorsUpdateTimeLimit:5.0]]
[2020.03.25-10.18.40:838][  0]LogConfig: Setting CVar [[s.PriorityLevelStreamingActorsUpdateExtraTime:5.0]]
[2020.03.25-10.18.40:838][  0]LogConfig: Setting CVar [[s.LevelStreamingComponentsRegistrationGranularity:10]]
[2020.03.25-10.18.40:838][  0]LogConfig: Setting CVar [[s.UnregisterComponentsTimeLimit:1.0]]
[2020.03.25-10.18.40:838][  0]LogConfig: Setting CVar [[s.LevelStreamingComponentsUnregistrationGranularity:5]]
[2020.03.25-10.18.40:838][  0]LogConfig: Setting CVar [[s.FlushStreamingOnExit:1]]
[2020.03.25-10.18.40:838][  0]LogConfig: Applying CVar settings from Section [/Script/Engine.GarbageCollectionSettings] File [C:/Users/Markram/Desktop/Mis proyectos/LastShot/LastShot/Saved/Config/Windows/Engine.ini]
[2020.03.25-10.18.40:838][  0]LogConfig: Setting CVar [[gc.MaxObjectsNotConsideredByGC:1]]
[2020.03.25-10.18.40:838][  0]LogConfig: Setting CVar [[gc.SizeOfPermanentObjectPool:0]]
[2020.03.25-10.18.40:838][  0]LogConfig: Setting CVar [[gc.FlushStreamingOnGC:0]]
[2020.03.25-10.18.40:838][  0]LogConfig: Setting CVar [[gc.NumRetriesBeforeForcingGC:10]]
[2020.03.25-10.18.40:838][  0]LogConfig: Setting CVar [[gc.AllowParallelGC:1]]
[2020.03.25-10.18.40:838][  0]LogConfig: Setting CVar [[gc.TimeBetweenPurgingPendingKillObjects:61.1]]
[2020.03.25-10.18.40:838][  0]LogConfig: Setting CVar [[gc.MaxObjectsInEditor:25165824]]
[2020.03.25-10.18.40:838][  0]LogConfig: Setting CVar [[gc.IncrementalBeginDestroyEnabled:1]]
[2020.03.25-10.18.40:839][  0]LogConfig: Setting CVar [[gc.CreateGCClusters:1]]
[2020.03.25-10.18.40:839][  0]LogConfig: Setting CVar [[gc.MinGCClusterSize:5]]
[2020.03.25-10.18.40:839][  0]LogConfig: Setting CVar [[gc.ActorClusteringEnabled:0]]
[2020.03.25-10.18.40:839][  0]LogConfig: Setting CVar [[gc.BlueprintClusteringEnabled:0]]
[2020.03.25-10.18.40:839][  0]LogConfig: Setting CVar [[gc.UseDisregardForGCOnDedicatedServers:0]]
[2020.03.25-10.18.40:839][  0]LogConfig: Applying CVar settings from Section [/Script/Engine.NetworkSettings] File [C:/Users/Markram/Desktop/Mis proyectos/LastShot/LastShot/Saved/Config/Windows/Engine.ini]
[2020.03.25-10.18.40:839][  0]LogConfig: Applying CVar settings from Section [/Script/UnrealEd.CookerSettings] File [C:/Users/Markram/Desktop/Mis proyectos/LastShot/LastShot/Saved/Config/Windows/Engine.ini]
[2020.03.25-10.18.40:847][  0]LogConfig: Applying CVar settings from Section [ViewDistanceQuality@3] File [C:/Users/Markram/Desktop/Mis proyectos/LastShot/LastShot/Saved/Config/Windows/Scalability.ini]
[2020.03.25-10.18.40:847][  0]LogConfig: Setting CVar [[r.SkeletalMeshLODBias:0]]
[2020.03.25-10.18.40:847][  0]LogConfig: Setting CVar [[r.ViewDistanceScale:1.0]]
[2020.03.25-10.18.40:847][  0]LogConfig: Applying CVar settings from Section [AntiAliasingQuality@3] File [C:/Users/Markram/Desktop/Mis proyectos/LastShot/LastShot/Saved/Config/Windows/Scalability.ini]
[2020.03.25-10.18.40:847][  0]LogConfig: Setting CVar [[r.PostProcessAAQuality:4]]
[2020.03.25-10.18.40:847][  0]LogConfig: Applying CVar settings from Section [ShadowQuality@3] File [C:/Users/Markram/Desktop/Mis proyectos/LastShot/LastShot/Saved/Config/Windows/Scalability.ini]
[2020.03.25-10.18.40:847][  0]LogConfig: Setting CVar [[r.LightFunctionQuality:1]]
[2020.03.25-10.18.40:847][  0]LogConfig: Setting CVar [[r.ShadowQuality:5]]
[2020.03.25-10.18.40:847][  0]LogConfig: Setting CVar [[r.Shadow.CSM.MaxCascades:10]]
[2020.03.25-10.18.40:847][  0]LogConfig: Setting CVar [[r.Shadow.MaxResolution:2048]]
[2020.03.25-10.18.40:847][  0]LogConfig: Setting CVar [[r.Shadow.MaxCSMResolution:2048]]
[2020.03.25-10.18.40:847][  0]LogConfig: Setting CVar [[r.Shadow.RadiusThreshold:0.01]]
[2020.03.25-10.18.40:847][  0]LogConfig: Setting CVar [[r.Shadow.DistanceScale:1.0]]
[2020.03.25-10.18.40:847][  0]LogConfig: Setting CVar [[r.Shadow.CSM.TransitionScale:1.0]]
[2020.03.25-10.18.40:847][  0]LogConfig: Setting CVar [[r.Shadow.PreShadowResolutionFactor:1.0]]
[2020.03.25-10.18.40:847][  0]LogConfig: Setting CVar [[r.DistanceFieldShadowing:1]]
[2020.03.25-10.18.40:847][  0]LogConfig: Setting CVar [[r.DistanceFieldAO:1]]
[2020.03.25-10.18.40:847][  0]LogConfig: Setting CVar [[r.AOQuality:2]]
[2020.03.25-10.18.40:847][  0]LogConfig: Setting CVar [[r.VolumetricFog:1]]
[2020.03.25-10.18.40:847][  0]LogConfig: Setting CVar [[r.VolumetricFog.GridPixelSize:8]]
[2020.03.25-10.18.40:847][  0]LogConfig: Setting CVar [[r.VolumetricFog.GridSizeZ:128]]
[2020.03.25-10.18.40:847][  0]LogConfig: Setting CVar [[r.VolumetricFog.HistoryMissSupersampleCount:4]]
[2020.03.25-10.18.40:847][  0]LogConfig: Setting CVar [[r.LightMaxDrawDistanceScale:1]]
[2020.03.25-10.18.40:847][  0]LogConfig: Setting CVar [[r.CapsuleShadows:1]]
[2020.03.25-10.18.40:847][  0]LogConfig: Applying CVar settings from Section [PostProcessQuality@3] File [C:/Users/Markram/Desktop/Mis proyectos/LastShot/LastShot/Saved/Config/Windows/Scalability.ini]
[2020.03.25-10.18.40:847][  0]LogConfig: Setting CVar [[r.MotionBlurQuality:4]]
[2020.03.25-10.18.40:847][  0]LogConfig: Setting CVar [[r.AmbientOcclusionMipLevelFactor:0.4]]
[2020.03.25-10.18.40:847][  0]LogConfig: Setting CVar [[r.AmbientOcclusionMaxQuality:100]]
[2020.03.25-10.18.40:847][  0]LogConfig: Setting CVar [[r.AmbientOcclusionLevels:-1]]
[2020.03.25-10.18.40:847][  0]LogConfig: Setting CVar [[r.AmbientOcclusionRadiusScale:1.0]]
[2020.03.25-10.18.40:847][  0]LogConfig: Setting CVar [[r.DepthOfFieldQuality:2]]
[2020.03.25-10.18.40:847][  0]LogConfig: Setting CVar [[r.RenderTargetPoolMin:400]]
[2020.03.25-10.18.40:847][  0]LogConfig: Setting CVar [[r.LensFlareQuality:2]]
[2020.03.25-10.18.40:847][  0]LogConfig: Setting CVar [[r.SceneColorFringeQuality:1]]
[2020.03.25-10.18.40:847][  0]LogConfig: Setting CVar [[r.EyeAdaptationQuality:2]]
[2020.03.25-10.18.40:847][  0]LogConfig: Setting CVar [[r.BloomQuality:5]]
[2020.03.25-10.18.40:847][  0]LogConfig: Setting CVar [[r.FastBlurThreshold:100]]
[2020.03.25-10.18.40:847][  0]LogConfig: Setting CVar [[r.Upscale.Quality:3]]
[2020.03.25-10.18.40:847][  0]LogConfig: Setting CVar [[r.Tonemapper.GrainQuantization:1]]
[2020.03.25-10.18.40:847][  0]LogConfig: Setting CVar [[r.LightShaftQuality:1]]
[2020.03.25-10.18.40:847][  0]LogConfig: Setting CVar [[r.Filter.SizeScale:1]]
[2020.03.25-10.18.40:847][  0]LogConfig: Setting CVar [[r.Tonemapper.Quality:5]]
[2020.03.25-10.18.40:847][  0]LogConfig: Setting CVar [[r.DOF.Gather.AccumulatorQuality:1        ; higher gathering accumulator quality]]
[2020.03.25-10.18.40:847][  0]LogConfig: Setting CVar [[r.DOF.Gather.PostfilterMethod:1          ; Median3x3 postfilering method]]
[2020.03.25-10.18.40:847][  0]LogConfig: Setting CVar [[r.DOF.Gather.EnableBokehSettings:0       ; no bokeh simulation when gathering]]
[2020.03.25-10.18.40:847][  0]LogConfig: Setting CVar [[r.DOF.Gather.RingCount:4                 ; medium number of samples when gathering]]
[2020.03.25-10.18.40:847][  0]LogConfig: Setting CVar [[r.DOF.Scatter.ForegroundCompositing:1    ; additive foreground scattering]]
[2020.03.25-10.18.40:847][  0]LogConfig: Setting CVar [[r.DOF.Scatter.BackgroundCompositing:2    ; additive background scattering]]
[2020.03.25-10.18.40:847][  0]LogConfig: Setting CVar [[r.DOF.Scatter.EnableBokehSettings:1      ; bokeh simulation when scattering]]
[2020.03.25-10.18.40:847][  0]LogConfig: Setting CVar [[r.DOF.Scatter.MaxSpriteRatio:0.1         ; only a maximum of 10% of scattered bokeh]]
[2020.03.25-10.18.40:847][  0]LogConfig: Setting CVar [[r.DOF.Recombine.Quality:1                ; cheap slight out of focus]]
[2020.03.25-10.18.40:847][  0]LogConfig: Setting CVar [[r.DOF.Recombine.EnableBokehSettings:0    ; no bokeh simulation on slight out of focus]]
[2020.03.25-10.18.40:847][  0]LogConfig: Setting CVar [[r.DOF.TemporalAAQuality:1                ; more stable temporal accumulation]]
[2020.03.25-10.18.40:847][  0]LogConfig: Setting CVar [[r.DOF.Kernel.MaxForegroundRadius:0.025]]
[2020.03.25-10.18.40:847][  0]LogConfig: Setting CVar [[r.DOF.Kernel.MaxBackgroundRadius:0.025]]
[2020.03.25-10.18.40:847][  0]LogConfig: Applying CVar settings from Section [TextureQuality@3] File [C:/Users/Markram/Desktop/Mis proyectos/LastShot/LastShot/Saved/Config/Windows/Scalability.ini]
[2020.03.25-10.18.40:847][  0]LogConfig: Setting CVar [[r.Streaming.MipBias:0]]
[2020.03.25-10.18.40:847][  0]LogConfig: Setting CVar [[r.Streaming.AmortizeCPUToGPUCopy:0]]
[2020.03.25-10.18.40:847][  0]LogConfig: Setting CVar [[r.Streaming.MaxNumTexturesToStreamPerFrame:0]]
[2020.03.25-10.18.40:847][  0]LogConfig: Setting CVar [[r.Streaming.Boost:1]]
[2020.03.25-10.18.40:847][  0]LogConfig: Setting CVar [[r.MaxAnisotropy:8]]
[2020.03.25-10.18.40:847][  0]LogConfig: Setting CVar [[r.VT.MaxAnisotropy:8]]
[2020.03.25-10.18.40:847][  0]LogConfig: Setting CVar [[r.Streaming.LimitPoolSizeToVRAM:0]]
[2020.03.25-10.18.40:847][  0]LogConfig: Setting CVar [[r.Streaming.PoolSize:1000]]
[2020.03.25-10.18.40:847][  0]LogConfig: Setting CVar [[r.Streaming.MaxEffectiveScreenSize:0]]
[2020.03.25-10.18.40:848][  0]LogConfig: Applying CVar settings from Section [EffectsQuality@3] File [C:/Users/Markram/Desktop/Mis proyectos/LastShot/LastShot/Saved/Config/Windows/Scalability.ini]
[2020.03.25-10.18.40:848][  0]LogConfig: Setting CVar [[r.TranslucencyLightingVolumeDim:64]]
[2020.03.25-10.18.40:848][  0]LogConfig: Setting CVar [[r.RefractionQuality:2]]
[2020.03.25-10.18.40:848][  0]LogConfig: Setting CVar [[r.SSR.Quality:3]]
[2020.03.25-10.18.40:848][  0]LogConfig: Setting CVar [[r.SSR.HalfResSceneColor:0]]
[2020.03.25-10.18.40:848][  0]LogConfig: Setting CVar [[r.SceneColorFormat:4]]
[2020.03.25-10.18.40:848][  0]LogConfig: Setting CVar [[r.DetailMode:2]]
[2020.03.25-10.18.40:848][  0]LogConfig: Setting CVar [[r.TranslucencyVolumeBlur:1]]
[2020.03.25-10.18.40:848][  0]LogConfig: Setting CVar [[r.MaterialQualityLevel:1 ; High quality]]
[2020.03.25-10.18.40:848][  0]LogConfig: Setting CVar [[r.SSS.Scale:1]]
[2020.03.25-10.18.40:848][  0]LogConfig: Setting CVar [[r.SSS.SampleSet:2]]
[2020.03.25-10.18.40:848][  0]LogConfig: Setting CVar [[r.SSS.Quality:1]]
[2020.03.25-10.18.40:848][  0]LogConfig: Setting CVar [[r.SSS.HalfRes:1]]
[2020.03.25-10.18.40:848][  0]LogConfig: Setting CVar [[r.SSGI.Quality:3]]
[2020.03.25-10.18.40:848][  0]LogConfig: Setting CVar [[r.EmitterSpawnRateScale:1.0]]
[2020.03.25-10.18.40:848][  0]LogConfig: Setting CVar [[r.ParticleLightQuality:2]]
[2020.03.25-10.18.40:848][  0]LogConfig: Setting CVar [[r.SkyAtmosphere.AerialPerspectiveLUT.FastApplyOnOpaque:1 ; Always have FastSkyLUT 1 in this case to avoid wrong sky]]
[2020.03.25-10.18.40:848][  0]LogConfig: Setting CVar [[r.SkyAtmosphere.AerialPerspectiveLUT.SampleCountPerSlice:1]]
[2020.03.25-10.18.40:848][  0]LogConfig: Setting CVar [[r.SkyAtmosphere.AerialPerspectiveLUT.DepthResolution:16.0]]
[2020.03.25-10.18.40:848][  0]LogConfig: Setting CVar [[r.SkyAtmosphere.FastSkyLUT:1]]
[2020.03.25-10.18.40:848][  0]LogConfig: Setting CVar [[r.SkyAtmosphere.FastSkyLUT.SampleCountMin:4.0]]
[2020.03.25-10.18.40:848][  0]LogConfig: Setting CVar [[r.SkyAtmosphere.FastSkyLUT.SampleCountMax:32.0]]
[2020.03.25-10.18.40:848][  0]LogConfig: Setting CVar [[r.SkyAtmosphere.SampleCountMin:4.0]]
[2020.03.25-10.18.40:848][  0]LogConfig: Setting CVar [[r.SkyAtmosphere.SampleCountMax:32.0]]
[2020.03.25-10.18.40:848][  0]LogConfig: Setting CVar [[r.SkyAtmosphere.TransmittanceLUT.UseSmallFormat:0]]
[2020.03.25-10.18.40:848][  0]LogConfig: Setting CVar [[r.SkyAtmosphere.TransmittanceLUT.SampleCount:10.0]]
[2020.03.25-10.18.40:848][  0]LogConfig: Setting CVar [[r.SkyAtmosphere.MultiScatteringLUT.SampleCount:15.0]]
[2020.03.25-10.18.40:848][  0]LogConfig: Applying CVar settings from Section [FoliageQuality@3] File [C:/Users/Markram/Desktop/Mis proyectos/LastShot/LastShot/Saved/Config/Windows/Scalability.ini]
[2020.03.25-10.18.40:848][  0]LogConfig: Setting CVar [[foliage.DensityScale:1.0]]
[2020.03.25-10.18.40:848][  0]LogConfig: Setting CVar [[grass.DensityScale:1.0]]
[2020.03.25-10.18.40:848][  0]LogConfig: Applying CVar settings from Section [ShadingQuality@3] File [C:/Users/Markram/Desktop/Mis proyectos/LastShot/LastShot/Saved/Config/Windows/Scalability.ini]
[2020.03.25-10.18.40:848][  0]LogConfig: Setting CVar [[r.HairStrands.SkyLighting.SampleCount:16]]
[2020.03.25-10.18.40:848][  0]LogConfig: Setting CVar [[r.HairStrands.SkyLighting.JitterIntegration:0]]
[2020.03.25-10.18.40:848][  0]LogConfig: Setting CVar [[r.HairStrands.SkyAO.SampleCount:16]]
[2020.03.25-10.18.40:848][  0]LogInit: Selected Device Profile: [Windows]
[2020.03.25-10.18.40:848][  0]LogInit: Applying CVar settings loaded from the selected device profile: [Windows]
[2020.03.25-10.18.40:852][  0]LogHAL: Display: Platform has ~ 16 GB [17129402368 / 17179869184 / 16], which maps to Larger [LargestMinGB=32, LargerMinGB=12, DefaultMinGB=8, SmallerMinGB=6, SmallestMinGB=0)
[2020.03.25-10.18.40:852][  0]LogInit: Going up to parent DeviceProfile []
[2020.03.25-10.18.40:852][  0]LogConfig: Applying CVar settings from Section [ViewDistanceQuality@3] File [C:/Users/Markram/Desktop/Mis proyectos/LastShot/LastShot/Saved/Config/Windows/Scalability.ini]
[2020.03.25-10.18.40:852][  0]LogConfig: Setting CVar [[r.SkeletalMeshLODBias:0]]
[2020.03.25-10.18.40:852][  0]LogConfig: Setting CVar [[r.ViewDistanceScale:1.0]]
[2020.03.25-10.18.40:852][  0]LogConfig: Applying CVar settings from Section [AntiAliasingQuality@3] File [C:/Users/Markram/Desktop/Mis proyectos/LastShot/LastShot/Saved/Config/Windows/Scalability.ini]
[2020.03.25-10.18.40:852][  0]LogConfig: Setting CVar [[r.PostProcessAAQuality:4]]
[2020.03.25-10.18.40:852][  0]LogConfig: Applying CVar settings from Section [ShadowQuality@3] File [C:/Users/Markram/Desktop/Mis proyectos/LastShot/LastShot/Saved/Config/Windows/Scalability.ini]
[2020.03.25-10.18.40:852][  0]LogConfig: Setting CVar [[r.LightFunctionQuality:1]]
[2020.03.25-10.18.40:852][  0]LogConfig: Setting CVar [[r.ShadowQuality:5]]
[2020.03.25-10.18.40:852][  0]LogConfig: Setting CVar [[r.Shadow.CSM.MaxCascades:10]]
[2020.03.25-10.18.40:852][  0]LogConfig: Setting CVar [[r.Shadow.MaxResolution:2048]]
[2020.03.25-10.18.40:852][  0]LogConfig: Setting CVar [[r.Shadow.MaxCSMResolution:2048]]
[2020.03.25-10.18.40:852][  0]LogConfig: Setting CVar [[r.Shadow.RadiusThreshold:0.01]]
[2020.03.25-10.18.40:852][  0]LogConfig: Setting CVar [[r.Shadow.DistanceScale:1.0]]
[2020.03.25-10.18.40:852][  0]LogConfig: Setting CVar [[r.Shadow.CSM.TransitionScale:1.0]]
[2020.03.25-10.18.40:852][  0]LogConfig: Setting CVar [[r.Shadow.PreShadowResolutionFactor:1.0]]
[2020.03.25-10.18.40:852][  0]LogConfig: Setting CVar [[r.DistanceFieldShadowing:1]]
[2020.03.25-10.18.40:852][  0]LogConfig: Setting CVar [[r.DistanceFieldAO:1]]
[2020.03.25-10.18.40:852][  0]LogConfig: Setting CVar [[r.AOQuality:2]]
[2020.03.25-10.18.40:853][  0]LogConfig: Setting CVar [[r.VolumetricFog:1]]
[2020.03.25-10.18.40:853][  0]LogConfig: Setting CVar [[r.VolumetricFog.GridPixelSize:8]]
[2020.03.25-10.18.40:853][  0]LogConfig: Setting CVar [[r.VolumetricFog.GridSizeZ:128]]
[2020.03.25-10.18.40:853][  0]LogConfig: Setting CVar [[r.VolumetricFog.HistoryMissSupersampleCount:4]]
[2020.03.25-10.18.40:853][  0]LogConfig: Setting CVar [[r.LightMaxDrawDistanceScale:1]]
[2020.03.25-10.18.40:853][  0]LogConfig: Setting CVar [[r.CapsuleShadows:1]]
[2020.03.25-10.18.40:853][  0]LogConfig: Applying CVar settings from Section [PostProcessQuality@3] File [C:/Users/Markram/Desktop/Mis proyectos/LastShot/LastShot/Saved/Config/Windows/Scalability.ini]
[2020.03.25-10.18.40:853][  0]LogConfig: Setting CVar [[r.MotionBlurQuality:4]]
[2020.03.25-10.18.40:853][  0]LogConfig: Setting CVar [[r.AmbientOcclusionMipLevelFactor:0.4]]
[2020.03.25-10.18.40:853][  0]LogConfig: Setting CVar [[r.AmbientOcclusionMaxQuality:100]]
[2020.03.25-10.18.40:853][  0]LogConfig: Setting CVar [[r.AmbientOcclusionLevels:-1]]
[2020.03.25-10.18.40:853][  0]LogConfig: Setting CVar [[r.AmbientOcclusionRadiusScale:1.0]]
[2020.03.25-10.18.40:853][  0]LogConfig: Setting CVar [[r.DepthOfFieldQuality:2]]
[2020.03.25-10.18.40:853][  0]LogConfig: Setting CVar [[r.RenderTargetPoolMin:400]]
[2020.03.25-10.18.40:853][  0]LogConfig: Setting CVar [[r.LensFlareQuality:2]]
[2020.03.25-10.18.40:853][  0]LogConfig: Setting CVar [[r.SceneColorFringeQuality:1]]
[2020.03.25-10.18.40:853][  0]LogConfig: Setting CVar [[r.EyeAdaptationQuality:2]]
[2020.03.25-10.18.40:853][  0]LogConfig: Setting CVar [[r.BloomQuality:5]]
[2020.03.25-10.18.40:853][  0]LogConfig: Setting CVar [[r.FastBlurThreshold:100]]
[2020.03.25-10.18.40:853][  0]LogConfig: Setting CVar [[r.Upscale.Quality:3]]
[2020.03.25-10.18.40:853][  0]LogConfig: Setting CVar [[r.Tonemapper.GrainQuantization:1]]
[2020.03.25-10.18.40:853][  0]LogConfig: Setting CVar [[r.LightShaftQuality:1]]
[2020.03.25-10.18.40:853][  0]LogConfig: Setting CVar [[r.Filter.SizeScale:1]]
[2020.03.25-10.18.40:853][  0]LogConfig: Setting CVar [[r.Tonemapper.Quality:5]]
[2020.03.25-10.18.40:853][  0]LogConfig: Setting CVar [[r.DOF.Gather.AccumulatorQuality:1        ; higher gathering accumulator quality]]
[2020.03.25-10.18.40:853][  0]LogConfig: Setting CVar [[r.DOF.Gather.PostfilterMethod:1          ; Median3x3 postfilering method]]
[2020.03.25-10.18.40:853][  0]LogConfig: Setting CVar [[r.DOF.Gather.EnableBokehSettings:0       ; no bokeh simulation when gathering]]
[2020.03.25-10.18.40:853][  0]LogConfig: Setting CVar [[r.DOF.Gather.RingCount:4                 ; medium number of samples when gathering]]
[2020.03.25-10.18.40:853][  0]LogConfig: Setting CVar [[r.DOF.Scatter.ForegroundCompositing:1    ; additive foreground scattering]]
[2020.03.25-10.18.40:853][  0]LogConfig: Setting CVar [[r.DOF.Scatter.BackgroundCompositing:2    ; additive background scattering]]
[2020.03.25-10.18.40:853][  0]LogConfig: Setting CVar [[r.DOF.Scatter.EnableBokehSettings:1      ; bokeh simulation when scattering]]
[2020.03.25-10.18.40:853][  0]LogConfig: Setting CVar [[r.DOF.Scatter.MaxSpriteRatio:0.1         ; only a maximum of 10% of scattered bokeh]]
[2020.03.25-10.18.40:853][  0]LogConfig: Setting CVar [[r.DOF.Recombine.Quality:1                ; cheap slight out of focus]]
[2020.03.25-10.18.40:853][  0]LogConfig: Setting CVar [[r.DOF.Recombine.EnableBokehSettings:0    ; no bokeh simulation on slight out of focus]]
[2020.03.25-10.18.40:853][  0]LogConfig: Setting CVar [[r.DOF.TemporalAAQuality:1                ; more stable temporal accumulation]]
[2020.03.25-10.18.40:853][  0]LogConfig: Setting CVar [[r.DOF.Kernel.MaxForegroundRadius:0.025]]
[2020.03.25-10.18.40:853][  0]LogConfig: Setting CVar [[r.DOF.Kernel.MaxBackgroundRadius:0.025]]
[2020.03.25-10.18.40:853][  0]LogConfig: Applying CVar settings from Section [TextureQuality@3] File [C:/Users/Markram/Desktop/Mis proyectos/LastShot/LastShot/Saved/Config/Windows/Scalability.ini]
[2020.03.25-10.18.40:853][  0]LogConfig: Setting CVar [[r.Streaming.MipBias:0]]
[2020.03.25-10.18.40:853][  0]LogConfig: Setting CVar [[r.Streaming.AmortizeCPUToGPUCopy:0]]
[2020.03.25-10.18.40:853][  0]LogConfig: Setting CVar [[r.Streaming.MaxNumTexturesToStreamPerFrame:0]]
[2020.03.25-10.18.40:853][  0]LogConfig: Setting CVar [[r.Streaming.Boost:1]]
[2020.03.25-10.18.40:853][  0]LogConfig: Setting CVar [[r.MaxAnisotropy:8]]
[2020.03.25-10.18.40:853][  0]LogConfig: Setting CVar [[r.VT.MaxAnisotropy:8]]
[2020.03.25-10.18.40:853][  0]LogConfig: Setting CVar [[r.Streaming.LimitPoolSizeToVRAM:0]]
[2020.03.25-10.18.40:853][  0]LogConfig: Setting CVar [[r.Streaming.PoolSize:1000]]
[2020.03.25-10.18.40:853][  0]LogConfig: Setting CVar [[r.Streaming.MaxEffectiveScreenSize:0]]
[2020.03.25-10.18.40:853][  0]LogConfig: Applying CVar settings from Section [EffectsQuality@3] File [C:/Users/Markram/Desktop/Mis proyectos/LastShot/LastShot/Saved/Config/Windows/Scalability.ini]
[2020.03.25-10.18.40:853][  0]LogConfig: Setting CVar [[r.TranslucencyLightingVolumeDim:64]]
[2020.03.25-10.18.40:853][  0]LogConfig: Setting CVar [[r.RefractionQuality:2]]
[2020.03.25-10.18.40:853][  0]LogConfig: Setting CVar [[r.SSR.Quality:3]]
[2020.03.25-10.18.40:853][  0]LogConfig: Setting CVar [[r.SSR.HalfResSceneColor:0]]
[2020.03.25-10.18.40:853][  0]LogConfig: Setting CVar [[r.SceneColorFormat:4]]
[2020.03.25-10.18.40:853][  0]LogConfig: Setting CVar [[r.DetailMode:2]]
[2020.03.25-10.18.40:853][  0]LogConfig: Setting CVar [[r.TranslucencyVolumeBlur:1]]
[2020.03.25-10.18.40:853][  0]LogConfig: Setting CVar [[r.MaterialQualityLevel:1 ; High quality]]
[2020.03.25-10.18.40:853][  0]LogConfig: Setting CVar [[r.SSS.Scale:1]]
[2020.03.25-10.18.40:853][  0]LogConfig: Setting CVar [[r.SSS.SampleSet:2]]
[2020.03.25-10.18.40:853][  0]LogConfig: Setting CVar [[r.SSS.Quality:1]]
[2020.03.25-10.18.40:853][  0]LogConfig: Setting CVar [[r.SSS.HalfRes:1]]
[2020.03.25-10.18.40:853][  0]LogConfig: Setting CVar [[r.SSGI.Quality:3]]
[2020.03.25-10.18.40:853][  0]LogConfig: Setting CVar [[r.EmitterSpawnRateScale:1.0]]
[2020.03.25-10.18.40:853][  0]LogConfig: Setting CVar [[r.ParticleLightQuality:2]]
[2020.03.25-10.18.40:853][  0]LogConfig: Setting CVar [[r.SkyAtmosphere.AerialPerspectiveLUT.FastApplyOnOpaque:1 ; Always have FastSkyLUT 1 in this case to avoid wrong sky]]
[2020.03.25-10.18.40:853][  0]LogConfig: Setting CVar [[r.SkyAtmosphere.AerialPerspectiveLUT.SampleCountPerSlice:1]]
[2020.03.25-10.18.40:853][  0]LogConfig: Setting CVar [[r.SkyAtmosphere.AerialPerspectiveLUT.DepthResolution:16.0]]
[2020.03.25-10.18.40:853][  0]LogConfig: Setting CVar [[r.SkyAtmosphere.FastSkyLUT:1]]
[2020.03.25-10.18.40:853][  0]LogConfig: Setting CVar [[r.SkyAtmosphere.FastSkyLUT.SampleCountMin:4.0]]
[2020.03.25-10.18.40:853][  0]LogConfig: Setting CVar [[r.SkyAtmosphere.FastSkyLUT.SampleCountMax:32.0]]
[2020.03.25-10.18.40:853][  0]LogConfig: Setting CVar [[r.SkyAtmosphere.SampleCountMin:4.0]]
[2020.03.25-10.18.40:853][  0]LogConfig: Setting CVar [[r.SkyAtmosphere.SampleCountMax:32.0]]
[2020.03.25-10.18.40:853][  0]LogConfig: Setting CVar [[r.SkyAtmosphere.TransmittanceLUT.UseSmallFormat:0]]
[2020.03.25-10.18.40:853][  0]LogConfig: Setting CVar [[r.SkyAtmosphere.TransmittanceLUT.SampleCount:10.0]]
[2020.03.25-10.18.40:853][  0]LogConfig: Setting CVar [[r.SkyAtmosphere.MultiScatteringLUT.SampleCount:15.0]]
[2020.03.25-10.18.40:854][  0]LogConfig: Applying CVar settings from Section [FoliageQuality@3] File [C:/Users/Markram/Desktop/Mis proyectos/LastShot/LastShot/Saved/Config/Windows/Scalability.ini]
[2020.03.25-10.18.40:854][  0]LogConfig: Setting CVar [[foliage.DensityScale:1.0]]
[2020.03.25-10.18.40:854][  0]LogConfig: Setting CVar [[grass.DensityScale:1.0]]
[2020.03.25-10.18.40:854][  0]LogConfig: Applying CVar settings from Section [ShadingQuality@3] File [C:/Users/Markram/Desktop/Mis proyectos/LastShot/LastShot/Saved/Config/Windows/Scalability.ini]
[2020.03.25-10.18.40:854][  0]LogConfig: Setting CVar [[r.HairStrands.SkyLighting.SampleCount:16]]
[2020.03.25-10.18.40:854][  0]LogConfig: Setting CVar [[r.HairStrands.SkyLighting.JitterIntegration:0]]
[2020.03.25-10.18.40:854][  0]LogConfig: Setting CVar [[r.HairStrands.SkyAO.SampleCount:16]]
[2020.03.25-10.18.40:854][  0]LogConfig: Applying CVar settings from Section [Startup] File [../../../Engine/Config/ConsoleVariables.ini]
[2020.03.25-10.18.40:854][  0]LogConfig: Setting CVar [[net.UseAdaptiveNetUpdateFrequency:0]]
[2020.03.25-10.18.40:854][  0]LogConfig: Setting CVar [[p.chaos.AllowCreatePhysxBodies:1]]
[2020.03.25-10.18.40:854][  0]LogConfig: Applying CVar settings from Section [ConsoleVariables] File [C:/Users/Markram/Desktop/Mis proyectos/LastShot/LastShot/Saved/Config/Windows/Engine.ini]
[2020.03.25-10.18.40:854][  0]LogInit: Computer: DESKTOP-SEHO9G5
[2020.03.25-10.18.40:854][  0]LogInit: User: Markram
[2020.03.25-10.18.40:854][  0]LogInit: CPU Page size=4096, Cores=4
[2020.03.25-10.18.40:854][  0]LogInit: High frequency timer resolution =10.000000 MHz
[2020.03.25-10.18.40:854][  0]LogMemory: Memory total: Physical=16.0GB (16GB approx)
[2020.03.25-10.18.40:854][  0]LogMemory: Platform Memory Stats for Windows
[2020.03.25-10.18.40:854][  0]LogMemory: Process Physical Memory: 107.87 MB used, 107.88 MB peak
[2020.03.25-10.18.40:854][  0]LogMemory: Process Virtual Memory: 99.98 MB used, 99.98 MB peak
[2020.03.25-10.18.40:854][  0]LogMemory: Physical Memory: 7667.68 MB used,  8668.19 MB free, 16335.87 MB total
[2020.03.25-10.18.40:854][  0]LogMemory: Virtual Memory: 5087.39 MB used,  134212640.00 MB free, 134217728.00 MB total
[2020.03.25-10.18.40:858][  0]LogWindows: WindowsPlatformFeatures enabled
[2020.03.25-10.18.40:883][  0]LogInit: Using OS detected language (en-GB).
[2020.03.25-10.18.40:883][  0]LogInit: Using OS detected locale (en-GB).
[2020.03.25-10.18.40:885][  0]LogTextLocalizationManager: No specific localization for 'en-GB' exists, so the 'en' localization will be used.
[2020.03.25-10.18.41:037][  0]LogInit: Setting process to per monitor DPI aware
[2020.03.25-10.18.41:087][  0]LogSlate: New Slate User Created.  User Index 0, Is Virtual User: 0
[2020.03.25-10.18.41:087][  0]LogSlate: Slate User Registered.  User Index 0, Is Virtual User: 0
[2020.03.25-10.18.41:463][  0]LogHMD: Failed to initialize OpenVR with code 102
[2020.03.25-10.18.41:463][  0]LogD3D11RHI: D3D11 min allowed feature level: 11_0
[2020.03.25-10.18.41:463][  0]LogD3D11RHI: D3D11 max allowed feature level: 11_0
[2020.03.25-10.18.41:463][  0]LogD3D11RHI: D3D11 adapters:
[2020.03.25-10.18.41:545][  0]LogD3D11RHI:    0. 'NVIDIA GeForce GTX 970' (Feature Level 11_0)
[2020.03.25-10.18.41:545][  0]LogD3D11RHI:       4043/0/8167 MB DedicatedVideo/DedicatedSystem/SharedSystem, Outputs:2, VendorId:0x10de
[2020.03.25-10.18.41:548][  0]LogD3D11RHI:    1. 'Microsoft Basic Render Driver' (Feature Level 11_0)
[2020.03.25-10.18.41:548][  0]LogD3D11RHI:       0/0/8167 MB DedicatedVideo/DedicatedSystem/SharedSystem, Outputs:0, VendorId:0x1414
[2020.03.25-10.18.41:548][  0]LogD3D11RHI: Chosen D3D11 Adapter: 0
[2020.03.25-10.18.41:555][  0]LogD3D11RHI: Creating new Direct3DDevice
[2020.03.25-10.18.41:556][  0]LogD3D11RHI:     GPU DeviceId: 0x13c2 (for the marketing name, search the web for "GPU Device Id")
[2020.03.25-10.18.41:556][  0]LogWindows: EnumDisplayDevices:
[2020.03.25-10.18.41:556][  0]LogWindows:    0. 'NVIDIA GeForce GTX 970' (P:0 D:1)
[2020.03.25-10.18.41:557][  0]LogWindows:    1. 'NVIDIA GeForce GTX 970' (P:1 D:1)
[2020.03.25-10.18.41:557][  0]LogWindows:    2. 'NVIDIA GeForce GTX 970' (P:0 D:0)
[2020.03.25-10.18.41:558][  0]LogWindows:    3. 'NVIDIA GeForce GTX 970' (P:0 D:0)
[2020.03.25-10.18.41:558][  0]LogWindows: DebugString: FoundDriverCount:4 
[2020.03.25-10.18.41:558][  0]LogD3D11RHI:     Adapter Name: NVIDIA GeForce GTX 970
[2020.03.25-10.18.41:558][  0]LogD3D11RHI:   Driver Version: 442.50 (internal:26.21.14.4250, unified:442.50)
[2020.03.25-10.18.41:558][  0]LogD3D11RHI:      Driver Date: 2-24-2020
[2020.03.25-10.18.41:558][  0]LogRHI: Texture pool is 2830 MB (70% of 4043 MB)
[2020.03.25-10.18.41:605][  0]LogD3D11RHI: RHI has support for 64 bit atomics
[2020.03.25-10.18.41:605][  0]LogD3D11RHI: Async texture creation enabled
[2020.03.25-10.18.41:665][  0]LogD3D11RHI: GPU Timing Frequency: 1000.000000 (Debug: 2 1)
[2020.03.25-10.18.42:019][  0]LogTargetPlatformManager: Display: Loaded TargetPlatform 'AllDesktop'
[2020.03.25-10.18.42:050][  0]LogTargetPlatformManager: Display: Loaded TargetPlatform 'Android'
[2020.03.25-10.18.42:050][  0]LogTargetPlatformManager: Display: Loaded TargetPlatform 'Android_ASTC'
[2020.03.25-10.18.42:050][  0]LogTargetPlatformManager: Display: Loaded TargetPlatform 'Android_ATC'
[2020.03.25-10.18.42:050][  0]LogTargetPlatformManager: Display: Loaded TargetPlatform 'Android_DXT'
[2020.03.25-10.18.42:050][  0]LogTargetPlatformManager: Display: Loaded TargetPlatform 'Android_ETC1'
[2020.03.25-10.18.42:050][  0]LogTargetPlatformManager: Display: Loaded TargetPlatform 'Android_ETC1a'
[2020.03.25-10.18.42:050][  0]LogTargetPlatformManager: Display: Loaded TargetPlatform 'Android_ETC2'
[2020.03.25-10.18.42:050][  0]LogTargetPlatformManager: Display: Loaded TargetPlatform 'Android_PVRTC'
[2020.03.25-10.18.42:050][  0]LogTargetPlatformManager: Display: Loaded TargetPlatform 'AndroidClient'
[2020.03.25-10.18.42:050][  0]LogTargetPlatformManager: Display: Loaded TargetPlatform 'Android_ASTCClient'
[2020.03.25-10.18.42:050][  0]LogTargetPlatformManager: Display: Loaded TargetPlatform 'Android_ATCClient'
[2020.03.25-10.18.42:050][  0]LogTargetPlatformManager: Display: Loaded TargetPlatform 'Android_DXTClient'
[2020.03.25-10.18.42:050][  0]LogTargetPlatformManager: Display: Loaded TargetPlatform 'Android_ETC1Client'
[2020.03.25-10.18.42:050][  0]LogTargetPlatformManager: Display: Loaded TargetPlatform 'Android_ETC1aClient'
[2020.03.25-10.18.42:050][  0]LogTargetPlatformManager: Display: Loaded TargetPlatform 'Android_ETC2Client'
[2020.03.25-10.18.42:050][  0]LogTargetPlatformManager: Display: Loaded TargetPlatform 'Android_PVRTCClient'
[2020.03.25-10.18.42:050][  0]LogTargetPlatformManager: Display: Loaded TargetPlatform 'Android_Multi'
[2020.03.25-10.18.42:050][  0]LogTargetPlatformManager: Display: Loaded TargetPlatform 'Android_MultiClient'
[2020.03.25-10.18.42:071][  0]LogTargetPlatformManager: Display: Loaded TargetPlatform 'IOSClient'
[2020.03.25-10.18.42:071][  0]LogTargetPlatformManager: Display: Loaded TargetPlatform 'IOS'
[2020.03.25-10.18.42:080][  0]LogTargetPlatformManager: Display: Loaded TargetPlatform 'LinuxNoEditor'
[2020.03.25-10.18.42:088][  0]LogTargetPlatformManager: Display: Loaded TargetPlatform 'LinuxClient'
[2020.03.25-10.18.42:096][  0]LogTargetPlatformManager: Display: Loaded TargetPlatform 'LinuxServer'
[2020.03.25-10.18.42:104][  0]LogTargetPlatformManager: Display: Loaded TargetPlatform 'LinuxAArch64NoEditor'
[2020.03.25-10.18.42:113][  0]LogTargetPlatformManager: Display: Loaded TargetPlatform 'LinuxAArch64Client'
[2020.03.25-10.18.42:121][  0]LogTargetPlatformManager: Display: Loaded TargetPlatform 'LinuxAArch64Server'
[2020.03.25-10.18.42:150][  0]LogTargetPlatformManager: Display: Loaded TargetPlatform 'Lumin'
[2020.03.25-10.18.42:150][  0]LogTargetPlatformManager: Display: Loaded TargetPlatform 'LuminClient'
[2020.03.25-10.18.42:168][  0]LogTargetPlatformManager: Display: Loaded TargetPlatform 'TVOSClient'
[2020.03.25-10.18.42:168][  0]LogTargetPlatformManager: Display: Loaded TargetPlatform 'TVOS'
[2020.03.25-10.18.42:176][  0]LogTargetPlatformManager: Display: Loaded TargetPlatform 'WindowsNoEditor'
[2020.03.25-10.18.42:185][  0]LogTargetPlatformManager: Display: Loaded TargetPlatform 'Windows'
[2020.03.25-10.18.42:194][  0]LogTargetPlatformManager: Display: Loaded TargetPlatform 'WindowsClient'
[2020.03.25-10.18.42:203][  0]LogTargetPlatformManager: Display: Loaded TargetPlatform 'WindowsServer'
[2020.03.25-10.18.42:203][  0]LogTargetPlatformManager: Display: Building Assets For Windows
[2020.03.25-10.18.42:208][  0]LogAudioDebug: Display: Lib vorbis DLL was dynamically loaded.
[2020.03.25-10.18.42:242][  0]LogShaderCompilers: Guid format shader working directory is -23 characters bigger than the processId version (../../../../../../Users/Markram/Desktop/Mis proyectos/LastShot/LastShot/Intermediate/Shaders/WorkingDirectory/7972/).
[2020.03.25-10.18.42:243][  0]LogShaderCompilers: Cleaned the shader compiler working directory 'C:/Users/Markram/AppData/Local/Temp/UnrealShaderWorkingDir/AEF1930E472D13D9E03C01BAA02E4B06/'.
[2020.03.25-10.18.42:243][  0]LogXGEController: Cannot use XGE Controller as Incredibuild is not installed on this machine.
[2020.03.25-10.18.42:243][  0]LogShaderCompilers: Cannot use XGE Shader Compiler as Incredibuild is not installed on this machine.
[2020.03.25-10.18.42:243][  0]LogShaderCompilers: Display: Using Local Shader Compiler.
[2020.03.25-10.18.43:010][  0]LogDerivedDataCache: Display: Max Cache Size: 512 MB
[2020.03.25-10.18.43:061][  0]LogDerivedDataCache: Loaded boot cache 0.05s 78MB C:/Users/Markram/AppData/Local/UnrealEngine/4.24/DerivedDataCache/Boot.ddc.
[2020.03.25-10.18.43:061][  0]LogDerivedDataCache: Display: Loaded Boot cache: C:/Users/Markram/AppData/Local/UnrealEngine/4.24/DerivedDataCache/Boot.ddc
[2020.03.25-10.18.43:061][  0]LogDerivedDataCache: FDerivedDataBackendGraph:  Pak pak cache file ../../../../../../Users/Markram/Desktop/Mis proyectos/LastShot/LastShot/DerivedDataCache/DDC.ddp not found, will not use a pak cache.
[2020.03.25-10.18.43:061][  0]LogDerivedDataCache: Unable to find inner node Pak for hierarchical cache Hierarchy.
[2020.03.25-10.18.43:061][  0]LogDerivedDataCache: FDerivedDataBackendGraph:  CompressedPak pak cache file ../../../../../../Users/Markram/Desktop/Mis proyectos/LastShot/LastShot/DerivedDataCache/Compressed.ddp not found, will not use a pak cache.
[2020.03.25-10.18.43:061][  0]LogDerivedDataCache: Unable to find inner node CompressedPak for hierarchical cache Hierarchy.
[2020.03.25-10.18.43:073][  0]LogDerivedDataCache: Display: Pak cache opened for reading ../../../Engine/DerivedDataCache/Compressed.ddp.
[2020.03.25-10.18.43:073][  0]LogDerivedDataCache: FDerivedDataBackendGraph:  EnterprisePak pak cache file ../../../Enterprise/DerivedDataCache/Compressed.ddp not found, will not use a pak cache.
[2020.03.25-10.18.43:073][  0]LogDerivedDataCache: Unable to find inner node EnterprisePak for hierarchical cache Hierarchy.
[2020.03.25-10.18.43:074][  0]LogDerivedDataCache: Using Local data cache path C:/Users/Markram/AppData/Local/UnrealEngine/Common/DerivedDataCache: Writable
[2020.03.25-10.18.43:074][  0]LogDerivedDataCache: Shared data cache path not found in *engine.ini, will not use an Shared cache.
[2020.03.25-10.18.43:074][  0]LogDerivedDataCache: Unable to find inner node Shared for hierarchical cache Hierarchy.
[2020.03.25-10.18.43:099][  0]LogMaterial: Verifying Global Shaders for PCD3D_SM5
[2020.03.25-10.18.43:102][  0]LogSlate: Using FreeType 2.10.0
[2020.03.25-10.18.43:103][  0]LogSlate: SlateFontServices - WITH_FREETYPE: 1, WITH_HARFBUZZ: 1
[2020.03.25-10.18.43:172][  0]LogAssetRegistry: FAssetRegistry took 0.0025 seconds to start up
[2020.03.25-10.18.43:455][  0]LogInit: Selected Device Profile: [Windows]
[2020.03.25-10.18.43:617][  0]LogMeshReduction: Using QuadricMeshReduction for automatic static mesh reduction
[2020.03.25-10.18.43:617][  0]LogMeshReduction: Using SimplygonMeshReduction for automatic skeletal mesh reduction
[2020.03.25-10.18.43:617][  0]LogMeshReduction: Using ProxyLODMeshReduction for automatic mesh merging
[2020.03.25-10.18.43:617][  0]LogMeshReduction: No distributed automatic mesh merging module available
[2020.03.25-10.18.43:617][  0]LogMeshMerging: No distributed automatic mesh merging module available
[2020.03.25-10.18.43:633][  0]LogNetVersion: LastShot 1.0.0, NetCL: 10570792, EngineNetVer: 13, GameNetVer: 0 (Checksum: 1340524395)
[2020.03.25-10.18.45:076][  0]LogPackageLocalizationCache: Processed 10 localized package path(s) for 1 prioritized culture(s) in 0.220916 seconds
[2020.03.25-10.18.45:083][  0]LogUObjectArray: 46750 objects as part of root set at end of initial load.
[2020.03.25-10.18.45:083][  0]LogUObjectAllocator: 8137160 out of 0 bytes used by permanent object pool.
[2020.03.25-10.18.45:083][  0]LogUObjectArray: CloseDisregardForGC: 0/0 objects in disregard for GC pool
[2020.03.25-10.18.45:503][  0]LogTcpMessaging: Initializing TcpMessaging bridge
[2020.03.25-10.18.45:506][  0]LogUdpMessaging: Initializing bridge on interface 0.0.0.0:0 to multicast group 230.0.0.1:6666.
[2020.03.25-10.18.45:560][  0]SourceControl: Source control is disabled
[2020.03.25-10.18.45:560][  0]SourceControl: Source control is disabled
[2020.03.25-10.18.45:562][  0]SourceControl: Source control is disabled
[2020.03.25-10.18.45:563][  0]SourceControl: Source control is disabled
[2020.03.25-10.18.45:564][  0]SourceControl: Source control is disabled
[2020.03.25-10.18.45:707][  0]LogAndroidPermission: UAndroidPermissionCallbackProxy::GetInstance
[2020.03.25-10.18.45:718][  0]LogAudioCaptureCore: Display: No Audio Capture implementations found. Audio input will be silent.
[2020.03.25-10.18.45:719][  0]LogAudioCaptureCore: Display: No Audio Capture implementations found. Audio input will be silent.
[2020.03.25-10.18.45:810][  0]LogOcInput: OculusInput pre-init called
[2020.03.25-10.18.45:820][  0]LogWindows: Failed to load 'OVRPlugin.dll' (GetLastError=126)
[2020.03.25-10.18.45:821][  0]LogWindows: File 'OVRPlugin.dll' does not exist
[2020.03.25-10.18.45:888][  0]LogEngine: Initializing Engine...
[2020.03.25-10.18.45:890][  0]LogHMD: Failed to initialize OpenVR with code 102
[2020.03.25-10.18.45:891][  0]LogStats: UGameplayTagsManager::InitializeManager -  0.000 s
[2020.03.25-10.18.46:228][  0]LogInit: Initializing FReadOnlyCVARCache
[2020.03.25-10.18.46:234][  0]LogAIModule: Creating AISystem for world Untitled
[2020.03.25-10.18.46:249][  0]LogAudioMixer: Display: Audio Mixer Platform Settings:
[2020.03.25-10.18.46:249][  0]LogAudioMixer: Display: 	Sample Rate:						  48000
[2020.03.25-10.18.46:249][  0]LogAudioMixer: Display: 	Callback Buffer Frame Size Requested: 1024
[2020.03.25-10.18.46:249][  0]LogAudioMixer: Display: 	Callback Buffer Frame Size To Use:	  1024
[2020.03.25-10.18.46:249][  0]LogAudioMixer: Display: 	Number of buffers to queue:			  2
[2020.03.25-10.18.46:249][  0]LogAudioMixer: Display: 	Max Channels (voices):				  32
[2020.03.25-10.18.46:249][  0]LogAudioMixer: Display: 	Number of Async Source Workers:		  0
[2020.03.25-10.18.46:249][  0]LogAudio: Display: AudioDevice MaxSources: 32
[2020.03.25-10.18.46:249][  0]LogAudio: Display: Using built-in audio occlusion.
[2020.03.25-10.18.46:249][  0]LogAudioMixer: Display: Initializing audio mixer.
[2020.03.25-10.18.46:308][  0]LogAudioMixer: Display: Audio Device Output Speaker Info:
[2020.03.25-10.18.46:308][  0]LogAudioMixer: Display: Name: Altavoces (SteelSeries Siberia 350)
[2020.03.25-10.18.46:308][  0]LogAudioMixer: Display: Is Default: Yes
[2020.03.25-10.18.46:308][  0]LogAudioMixer: Display: Sample Rate: 48000
[2020.03.25-10.18.46:309][  0]LogAudioMixer: Display: Channel Count Used: 2
[2020.03.25-10.18.46:309][  0]LogAudioMixer: Display: Device Channel Count: 2
[2020.03.25-10.18.46:309][  0]LogAudioMixer: Display: Channel Order:
[2020.03.25-10.18.46:309][  0]LogAudioMixer: Display: 0: FrontLeft
[2020.03.25-10.18.46:309][  0]LogAudioMixer: Display: 1: FrontRight
[2020.03.25-10.18.46:343][  0]LogAudioMixer: Display: Using Audio Device Altavoces (SteelSeries Siberia 350)
[2020.03.25-10.18.46:347][  0]LogInit: FAudioDevice initialized.
[2020.03.25-10.18.46:347][  0]LogNetVersion: Set ProjectVersion to 1.0.0.0. Version Checksum will be recalculated on next use.
[2020.03.25-10.18.46:681][  0]LogDerivedDataCache: Saved boot cache 0.33s 78MB C:/Users/Markram/AppData/Local/UnrealEngine/4.24/DerivedDataCache/Boot.ddc.
[2020.03.25-10.18.46:682][  0]LogInit: Texture streaming: Enabled
[2020.03.25-10.18.46:697][  0]LogEngineSessionManager: EngineSessionManager initialized
[2020.03.25-10.18.46:698][  0]LogEditorSessionSummary: Verbose: Initializing EditorSessionSummaryWriter for editor session tracking
[2020.03.25-10.18.46:715][  0]LogEditorSessionSummary: EditorSessionSummaryWriter initialized
[2020.03.25-10.18.46:775][  0]LogInit: Transaction tracking system initialized
[2020.03.25-10.18.46:787][  0]BlueprintLog: New page: Editor Load
[2020.03.25-10.18.46:823][  0]LocalizationService: Localization service is disabled
[2020.03.25-10.18.47:228][  0]LogFileCache: Scanning file cache for directory 'C:/Users/Markram/Desktop/Mis proyectos/LastShot/LastShot/Content/' took 0.01s
[2020.03.25-10.18.47:228][  0]LogCook: Display: Max memory allowance for cook 16384mb min free memory 0mb
[2020.03.25-10.18.47:228][  0]LogCook: Display: Mobile HDR setting 1
[2020.03.25-10.18.48:110][  0]SourceControl: Source control is disabled
[2020.03.25-10.18.48:110][  0]Cmd: MAP LOAD FILE="../../../../../../Users/Markram/Desktop/Mis proyectos/LastShot/LastShot/Content/FirstPersonBP/Maps/FirstPersonExampleMap.umap" TEMPLATE=0 SHOWPROGRESS=1 FEATURELEVEL=3
[2020.03.25-10.18.48:110][  0]LightingResults: New page: Lighting Build
[2020.03.25-10.18.48:111][  0]LogWorld: UWorld::CleanupWorld for Untitled, bSessionEnded=true, bCleanupResources=true
[2020.03.25-10.18.48:111][  0]LogSlate: InvalidateAllWidgets triggered.  All widgets were invalidated
[2020.03.25-10.18.48:111][  0]MapCheck: New page: Map Check
[2020.03.25-10.18.48:111][  0]LightingResults: New page: Lighting Build
[2020.03.25-10.18.48:134][  0]LogUObjectHash: Compacting FUObjectHashTables data took   1.63ms
[2020.03.25-10.18.58:332][  0]LogAIModule: Creating AISystem for world FirstPersonExampleMap
[2020.03.25-10.18.58:793][  0]LogEditorServer: Finished looking for orphan Actors (0.000 secs)
[2020.03.25-10.18.58:820][  0]LogUObjectHash: Compacting FUObjectHashTables data took   2.39ms
[2020.03.25-10.18.58:820][  0]Cmd: MAP CHECKDEP NOCLEARLOG
[2020.03.25-10.18.58:820][  0]MapCheck: Map check complete: 0 Error(s), 0 Warning(s), took 0.179ms to complete.
[2020.03.25-10.18.58:820][  0]LogFileHelpers: Loading map 'FirstPersonExampleMap' took 10.711
[2020.03.25-10.18.59:591][  0]LogSlate: Updating window title bar state: overlay mode, drag disabled, window buttons hidden, title bar hidden
[2020.03.25-10.18.59:620][  0]LogSlate: Updating window title bar state: overlay mode, drag disabled, window buttons hidden, title bar hidden
[2020.03.25-10.18.59:626][  0]LogSlate: Updating window title bar state: overlay mode, drag disabled, window buttons hidden, title bar hidden
[2020.03.25-10.18.59:633][  0]LogSlate: Updating window title bar state: overlay mode, drag disabled, window buttons hidden, title bar hidden
[2020.03.25-10.18.59:941][  0]LogCollectionManager: Loaded 0 collections in 0.005006 seconds
[2020.03.25-10.19.00:129][  0]LogFileCache: Scanning file cache for directory 'C:/Users/Markram/Desktop/Mis proyectos/LastShot/LastShot/Saved/Collections/' took 0.00s
[2020.03.25-10.19.00:129][  0]LogFileCache: Scanning file cache for directory 'C:/Users/Markram/Desktop/Mis proyectos/LastShot/LastShot/Content/Developers/Markram/Collections/' took 0.00s
[2020.03.25-10.19.00:129][  0]LogFileCache: Scanning file cache for directory 'C:/Users/Markram/Desktop/Mis proyectos/LastShot/LastShot/Content/Collections/' took 0.00s
[2020.03.25-10.19.00:129][  0]LogContentBrowser: Native class hierarchy populated in 0.0077 seconds. Added 3015 classes and 717 folders.
[2020.03.25-10.19.00:274][  0]LogContentBrowser: Native class hierarchy updated for 'WidgetCarousel' in 0.0003 seconds. Added 0 classes and 0 folders.
[2020.03.25-10.19.02:674][  0]LogContentBrowser: Native class hierarchy updated for 'AddContentDialog' in 0.0003 seconds. Added 0 classes and 0 folders.
[2020.03.25-10.19.02:855][  0]LogContentBrowser: Native class hierarchy updated for 'SceneOutliner' in 0.0003 seconds. Added 2 classes and 3 folders.
[2020.03.25-10.19.03:552][  0]LogSlate: Took 0.000275 seconds to synchronously load lazily loaded font '../../../Engine/Content/Slate/Fonts/Roboto-Regular.ttf' (155K)
[2020.03.25-10.19.03:554][  0]LogSlate: Took 0.000246 seconds to synchronously load lazily loaded font '../../../Engine/Content/Slate/Fonts/Roboto-Bold.ttf' (160K)
[2020.03.25-10.19.03:642][  0]LogSlate: Took 0.027048 seconds to synchronously load lazily loaded font '../../../Engine/Content/Editor/Slate/Fonts/FontAwesome.ttf' (139K)
[2020.03.25-10.19.04:165][  0]LogRenderer: Reallocating scene render targets to support 1208x572 Format 10 NumSamples 1 (Frame:1).
[2020.03.25-10.19.04:620][  0]LogContentBrowser: Native class hierarchy updated for 'HierarchicalLODOutliner' in 0.0003 seconds. Added 0 classes and 0 folders.
[2020.03.25-10.19.04:620][  0]LogLoad: (Engine Initialization) Total time: 27.87 seconds
[2020.03.25-10.19.04:620][  0]LogLoad: (Engine Initialization) Total Blueprint compile time: 0.00 seconds
[2020.03.25-10.19.04:693][  0]LogContentStreaming: Texture pool size now 1000 MB
[2020.03.25-10.19.04:857][  0]LogSlate: Took 0.014665 seconds to synchronously load lazily loaded font '../../../Engine/Content/Slate/Fonts/Roboto-Light.ttf' (167K)
[2020.03.25-10.19.05:436][  6]LogAssetRegistry: Asset discovery search completed in 22.2646 seconds
[2020.03.25-10.19.05:440][  6]LogCollectionManager: Fixed up redirectors for 0 collections in 0.000008 seconds (updated 0 objects)
[2020.03.25-10.22.59:273][730]LogEditorViewport: Clicking on Actor (LMB): TextRenderActor (TemplateLabel)
[2020.03.25-10.23.00:164][731]LogEditorViewport: Clicking on Actor (LMB): TextRenderActor (TemplateLabel)
[2020.03.25-10.23.02:734][987]LogEditorViewport: Clicking on Actor (LMB): StaticMeshActor (Floor)
[2020.03.25-10.23.24:726][487]LogEditorViewport: Clicking on Actor (context menu): StaticMeshActor (Wall1)
[2020.03.25-10.23.25:793][590]LogEditorViewport: Clicking on Actor (LMB): StaticMeshActor (Wall1)
[2020.03.25-10.23.26:904][717]LogEditorViewport: Clicking on Actor (context menu): StaticMeshActor (Wall1)
[2020.03.25-10.23.51:673][662]LogEditorViewport: Clicking on Actor (context menu): PostProcessVolume (PostProcessVolume)
[2020.03.25-10.23.53:407][829]LogEditorViewport: Clicking on Actor (context menu): BP_Sky_Sphere_C (SkySphereBlueprint)
[2020.03.25-10.23.54:310][931]LogEditorViewport: Clicking on Actor (LMB): StaticMeshActor (Wall3)
[2020.03.25-10.23.55:435][ 52]LogEditorViewport: Clicking on Actor (context menu): StaticMeshActor (Wall3)
[2020.03.25-10.23.56:097][129]LogEditorViewport: Clicking on Actor (LMB): StaticMeshActor (Wall3)
[2020.03.25-10.23.59:623][545]LogEditorViewport: Clicking on Actor (context menu): BP_Sky_Sphere_C (SkySphereBlueprint)
[2020.03.25-10.24.05:879][282]LogEditorViewport: Clicking on Actor (context menu): StaticMeshActor (Wall2)
[2020.03.25-10.24.06:603][350]LogEditorViewport: Clicking on Actor (LMB): BP_Sky_Sphere_C (SkySphereBlueprint)
[2020.03.25-10.24.07:659][455]LogEditorViewport: Clicking on Actor (LMB): StaticMeshActor (Wall3)
[2020.03.25-10.24.09:870][714]LogEditorViewport: Clicking on Actor (LMB): StaticMeshActor (Floor)
[2020.03.25-10.24.18:676][764]LogEditorViewport: Clicking on Actor (context menu): StaticMeshActor (Floor)
[2020.03.25-10.24.19:504][861]LogEditorViewport: Clicking on Actor (context menu): BP_Sky_Sphere_C (SkySphereBlueprint)
[2020.03.25-10.24.21:511][ 94]LogEditorViewport: Clicking on Actor (context menu): StaticMeshActor (Floor)
[2020.03.25-10.24.22:254][172]LogEditorViewport: Clicking on Actor (LMB): BP_Sky_Sphere_C (SkySphereBlueprint)
[2020.03.25-10.24.27:451][755]LogEditorViewport: Clicking on Actor (context menu): StaticMeshActor (Wall2)
[2020.03.25-10.24.28:887][918]LogEditorViewport: Clicking on Actor (LMB): BP_Sky_Sphere_C (SkySphereBlueprint)
[2020.03.25-10.24.32:802][375]LogEditorViewport: Clicking on Actor (context menu): BP_Sky_Sphere_C (SkySphereBlueprint)
[2020.03.25-10.24.33:613][470]LogEditorViewport: Clicking on Actor (context menu): BP_Sky_Sphere_C (SkySphereBlueprint)
[2020.03.25-10.24.35:068][640]LogEditorViewport: Clicking on Actor (context menu): BP_Sky_Sphere_C (SkySphereBlueprint)
[2020.03.25-10.24.35:797][725]LogEditorViewport: Clicking on Actor (LMB): BP_Sky_Sphere_C (SkySphereBlueprint)
[2020.03.25-10.24.55:643][ 57]LogEditorViewport: Clicking on Actor (LMB): StaticMeshActor (Floor)
[2020.03.25-10.25.04:119][ 67]Cmd: TRANSACTION UNDO
[2020.03.25-10.25.04:119][ 67]LogEditorTransaction: Undo Scale Actors
[2020.03.25-10.25.04:152][ 67]LogSlate: Took 0.000305 seconds to synchronously load lazily loaded font '../../../Engine/Content/Slate/Fonts/Roboto-Light.ttf' (167K)
[2020.03.25-10.25.13:522][140]LogSlate: Took 0.016510 seconds to synchronously load lazily loaded font '../../../Engine/Content/Slate/Fonts/Roboto-Italic.ttf' (157K)
[2020.03.25-10.25.29:541][762]LogEditorViewport: Clicking on Actor (LMB): StaticMeshActor (Wall3)
[2020.03.25-10.25.43:616][440]LogEditorViewport: Clicking on Actor (context menu): BP_Sky_Sphere_C (SkySphereBlueprint)
[2020.03.25-10.25.44:183][502]LogEditorViewport: Clicking on Actor (LMB): BP_Sky_Sphere_C (SkySphereBlueprint)
[2020.03.25-10.25.44:513][531]LogEditorViewport: Clicking on Actor (LMB): StaticMeshActor (Wall3)
[2020.03.25-10.25.47:657][888]LogEditorViewport: Clicking on Actor (context menu): BP_Sky_Sphere_C (SkySphereBlueprint)
[2020.03.25-10.25.48:556][990]LogEditorViewport: Clicking on Actor (LMB): StaticMeshActor (Wall3)
[2020.03.25-10.25.51:664][344]LogEditorViewport: Clicking on Actor (LMB): StaticMeshActor (Wall3)
[2020.03.25-10.25.59:547][122]LogEditorViewport: Clicking on Actor (LMB): BP_Sky_Sphere_C (SkySphereBlueprint)
[2020.03.25-10.26.03:186][553]LogEditorViewport: Clicking on Actor (context menu): StaticMeshActor (Floor)
[2020.03.25-10.26.04:476][695]LogEditorViewport: Clicking on Actor (LMB): StaticMeshActor (Wall2)
[2020.03.25-10.26.16:094][954]LogEditorViewport: Clicking on Actor (LMB): BP_Sky_Sphere_C (SkySphereBlueprint)
[2020.03.25-10.26.20:098][429]LogEditorViewport: Clicking on Actor (context menu): StaticMeshActor (Wall2)
[2020.03.25-10.26.21:091][541]LogEditorViewport: Clicking on Actor (LMB): StaticMeshActor (Wall4)
[2020.03.25-10.26.32:803][811]LogEditorViewport: Clicking on Actor (LMB): BP_Sky_Sphere_C (SkySphereBlueprint)
[2020.03.25-10.26.41:015][787]LogEditorViewport: Clicking on Actor (context menu): StaticMeshActor (Wall1)
[2020.03.25-10.26.41:791][873]LogEditorViewport: Clicking on Actor (LMB): StaticMeshActor (Wall1)
[2020.03.25-10.26.49:280][757]LogEditorViewport: Clicking on Actor (context menu): BP_Sky_Sphere_C (SkySphereBlueprint)
[2020.03.25-10.26.49:912][827]LogEditorViewport: Clicking on Actor (LMB): BP_Sky_Sphere_C (SkySphereBlueprint)
[2020.03.25-10.26.50:812][915]LogEditorViewport: Clicking on Actor (LMB): StaticMeshActor (Wall1)
[2020.03.25-10.26.53:603][245]LogEditorViewport: Clicking on Actor (CTRL LMB): BP_Sky_Sphere_C (SkySphereBlueprint)
[2020.03.25-10.26.54:441][342]LogEditorViewport: Clicking on Actor (LMB): BP_Sky_Sphere_C (SkySphereBlueprint)
[2020.03.25-10.26.55:173][427]LogEditorViewport: Clicking on Actor (LMB): StaticMeshActor (Wall1)
[2020.03.25-10.27.02:057][102]LogEditorViewport: Clicking on Actor (LMB): BP_Sky_Sphere_C (SkySphereBlueprint)
[2020.03.25-10.27.07:166][687]LogTemp: Repeating last play command: Selected Viewport
[2020.03.25-10.27.07:195][687]LogBlueprintUserMessages: Early PlayInEditor Detection: Level '/Game/FirstPersonBP/Maps/FirstPersonExampleMap.FirstPersonExampleMap:PersistentLevel' has LevelScriptBlueprint '/Game/FirstPersonBP/Maps/FirstPersonExampleMap.FirstPersonExampleMap:PersistentLevel.FirstPersonExampleMap' with GeneratedClass '/Game/FirstPersonBP/Maps/FirstPersonExampleMap.FirstPersonExampleMap_C' with ClassGeneratedBy '/Game/FirstPersonBP/Maps/FirstPersonExampleMap.FirstPersonExampleMap:PersistentLevel.FirstPersonExampleMap'
[2020.03.25-10.27.07:195][687]LogPlayLevel: PlayLevel: No blueprints needed recompiling
[2020.03.25-10.27.07:252][687]PIE: New page: PIE session: FirstPersonExampleMap (25 Mar 2020, 12:27:07)
[2020.03.25-10.27.07:278][687]LogOnline: OSS: Creating online subsystem instance for: NULL
[2020.03.25-10.27.07:320][687]LogOnline: OSS: TryLoadSubsystemAndSetDefault: Loaded subsystem for module [NULL]
[2020.03.25-10.27.07:320][687]LogPlayLevel: Creating play world package: /Game/FirstPersonBP/Maps/UEDPIE_0_FirstPersonExampleMap
[2020.03.25-10.27.07:358][687]LogPlayLevel: PIE: StaticDuplicateObject took: (0.037499s)
[2020.03.25-10.27.07:359][687]LogAIModule: Creating AISystem for world FirstPersonExampleMap
[2020.03.25-10.27.07:359][687]LogPlayLevel: PIE: World Init took: (0.001288s)
[2020.03.25-10.27.07:359][687]LogPlayLevel: PIE: Created PIE world by copying editor world from /Game/FirstPersonBP/Maps/FirstPersonExampleMap.FirstPersonExampleMap to /Game/FirstPersonBP/Maps/UEDPIE_0_FirstPersonExampleMap.FirstPersonExampleMap (0.039152s)
[2020.03.25-10.27.07:451][687]LogUObjectHash: Compacting FUObjectHashTables data took   1.82ms
[2020.03.25-10.27.07:453][687]LogAudioMixer: Display: Audio Mixer Platform Settings:
[2020.03.25-10.27.07:453][687]LogAudioMixer: Display: 	Sample Rate:						  48000
[2020.03.25-10.27.07:453][687]LogAudioMixer: Display: 	Callback Buffer Frame Size Requested: 1024
[2020.03.25-10.27.07:453][687]LogAudioMixer: Display: 	Callback Buffer Frame Size To Use:	  1024
[2020.03.25-10.27.07:453][687]LogAudioMixer: Display: 	Number of buffers to queue:			  2
[2020.03.25-10.27.07:453][687]LogAudioMixer: Display: 	Max Channels (voices):				  32
[2020.03.25-10.27.07:453][687]LogAudioMixer: Display: 	Number of Async Source Workers:		  0
[2020.03.25-10.27.07:453][687]LogAudio: Display: AudioDevice MaxSources: 32
[2020.03.25-10.27.07:453][687]LogAudio: Display: Using built-in audio occlusion.
[2020.03.25-10.27.07:453][687]LogAudioMixer: Display: Initializing audio mixer.
[2020.03.25-10.27.07:493][687]LogAudioMixer: Display: Audio Device Output Speaker Info:
[2020.03.25-10.27.07:493][687]LogAudioMixer: Display: Name: Altavoces (SteelSeries Siberia 350)
[2020.03.25-10.27.07:493][687]LogAudioMixer: Display: Is Default: Yes
[2020.03.25-10.27.07:493][687]LogAudioMixer: Display: Sample Rate: 48000
[2020.03.25-10.27.07:493][687]LogAudioMixer: Display: Channel Count Used: 2
[2020.03.25-10.27.07:493][687]LogAudioMixer: Display: Device Channel Count: 2
[2020.03.25-10.27.07:493][687]LogAudioMixer: Display: Channel Order:
[2020.03.25-10.27.07:493][687]LogAudioMixer: Display: 0: FrontLeft
[2020.03.25-10.27.07:493][687]LogAudioMixer: Display: 1: FrontRight
[2020.03.25-10.27.07:546][687]LogAudioMixer: Display: Using Audio Device Altavoces (SteelSeries Siberia 350)
[2020.03.25-10.27.07:547][687]LogInit: FAudioDevice initialized.
[2020.03.25-10.27.07:597][687]LogLoad: Game class is 'FirstPersonGameMode_C'
[2020.03.25-10.27.07:624][687]LogWorld: Bringing World /Game/FirstPersonBP/Maps/UEDPIE_0_FirstPersonExampleMap.FirstPersonExampleMap up for play (max tick rate 0) at 2020.03.25-11.27.07
[2020.03.25-10.27.07:647][687]LogWorld: Bringing up level for play took: 0.024982
[2020.03.25-10.27.07:647][687]LogOnline: OSS: Creating online subsystem instance for: :Context_5
[2020.03.25-10.27.08:212][687]LogContentBrowser: Native class hierarchy updated for 'MovieSceneCapture' in 0.0005 seconds. Added 20 classes and 0 folders.
[2020.03.25-10.27.08:213][687]PIE: Play in editor start time for /Game/FirstPersonBP/Maps/UEDPIE_0_FirstPersonExampleMap 0.707
[2020.03.25-10.27.08:213][687]LogBlueprintUserMessages: Late PlayInEditor Detection: Level '/Game/FirstPersonBP/Maps/FirstPersonExampleMap.FirstPersonExampleMap:PersistentLevel' has LevelScriptBlueprint '/Game/FirstPersonBP/Maps/FirstPersonExampleMap.FirstPersonExampleMap:PersistentLevel.FirstPersonExampleMap' with GeneratedClass '/Game/FirstPersonBP/Maps/FirstPersonExampleMap.FirstPersonExampleMap_C' with ClassGeneratedBy '/Game/FirstPersonBP/Maps/FirstPersonExampleMap.FirstPersonExampleMap:PersistentLevel.FirstPersonExampleMap'
[2020.03.25-10.27.15:261][489]LogAudioMixer: Display: No commands were queued while flushing the source manager.
[2020.03.25-10.27.15:271][489]LogAudioMixer: Display: Flush succeeded in the source manager command queue (1).
[2020.03.25-10.27.15:290][489]LogAudioMixer: Display: Flush succeeded the source manager command queue (2).
[2020.03.25-10.27.15:291][489]LogBlueprintUserMessages: Early EndPlayMap Detection: Level '/Game/FirstPersonBP/Maps/FirstPersonExampleMap.FirstPersonExampleMap:PersistentLevel' has LevelScriptBlueprint '/Game/FirstPersonBP/Maps/FirstPersonExampleMap.FirstPersonExampleMap:PersistentLevel.FirstPersonExampleMap' with GeneratedClass '/Game/FirstPersonBP/Maps/FirstPersonExampleMap.FirstPersonExampleMap_C' with ClassGeneratedBy '/Game/FirstPersonBP/Maps/FirstPersonExampleMap.FirstPersonExampleMap:PersistentLevel.FirstPersonExampleMap'
[2020.03.25-10.27.15:341][489]LogSlate: Updating window title bar state: overlay mode, drag disabled, window buttons hidden, title bar hidden
[2020.03.25-10.27.15:341][489]LogWorld: BeginTearingDown for /Game/FirstPersonBP/Maps/UEDPIE_0_FirstPersonExampleMap
[2020.03.25-10.27.15:341][489]LogAudioMixer: Display: No commands were queued while flushing the source manager.
[2020.03.25-10.27.15:341][489]LogWorld: UWorld::CleanupWorld for FirstPersonExampleMap, bSessionEnded=true, bCleanupResources=true
[2020.03.25-10.27.15:342][489]LogSlate: InvalidateAllWidgets triggered.  All widgets were invalidated
[2020.03.25-10.27.15:350][489]LogPlayLevel: Display: Shutting down PIE online subsystems
[2020.03.25-10.27.15:350][489]LogBlueprintUserMessages: Late EndPlayMap Detection: Level '/Game/FirstPersonBP/Maps/FirstPersonExampleMap.FirstPersonExampleMap:PersistentLevel' has LevelScriptBlueprint '/Game/FirstPersonBP/Maps/FirstPersonExampleMap.FirstPersonExampleMap:PersistentLevel.FirstPersonExampleMap' with GeneratedClass '/Game/FirstPersonBP/Maps/FirstPersonExampleMap.FirstPersonExampleMap_C' with ClassGeneratedBy '/Game/FirstPersonBP/Maps/FirstPersonExampleMap.FirstPersonExampleMap:PersistentLevel.FirstPersonExampleMap'
[2020.03.25-10.27.15:353][489]LogSlate: InvalidateAllWidgets triggered.  All widgets were invalidated
[2020.03.25-10.27.15:375][489]LogAudioMixer: Display: No commands were queued while flushing the source manager.
[2020.03.25-10.27.15:378][489]LogSlate: Updating window title bar state: overlay mode, drag disabled, window buttons hidden, title bar hidden
[2020.03.25-10.27.15:381][489]LogUObjectHash: Compacting FUObjectHashTables data took   1.95ms
[2020.03.25-10.27.15:415][490]LogPlayLevel: Display: Destroying online subsystem :Context_5
[2020.03.25-10.27.16:918][668]LogEditorViewport: Clicking on Actor (context menu): StaticMeshActor (Floor)
[2020.03.25-10.27.17:498][730]LogEditorViewport: Clicking on Actor (context menu): StaticMeshActor (Floor)
[2020.03.25-10.27.18:154][806]LogEditorViewport: Clicking on Actor (LMB): BP_Sky_Sphere_C (SkySphereBlueprint)
[2020.03.25-10.27.18:818][882]LogEditorViewport: Clicking on Actor (LMB): PostProcessVolume (PostProcessVolume)
[2020.03.25-10.27.20:191][ 40]LogEditorViewport: Clicking on Actor (context menu): StaticMeshActor (Floor)
[2020.03.25-10.27.21:689][210]LogEditorViewport: Clicking on Actor (context menu): StaticMeshActor (Floor)
[2020.03.25-10.27.23:675][427]LogEditorViewport: Clicking on Actor (context menu): StaticMeshActor (EditorCube10)
[2020.03.25-10.27.24:808][530]LogEditorViewport: Clicking on Actor (LMB): BP_Sky_Sphere_C (SkySphereBlueprint)
[2020.03.25-10.27.25:346][591]LogEditorViewport: Clicking on Actor (LMB): PostProcessVolume (PostProcessVolume)
[2020.03.25-10.27.29:213][ 47]Cmd: TRANSACTION UNDO
[2020.03.25-10.27.29:213][ 47]LogEditorTransaction: Undo Move Actors
[2020.03.25-10.27.31:651][292]Cmd: TRANSACTION UNDO
[2020.03.25-10.27.31:651][292]LogEditorTransaction: Undo Move Actors
[2020.03.25-10.27.45:157][885]LogEditorViewport: Clicking on Actor (context menu): StaticMeshActor (Floor)
[2020.03.25-10.27.47:516][122]LogEditorViewport: Clicking on Actor (LMB): LightmassImportanceVolume (LightmassImportanceVolume)
[2020.03.25-10.27.55:524][ 30]LogEditorViewport: Clicking on Actor (context menu): StaticMeshActor (Floor)
[2020.03.25-10.27.56:085][ 90]LogEditorViewport: Clicking on Actor (context menu): StaticMeshActor (BigWall)
[2020.03.25-10.28.01:366][715]LogEditorViewport: Clicking on Actor (context menu): BP_Sky_Sphere_C (SkySphereBlueprint)
[2020.03.25-10.28.02:661][836]LogEditorViewport: Clicking on Actor (LMB): BP_Sky_Sphere_C (SkySphereBlueprint)
[2020.03.25-10.28.07:268][359]Cmd: TRANSACTION UNDO
[2020.03.25-10.28.07:268][359]LogEditorTransaction: Undo Clicking on Actors (context menu)
[2020.03.25-10.28.08:353][442]Cmd: TRANSACTION UNDO
[2020.03.25-10.28.08:353][442]LogEditorTransaction: Undo Clicking on Actors (context menu)
[2020.03.25-10.28.09:254][547]Cmd: TRANSACTION UNDO
[2020.03.25-10.28.09:254][547]LogEditorTransaction: Undo Clicking on Actors (context menu)
[2020.03.25-10.28.10:056][640]Cmd: TRANSACTION UNDO
[2020.03.25-10.28.10:056][640]LogEditorTransaction: Undo Set Scale
[2020.03.25-10.28.11:632][827]LogEditorViewport: Clicking on Actor (context menu): StaticMeshActor (Floor)
[2020.03.25-10.28.14:695][166]LogEditorViewport: Clicking on Actor (LMB): LightmassImportanceVolume (LightmassImportanceVolume)
[2020.03.25-10.28.26:176][521]LogEditorViewport: Clicking on Actor (context menu): BP_Sky_Sphere_C (SkySphereBlueprint)
[2020.03.25-10.28.26:252][524]LogEditorViewport: Clicking on Component (context menu): StaticMeshComponent (SkySphereMesh)
[2020.03.25-10.28.31:482][141]LogEditorViewport: Clicking on Component (context menu): StaticMeshComponent (SkySphereMesh)
[2020.03.25-10.28.33:153][323]Cmd: TRANSACTION UNDO
[2020.03.25-10.28.33:153][323]LogEditorTransaction: Undo Clicking on Component (context menu)
[2020.03.25-10.28.33:546][333]Cmd: TRANSACTION UNDO
[2020.03.25-10.28.33:546][333]LogEditorTransaction: Undo Clicking on Actors (context menu)
[2020.03.25-10.28.34:035][379]Cmd: TRANSACTION UNDO
[2020.03.25-10.28.34:035][379]LogEditorTransaction: Undo Set Scale
[2020.03.25-10.28.34:707][457]Cmd: TRANSACTION UNDO
[2020.03.25-10.28.34:707][457]LogEditorTransaction: Undo Set Scale
[2020.03.25-10.28.35:279][525]Cmd: TRANSACTION UNDO
[2020.03.25-10.28.35:279][525]LogEditorTransaction: Undo Clicking on Actors
[2020.03.25-10.28.35:761][578]Cmd: TRANSACTION UNDO
[2020.03.25-10.28.35:761][578]LogEditorTransaction: Undo Clicking on Actors (context menu)
[2020.03.25-10.28.36:189][624]Cmd: TRANSACTION UNDO
[2020.03.25-10.28.36:189][624]LogEditorTransaction: Undo Clicking on Actors
[2020.03.25-10.28.36:576][664]Cmd: TRANSACTION UNDO
[2020.03.25-10.28.36:576][664]LogEditorTransaction: Undo Clicking on Actors (context menu)
[2020.03.25-10.28.37:175][729]Cmd: TRANSACTION UNDO
[2020.03.25-10.28.37:175][729]LogEditorTransaction: Undo Set Scale
[2020.03.25-10.28.37:682][788]Cmd: TRANSACTION UNDO
[2020.03.25-10.28.37:682][788]LogEditorTransaction: Undo Set Scale
[2020.03.25-10.28.38:658][904]LogEditorViewport: Clicking on Actor (context menu): BP_Sky_Sphere_C (SkySphereBlueprint)
[2020.03.25-10.28.39:159][958]LogEditorViewport: Clicking on Actor (context menu): BP_Sky_Sphere_C (SkySphereBlueprint)
[2020.03.25-10.28.42:264][326]LogEditorViewport: Clicking on Actor (context menu): PostProcessVolume (PostProcessVolume)
[2020.03.25-10.28.43:837][497]LogEditorViewport: Clicking on Actor (LMB): LightmassImportanceVolume (LightmassImportanceVolume)
[2020.03.25-10.28.52:174][479]LogEditorViewport: Clicking on Actor (LMB): PostProcessVolume (PostProcessVolume)
[2020.03.25-10.29.23:862][228]LogEditorViewport: Clicking on Actor (LMB): BP_Sky_Sphere_C (SkySphereBlueprint)
[2020.03.25-10.29.59:101][267]Cmd: TRANSACTION UNDO
[2020.03.25-10.29.59:101][267]LogEditorTransaction: Undo Set Scale
[2020.03.25-10.30.56:194][889]LogUObjectHash: Compacting FUObjectHashTables data took   1.56ms
[2020.03.25-10.30.56:781][889]LogSavePackage: Moving '../../../../../../Users/Markram/Desktop/Mis proyectos/LastShot/LastShot/Saved/FirstPersonExampleMap07D31C7942DBA1C172F73082D9F69695.tmp' to '../../../../../../Users/Markram/Desktop/Mis proyectos/LastShot/LastShot/Content/FirstPersonBP/Maps/FirstPersonExampleMap.umap'
[2020.03.25-10.30.58:194][889]LogSavePackage: Moving '../../../../../../Users/Markram/Desktop/Mis proyectos/LastShot/LastShot/Saved/FirstPersonExampleMap_BuiltData3EBCD85D431F0E321EEAA1BFB584449B.tmp' to '../../../../../../Users/Markram/Desktop/Mis proyectos/LastShot/LastShot/Content/FirstPersonBP/Maps/FirstPersonExampleMap_BuiltData.uasset'
[2020.03.25-10.30.58:222][889]AssetCheck: New page: Asset Save: multiple assets
[2020.03.25-10.30.58:222][889]LogContentValidation: Display: Validating World /Game/FirstPersonBP/Maps/FirstPersonExampleMap.FirstPersonExampleMap
[2020.03.25-10.30.58:222][889]LogContentValidation: Display: Validating MapBuildDataRegistry /Game/FirstPersonBP/Maps/FirstPersonExampleMap_BuiltData.FirstPersonExampleMap_BuiltData
[2020.03.25-10.31.01:830][275]MapCheck: New page: Map Check
[2020.03.25-10.31.01:899][275]Cmd: MAP REBUILD ALLVISIBLE
[2020.03.25-10.31.01:899][275]LogEditorServer: Rebuildmap Clear paths rebuilt
[2020.03.25-10.31.01:970][275]LogWorld: UWorld::CleanupWorld for FirstPersonExampleMap, bSessionEnded=true, bCleanupResources=false
[2020.03.25-10.31.02:096][275]LogUObjectHash: Compacting FUObjectHashTables data took   1.73ms
[2020.03.25-10.31.02:149][275]LogMaterial: Display: Missing cached shader map for material DebugViewMode MaterialTexCoordScale, compiling. 
[2020.03.25-10.31.02:174][275]LogShaderCompilers: Display: Worker (1/3): shaders left to compile 2
[2020.03.25-10.31.02:174][275]LogShaderCompilers: Display: Worker (2/3): shaders left to compile 1
[2020.03.25-10.31.02:174][275]LogMaterial: Display: Missing cached shader map for material DebugViewMode MaterialTexCoordScale, compiling. 
[2020.03.25-10.31.02:187][275]LogMaterial: Display: Missing cached shader map for material DebugViewMode MaterialTexCoordScale, compiling. 
[2020.03.25-10.31.02:201][275]LogMaterial: Display: Missing cached shader map for material DebugViewMode MaterialTexCoordScale, compiling. 
[2020.03.25-10.31.02:214][275]LogMaterial: Display: Missing cached shader map for material DebugViewMode MaterialTexCoordScale, compiling. 
[2020.03.25-10.31.02:227][275]LogMaterial: Display: Missing cached shader map for material DebugViewMode MaterialTexCoordScale, compiling. 
[2020.03.25-10.31.02:243][275]LogMaterial: Display: Missing cached shader map for material DebugViewMode MaterialTexCoordScale, compiling. 
[2020.03.25-10.31.04:307][275]LogShaderCompilers: Display: Worker (3/3): shaders left to compile 12
[2020.03.25-10.31.04:307][275]LogShaderCompilers: Display: Worker (1/3): shaders left to compile 11
[2020.03.25-10.31.04:307][275]LogShaderCompilers: Display: Worker (2/3): shaders left to compile 10
[2020.03.25-10.31.04:307][275]LogShaderCompilers: Display: Worker (3/3): shaders left to compile 9
[2020.03.25-10.31.04:307][275]LogShaderCompilers: Display: Worker (2/3): shaders left to compile 8
[2020.03.25-10.31.04:307][275]LogShaderCompilers: Display: Worker (1/3): shaders left to compile 7
[2020.03.25-10.31.04:307][275]LogShaderCompilers: Display: Worker (3/3): shaders left to compile 6
[2020.03.25-10.31.04:307][275]LogShaderCompilers: Display: Worker (2/3): shaders left to compile 5
[2020.03.25-10.31.04:307][275]LogShaderCompilers: Display: Worker (1/3): shaders left to compile 4
[2020.03.25-10.31.04:307][275]LogShaderCompilers: Display: Worker (3/3): shaders left to compile 3
[2020.03.25-10.31.04:307][275]LogShaderCompilers: Display: Worker (2/3): shaders left to compile 2
[2020.03.25-10.31.04:307][275]LogShaderCompilers: Display: Worker (3/3): shaders left to compile 1
[2020.03.25-10.31.04:307][275]TextureStreamingBuild: Display: Compiling optional shaders took 2.171 seconds.
[2020.03.25-10.31.04:380][275]LogLevel: Display: Export Material TexCoord Scales took 0.073 seconds.
[2020.03.25-10.31.04:383][275]TextureStreamingBuild: Display: Build Texture Streaming took 0.003 seconds.
[2020.03.25-10.31.04:405][275]LogUObjectHash: Compacting FUObjectHashTables data took   0.62ms
[2020.03.25-10.31.04:543][275]LightingResults: New page: Lighting Build - 25 Mar 2020, 12:31:04
[2020.03.25-10.31.04:961][275]LogSwarmInterface: [OpenConnection] Registering TCP channel ...
[2020.03.25-10.31.05:448][275]LogSwarmInterface: [OpenConnection] Connecting to agent ...
[2020.03.25-10.31.05:610][275]LogSwarmInterface: [TryOpenConnection] Testing the Agent
[2020.03.25-10.31.07:994][275]LogSwarmInterface: [TryOpenConnection] Opening Connection to Agent
[2020.03.25-10.31.07:995][275]LogSwarmInterface: [TryOpenConnection] Local Process ID is 7972
[2020.03.25-10.31.18:057][275]LogStaticLightingSystem: Running Lightmass w/ ImmediateImport mode ENABLED
[2020.03.25-10.31.18:057][275]LogStaticLightingSystem: Running Lightmass w/ ImmediateProcess mode ENABLED
[2020.03.25-10.31.18:057][275]LogStaticLightingSystem: Running Lightmass w/ Sorting mode ENABLED
[2020.03.25-10.31.18:057][275]LogStaticLightingSystem: Running Lightmass w/ Mapping paddings ENABLED
[2020.03.25-10.31.18:057][275]LogStaticLightingSystem: Running Lightmass w/ Mapping debug paddings DISABLED
[2020.03.25-10.31.19:006][275]Cmd: MAP CHECK DONTDISPLAYDIALOG
[2020.03.25-10.31.19:006][275]MapCheck: New page: FirstPersonExampleMap - 25 Mar 2020, 12:31:19
[2020.03.25-10.31.19:006][275]MapCheck: Error: WorldInfo_0 Maps need lighting rebuilt 
[2020.03.25-10.31.19:007][275]MapCheck: Map check complete: 1 Error(s), 0 Warning(s), took 0.618ms to complete.
[2020.03.25-10.31.19:009][275]LogEditorBuildUtils: Build time 0:17
[2020.03.25-10.31.19:977][278]LogUObjectHash: Compacting FUObjectHashTables data took   2.61ms
[2020.03.25-10.32.05:439][411]Job is a success!
[2020.03.25-10.32.07:508][412]LogVolumetricLightmapImport: Imported Volumetric Lightmap in 0.039s
[2020.03.25-10.32.07:508][412]LogVolumetricLightmapImport:      Indirection Texture 16x16x16 = 0.0Mb
[2020.03.25-10.32.07:508][412]LogVolumetricLightmapImport:      BrickData (all levels) 1.0Mb
[2020.03.25-10.32.07:508][412]LogVolumetricLightmapImport:      Bricks at depth
[2020.03.25-10.32.07:508][412]LogVolumetricLightmapImport:          0: 0.5% covering 100.0% of volume
[2020.03.25-10.32.07:508][412]LogVolumetricLightmapImport:          1: 5.9% covering 18.8% of volume
[2020.03.25-10.32.07:508][412]LogVolumetricLightmapImport:          2: 93.6% covering 4.7% of volume
[2020.03.25-10.32.07:509][412]LogVolumetricLightmapImport:      Bricks in each level
[2020.03.25-10.32.07:509][412]LogVolumetricLightmapImport:          FirstPersonExampleMap 			 204 bricks 	 100.0% (Persistent Level)
[2020.03.25-10.32.11:826][412]LogTexture: Display: Building textures: SkyOcclusion1_1 (AutoDXT, 2048X1024)
[2020.03.25-10.32.11:826][412]LogTexture: Display: Building textures: HQ_Lightmap1_1 (AutoDXT, 2048X2048)
[2020.03.25-10.32.11:826][412]LogTexture: Display: Building textures: LQ_Lightmap_1_1 (DXT1, 2048X2048)
[2020.03.25-10.32.11:826][412]LogTexture: Display: Building textures: SkyOcclusion1_2 (AutoDXT, 2048X1024)
[2020.03.25-10.32.11:826][412]LogTexture: Display: Building textures: HQ_Lightmap1_2 (AutoDXT, 2048X2048)
[2020.03.25-10.32.11:826][412]LogTexture: Display: Building textures: LQ_Lightmap_1_2 (DXT1, 2048X2048)
[2020.03.25-10.32.11:826][412]LogTexture: Display: Building textures: SkyOcclusion1_3 (AutoDXT, 2048X1024)
[2020.03.25-10.32.11:826][412]LogTexture: Display: Building textures: HQ_Lightmap1_3 (AutoDXT, 2048X2048)
[2020.03.25-10.32.11:826][412]LogTexture: Display: Building textures: LQ_Lightmap_1_3 (DXT1, 2048X2048)
[2020.03.25-10.32.11:826][412]LogTexture: Display: Building textures: SkyOcclusion1_4 (AutoDXT, 2048X1024)
[2020.03.25-10.32.11:826][412]LogTexture: Display: Building textures: HQ_Lightmap1_4 (AutoDXT, 2048X2048)
[2020.03.25-10.32.11:826][412]LogTexture: Display: Building textures: LQ_Lightmap_1_4 (DXT1, 2048X2048)
[2020.03.25-10.32.11:826][412]LogTexture: Display: Building textures: SkyOcclusion1_5 (AutoDXT, 64X32)
[2020.03.25-10.32.11:826][412]LogTexture: Display: Building textures: HQ_Lightmap1_5 (AutoDXT, 64X64)
[2020.03.25-10.32.11:826][412]LogTexture: Display: Building textures: LQ_Lightmap_1_5 (DXT1, 64X64)
[2020.03.25-10.32.12:082][412]LogTexture: Display: Building textures: ShadowMapTexture2D_8 (G8, 1024X1024)
[2020.03.25-10.32.12:082][412]LogTexture: Display: Building textures: ShadowMapTexture2D_9 (G8, 1024X1024)
[2020.03.25-10.32.12:282][412]LogTexture: Display: Building textures: ShadowMapTexture2D_10 (G8, 1024X1024)
[2020.03.25-10.32.12:593][412]LogTexture: Display: Building textures: ShadowMapTexture2D_11 (G8, 1024X1024)
[2020.03.25-10.32.12:593][412]LogTexture: Display: Building textures: ShadowMapTexture2D_15 (G8, 32X32)
[2020.03.25-10.32.12:593][412]LogTexture: Display: Building textures: ShadowMapTexture2D_13 (G8, 1024X1024)
[2020.03.25-10.32.12:593][412]LogTexture: Display: Building textures: ShadowMapTexture2D_12 (G8, 1024X1024)
[2020.03.25-10.32.12:593][412]LogTexture: Display: Building textures: ShadowMapTexture2D_14 (G8, 1024X1024)
[2020.03.25-10.32.13:171][412]Lightmass on DESKTOP-SEHO9G5: 51.1 sec total, 4.81 sec importing, 67 ms setup, 6.19 sec photons, 39.7 sec processing, 0 ms extra exporting [8/8 mappings]. Threads: 2:39 min total, 1:05 min processing.
[2020.03.25-10.32.13:173][412]LogStaticLightingSystem: FirstPersonExampleMap_BuiltData storing lightmap data for 8 meshes in 8 LightmapResourceClusters (1.0 Meshes per cluster).
[2020.03.25-10.32.13:208][412]LogUObjectHash: Compacting FUObjectHashTables data took   1.81ms
[2020.03.25-10.32.13:232][412]LogStaticLightingSystem: Illumination: 1:08 min (4.03 sec encoding lightmaps, 765 ms encoding shadowmaps)
[2020.03.25-10.32.13:232][412]LogStaticLightingSystem: Lightmap texture memory:  42.7 MB (42.7 MB streaming, 0.0 MB non-streaming), 10 textures
[2020.03.25-10.32.13:232][412]LogStaticLightingSystem: Shadowmap texture memory: 9.3 MB (9.3 MB streaming, 0.0 MB non-streaming), 8 textures
[2020.03.25-10.32.14:078][412]DumpUnbuiltLightIteractions
[2020.03.25-10.32.14:078][412]Lights with unbuilt interactions: 0
[2020.03.25-10.32.14:078][412]
[2020.03.25-10.32.14:078][412]Primitives with unbuilt interactions: 0
[2020.03.25-10.32.14:236][413]Cmd: MAP CHECK NOTIFYRESULTS
[2020.03.25-10.32.14:236][413]MapCheck: New page: FirstPersonExampleMap - 25 Mar 2020, 12:32:14
[2020.03.25-10.32.14:237][413]MapCheck: Map check complete: 0 Error(s), 0 Warning(s), took 0.487ms to complete.
[2020.03.25-10.32.26:107][844]LogAssetEditorSubsystem: Opening Asset editor for Blueprint /Game/FirstPersonBP/Blueprints/FirstPersonCharacter.FirstPersonCharacter
[2020.03.25-10.32.26:808][844]LogContentBrowser: Native class hierarchy updated for 'BlueprintGraph' in 0.0005 seconds. Added 121 classes and 0 folders.
[2020.03.25-10.32.28:463][844]LogSlate: Took 0.000231 seconds to synchronously load lazily loaded font '../../../Engine/Content/Slate/Fonts/Roboto-BoldCondensed.ttf' (158K)
[2020.03.25-10.34.07:631][337]LogSlate: Window 'FirstPersonCharacter' being destroyed
[2020.03.25-10.34.07:643][337]LogSlate: Window 'FirstPersonCharacter' being destroyed
[2020.03.25-10.34.07:650][337]LogWorld: UWorld::CleanupWorld for World_4, bSessionEnded=true, bCleanupResources=true
[2020.03.25-10.34.07:650][337]LogSlate: InvalidateAllWidgets triggered.  All widgets were invalidated
[2020.03.25-10.34.20:382][675]LogSlate: Window 'Message Log' being destroyed
[2020.03.25-10.34.20:385][675]LogSlate: Window 'Message Log' being destroyed
[2020.03.25-10.40.55:122][346]LogAssetRegistry: Warning: C:\Users\Markram\Desktop\Mis proyectos\LastShot\LastShot\Content\ParagonRampage\Characters\Maps\Lighting_Background.umap: Package has invalid export /Game/ParagonRampage/Characters/Maps/Lighting_Background_BuiltData.Lighting_Background_BuiltData, resave source package!
[2020.03.25-10.40.55:129][347]LogAssetRegistry: Warning: C:\Users\Markram\Desktop\Mis proyectos\LastShot\LastShot\Content\ParagonRampage\Characters\Maps\Lighting_Background.umap: Package has invalid export /Game/ParagonRampage/Characters/Maps/Lighting_Background_BuiltData.Lighting_Background_BuiltData, resave source package!
[2020.03.25-10.40.55:129][347]LogAssetRegistry: Warning: C:\Users\Markram\Desktop\Mis proyectos\LastShot\LastShot\Content\ParagonRampage\Characters\Maps\Lighting_Background.umap: Package has invalid export /Game/ParagonRampage/Characters/Maps/Lighting_Background_BuiltData.Lighting_Background_BuiltData, resave source package!
[2020.03.25-10.41.14:142][402]LogUObjectHash: Compacting FUObjectHashTables data took   3.81ms
[2020.03.25-10.41.14:978][402]LogSavePackage: Moving '../../../../../../Users/Markram/Desktop/Mis proyectos/LastShot/LastShot/Saved/FirstPersonExampleMap_Auto1B0312DE24FCFF59CC3F1B29C61660B07.tmp' to '../../../../../../Users/Markram/Desktop/Mis proyectos/LastShot/LastShot/Saved/Autosaves/Game/FirstPersonBP/Maps/FirstPersonExampleMap_Auto1.umap'
[2020.03.25-10.41.14:981][402]LogFileHelpers: Editor autosave (incl. sublevels) for '/Game/FirstPersonBP/Maps/FirstPersonExampleMap' took 0.881
[2020.03.25-10.41.14:981][402]LogFileHelpers: Editor autosave (incl. sublevels) for all levels took 0.881
[2020.03.25-10.41.14:982][402]OBJ SavePackage: Generating thumbnails for [1] asset(s) in package [/Game/FirstPersonBP/Blueprints/FirstPersonCharacter] ([1] browsable assets)...
[2020.03.25-10.41.15:176][402]OBJ SavePackage:     Rendered thumbnail for [Blueprint /Game/FirstPersonBP/Blueprints/FirstPersonCharacter.FirstPersonCharacter]
[2020.03.25-10.41.15:176][402]OBJ SavePackage: Finished generating thumbnails for package [/Game/FirstPersonBP/Blueprints/FirstPersonCharacter]
[2020.03.25-10.41.16:755][402]LogSavePackage: Moving '../../../../../../Users/Markram/Desktop/Mis proyectos/LastShot/LastShot/Saved/FirstPersonCharacter_Auto1EB89F74447BBE372683B5E87769C8EE6.tmp' to '../../../../../../Users/Markram/Desktop/Mis proyectos/LastShot/LastShot/Saved/Autosaves/Game/FirstPersonBP/Blueprints/FirstPersonCharacter_Auto1.uasset'
[2020.03.25-10.41.17:046][402]LogFileHelpers: Auto-saving content packages took 2.064
[2020.03.25-10.42.04:787][820]LogDirectoryWatcher: A directory notification failed for 'C:/Users/Markram/Desktop/Mis proyectos/LastShot/LastShot/Content/Collections/' because it could not be accessed. Aborting watch request...
[2020.03.25-10.42.04:787][820]LogDirectoryWatcher: A directory notification failed for 'C:/Users/Markram/Desktop/Mis proyectos/LastShot/LastShot/Content/Developers/Markram/Collections/' because it could not be accessed. Aborting watch request...
[2020.03.25-10.42.05:467][822]LogDirectoryWatcher: A directory notification failed for 'C:/Users/Markram/Desktop/Mis proyectos/LastShot/LastShot/Saved/Collections/' because it could not be accessed. Aborting watch request...
[2020.03.25-10.42.49:533][971]LogSlate: Prevented a slow task dialog from being summoned while a context menu was open
[2020.03.25-10.42.49:566][971]LogTexture: Display: Building textures: Black_Linear (AutoDXT, 32X32)
[2020.03.25-10.42.49:566][971]LogMaterial: Display: Missing cached shader map for material Cloth_Invis, compiling. 
[2020.03.25-10.42.49:878][971]LogMaterial: Display: Missing cached shader map for material M_Blank, compiling. 
[2020.03.25-10.42.49:952][971]LogShaderCompilers: Display: Worker (1/3): shaders left to compile 199
[2020.03.25-10.42.49:952][971]LogShaderCompilers: Display: Worker (2/3): shaders left to compile 189
[2020.03.25-10.42.49:952][971]LogShaderCompilers: Display: Worker (3/3): shaders left to compile 179
[2020.03.25-10.42.49:953][971]LogMaterial: Display: Missing cached shader map for material M_Cloth_Invis, compiling. 
[2020.03.25-10.42.53:061][971]LogTexture: Display: Building textures: T_TestML_Mask (AutoDXT, 512X512)
[2020.03.25-10.42.53:061][971]LogTexture: Display: Building textures: T_EyeMidPlaneDisplacement_Example (RGBA16F, 1024X1024)
[2020.03.25-10.42.53:061][971]LogTexture: Display: Building textures: T_Muriel_Corona_D (AutoDXT, 2048X2048)
[2020.03.25-10.42.53:061][971]LogTexture: Display: Building textures: T_Sphere_EYE_NORMALS (BC5, 1024X1024)
[2020.03.25-10.42.53:061][971]LogTexture: Display: Building textures: T_EyeScleraBaseColor_Example_2 (AutoDXT, 2048X2048)
[2020.03.25-10.42.53:061][971]LogTexture: Display: Building textures: T_EyeIrisBaseColor_Example_2 (AutoDXT, 512X512)
[2020.03.25-10.42.53:061][971]LogTexture: Display: Building textures: T_AtmosphericCloudNoise03 (BGRA8, 2048X2048)
[2020.03.25-10.42.53:594][971]LogTexture: Display: Building textures: T_Eye_Wet_Normal (BC5, 1024X1024)
[2020.03.25-10.42.53:594][971]LogTexture: Display: Building textures: T_AtmosphericCloudNoise01_N (BC5, 2048X2048)
[2020.03.25-10.42.54:576][971]LogTexture: Display: Building textures: T_EYE_NORMALS (BC5, 512X512)
[2020.03.25-10.42.54:576][971]LogTexture: Display: Building textures: T_DecalMask_Radial03 (G8, 512X512)
[2020.03.25-10.42.54:576][971]LogTexture: Display: Building textures: T_Blank_N (BC5, 128X128)
[2020.03.25-10.42.54:576][971]LogTexture: Display: Building textures: T_Blue_Metal02 (AutoDXT, 2048X2048)
[2020.03.25-10.42.54:576][971]LogTexture: Display: Building textures: T_AtmosphericCloudNoise01 (AutoDXT, 2048X2048)
[2020.03.25-10.43.07:965][971]LogTexture: Display: Building textures: EpicQuadPanorama_CC (RGBA16F, 7372X3686)
[2020.03.25-10.43.07:965][971]LogTexture: Display: Building textures: T_Swirly_Noise (AutoDXT, 1024X1024)
[2020.03.25-10.43.07:965][971]LogMaterial: Display: Missing cached shader map for material M_EyeRefractive, compiling. 
[2020.03.25-10.43.08:720][971]LogTexture: Display: Building textures: T_EyeOcclusion2 (G8, 512X512)
[2020.03.25-10.43.08:720][971]LogMaterial: Display: Missing cached shader map for material M_Eye_Occlusion, compiling. 
[2020.03.25-10.43.09:456][971]LogTexture: Display: Building textures: T_Eye_Tearduct__normals2 (BC5, 2048X2048)
[2020.03.25-10.43.09:456][971]LogMaterial: Display: Missing cached shader map for material M_TearDuct_2, compiling. 
[2020.03.25-10.43.09:576][971]LogMaterial: Display: Missing cached shader map for material M_TearLine, compiling. 
[2020.03.25-10.43.09:851][971]LogMaterial: Display: Missing cached shader map for material M_DeathToAlpha, compiling. 
[2020.03.25-10.43.09:854][971]LogMaterial: Warning: C:\Users\Markram\Desktop\Mis proyectos\LastShot\LastShot\Content\ParagonRampage\Characters\Global\MaterialFunctions\M_DeathToAlpha.uasset: Failed to compile Material for platform PCD3D_SM5, Default Material will be used in game.
[2020.03.25-10.43.09:854][971]LogMaterial: Display: 	(Node CollectionParameter) CollectionParameter has invalid Collection!
[2020.03.25-10.43.09:854][971]LogMaterial: Display: 	Function MF_DeathFade: (Node MakeMaterialAttributes) Error on property BaseColor
[2020.03.25-10.43.12:737][971]LogTexture: Display: Building textures: T_ML_Fabric_Basic2 (AutoDXT, 1024X1024)
[2020.03.25-10.43.12:737][971]LogTexture: Display: Building textures: T_ML_Fabric_Blue_Medium_N (BC5, 1024X1024)
[2020.03.25-10.43.12:737][971]LogTexture: Display: Building textures: T_FineFabric01_N (BC5, 2048X2048)
[2020.03.25-10.43.12:737][971]LogShaderCompilers: Display: Worker (1/3): shaders left to compile 1332
[2020.03.25-10.43.12:737][971]LogTexture: Display: Building textures: T_FineFabric01 (AutoDXT, 2048X2048)
[2020.03.25-10.43.24:318][971]LogTexture: Display: Building textures: T_Flat_White (AutoDXT, 256X256)
[2020.03.25-10.43.24:320][971]LogTexture: Display: Building textures: T_ML_FineLeather01_N (BC5, 2048X2048)
[2020.03.25-10.43.24:320][971]LogTexture: Display: Building textures: T_ML_FineLeather01_Brown (AutoDXT, 2048X2048)
[2020.03.25-10.43.24:320][971]LogShaderCompilers: Display: Worker (3/3): shaders left to compile 1322
[2020.03.25-10.43.24:320][971]LogShaderCompilers: Display: Worker (2/3): shaders left to compile 1312
[2020.03.25-10.43.24:320][971]LogTexture: Display: Building textures: T_RoughMetal01_N (BC5, 2048X2048)
[2020.03.25-10.43.24:320][971]LogShaderCompilers: Display: Worker (1/3): shaders left to compile 1302
[2020.03.25-10.43.24:320][971]LogTexture: Display: Building textures: T_LightMetal02 (AutoDXT, 2048X2048)
[2020.03.25-10.43.44:826][971]LogTexture: Display: Building textures: T_TilingClouds_01_N (BC5, 512X512)
[2020.03.25-10.43.44:826][971]LogTexture: Display: Building textures: T_Bone_Noise (AutoDXT, 1024X1024)
[2020.03.25-10.43.44:826][971]LogShaderCompilers: Display: Worker (2/3): shaders left to compile 1292
[2020.03.25-10.43.44:826][971]LogTexture: Display: Building textures: T_ML_Gold_Metal01 (AutoDXT, 2048X2048)
[2020.03.25-10.43.44:826][971]LogShaderCompilers: Display: Worker (3/3): shaders left to compile 1282
[2020.03.25-10.43.44:826][971]LogShaderCompilers: Display: Worker (1/3): shaders left to compile 1272
[2020.03.25-10.43.44:826][971]LogTexture: Display: Building textures: T_Metal_Precious_Old_RGBA (AutoDXT, 2048X2048)
[2020.03.25-10.43.44:826][971]LogTexture: Display: Building textures: T_Metal_Precious_Old_N (BC5, 2048X2048)
[2020.03.25-10.43.44:826][971]LogShaderCompilers: Display: Worker (3/3): shaders left to compile 1262
[2020.03.25-10.43.44:826][971]LogShaderCompilers: Display: Worker (2/3): shaders left to compile 1252
[2020.03.25-10.43.44:826][971]LogTexture: Display: Building textures: T_Rust01_N (BC5, 2048X2048)
[2020.03.25-10.43.44:826][971]LogShaderCompilers: Display: Worker (1/3): shaders left to compile 1242
[2020.03.25-10.43.44:826][971]LogTexture: Display: Building textures: T_Rust01 (AutoDXT, 2048X2048)
[2020.03.25-10.44.00:490][971]LogShaderCompilers: Display: Worker (2/3): shaders left to compile 1232
[2020.03.25-10.44.00:491][971]LogTexture: Display: Building textures: T_Kurohane_Metal_Tiling_D (AutoDXT, 2048X2048)
[2020.03.25-10.44.00:491][971]LogShaderCompilers: Display: Worker (3/3): shaders left to compile 1222
[2020.03.25-10.44.00:491][971]LogShaderCompilers: Display: Worker (1/3): shaders left to compile 1212
[2020.03.25-10.44.00:491][971]LogShaderCompilers: Display: Worker (2/3): shaders left to compile 1202
[2020.03.25-10.44.00:491][971]LogTexture: Display: Building textures: T_Steel_Stained_N (BC5, 4096X4096)
[2020.03.25-10.44.00:491][971]LogShaderCompilers: Display: Worker (3/3): shaders left to compile 1192
[2020.03.25-10.44.00:491][971]LogTexture: Display: Building textures: T_Steel_Stained_D (AutoDXT, 4096X4096)
[2020.03.25-10.44.21:867][971]LogShaderCompilers: Display: Worker (1/3): shaders left to compile 1182
[2020.03.25-10.44.21:867][971]LogShaderCompilers: Display: Worker (3/3): shaders left to compile 1172
[2020.03.25-10.44.21:867][971]LogShaderCompilers: Display: Worker (2/3): shaders left to compile 1162
[2020.03.25-10.44.21:867][971]LogShaderCompilers: Display: Worker (1/3): shaders left to compile 1152
[2020.03.25-10.44.21:867][971]LogShaderCompilers: Display: Worker (2/3): shaders left to compile 1142
[2020.03.25-10.44.21:867][971]LogShaderCompilers: Display: Worker (3/3): shaders left to compile 1132
[2020.03.25-10.44.21:867][971]LogShaderCompilers: Display: Worker (2/3): shaders left to compile 1122
[2020.03.25-10.44.21:867][971]LogShaderCompilers: Display: Worker (3/3): shaders left to compile 1112
[2020.03.25-10.44.21:867][971]LogShaderCompilers: Display: Worker (1/3): shaders left to compile 1102
[2020.03.25-10.44.21:867][971]LogTexture: Display: Building textures: T_RoughMetal01 (AutoDXT, 2048X2048)
[2020.03.25-10.44.28:399][971]LogShaderCompilers: Display: Worker (1/3): shaders left to compile 1092
[2020.03.25-10.44.28:399][971]LogShaderCompilers: Display: Worker (3/3): shaders left to compile 1082
[2020.03.25-10.44.28:399][971]LogShaderCompilers: Display: Worker (2/3): shaders left to compile 1072
[2020.03.25-10.44.28:399][971]LogTexture: Display: Building textures: T_ML_PaintedConstructionMetal_N (BC5, 2048X2048)
[2020.03.25-10.44.28:399][971]LogTexture: Display: Building textures: T_Rough_Plastic_N (BC5, 2048X2048)
[2020.03.25-10.44.28:399][971]LogTexture: Display: Building textures: T_Rough_Plastic_D (AutoDXT, 2048X2048)
[2020.03.25-10.44.34:672][971]LogShaderCompilers: Display: Worker (2/3): shaders left to compile 1062
[2020.03.25-10.44.34:672][971]LogShaderCompilers: Display: Worker (1/3): shaders left to compile 1052
[2020.03.25-10.44.34:672][971]LogShaderCompilers: Display: Worker (3/3): shaders left to compile 1042
[2020.03.25-10.44.34:672][971]LogTexture: Display: Building textures: T_Cream_Painted_Metal_N (BC5, 2048X2048)
[2020.03.25-10.44.34:672][971]LogTexture: Display: Building textures: T_ML_PaintedConstructionMetal2 (AutoDXT, 2048X2048)
