Log file open, 03/24/20 16:45:21
LogWindows: Failed to load 'aqProf.dll' (GetLastError=126)
LogWindows: File 'aqProf.dll' does not exist
LogWindows: Failed to load 'VtuneApi.dll' (GetLastError=126)
LogWindows: File 'VtuneApi.dll' does not exist
LogWindows: Failed to load 'VtuneApi32e.dll' (GetLastError=126)
LogWindows: File 'VtuneApi32e.dll' does not exist
LogConsoleResponse: Display: Failed to find resolution value strings in scalability ini. Falling back to default.
LogInit: Display: Running engine for game: LastShot
LogPlatformFile: Not using cached read wrapper
LogTaskGraph: Started task graph with 5 named threads and 14 total threads with 3 sets of task threads.
LogStats: Stats thread started at 0.097197
LogD3D11RHI: Loaded GFSDK_Aftermath_Lib.x64.dll
LogICUInternationalization: ICU TimeZone Detection - Raw Offset: +1:00, Platform Override: ''
LogPluginManager: Mounting plugin Paper2D
LogPluginManager: Mounting plugin AISupport
LogPluginManager: Mounting plugin LightPropagationVolume
LogPluginManager: Mounting plugin ActorLayerUtilities
LogPluginManager: Mounting plugin AnimationSharing
LogPluginManager: Mounting plugin CLionSourceCodeAccess
LogPluginManager: Mounting plugin CodeLiteSourceCodeAccess
LogPluginManager: Mounting plugin GitSourceControl
LogPluginManager: Mounting plugin KDevelopSourceCodeAccess
LogPluginManager: Mounting plugin NullSourceCodeAccess
LogPluginManager: Mounting plugin PerforceSourceControl
LogPluginManager: Mounting plugin PlasticSourceControl
LogPluginManager: Mounting plugin SubversionSourceControl
LogPluginManager: Mounting plugin UObjectPlugin
LogPluginManager: Mounting plugin VisualStudioCodeSourceCodeAccess
LogPluginManager: Mounting plugin VisualStudioSourceCodeAccess
LogPluginManager: Mounting plugin XCodeSourceCodeAccess
LogPluginManager: Mounting plugin AssetManagerEditor
LogPluginManager: Mounting plugin CryptoKeys
LogPluginManager: Mounting plugin CurveEditorTools
LogPluginManager: Mounting plugin DataValidation
LogPluginManager: Mounting plugin FacialAnimation
LogPluginManager: Mounting plugin GameplayTagsEditor
LogPluginManager: Mounting plugin MacGraphicsSwitching
LogPluginManager: Mounting plugin MaterialAnalyzer
LogPluginManager: Mounting plugin MobileLauncherProfileWizard
LogPluginManager: Mounting plugin PluginBrowser
LogPluginManager: Mounting plugin SpeedTreeImporter
LogPluginManager: Mounting plugin DatasmithContent
LogPluginManager: Mounting plugin VariantManagerContent
LogPluginManager: Mounting plugin AlembicImporter
LogPluginManager: Mounting plugin AutomationUtils
LogPluginManager: Mounting plugin BackChannel
LogPluginManager: Mounting plugin CharacterAI
LogPluginManager: Mounting plugin GeometryCache
LogPluginManager: Mounting plugin PlatformCrypto
LogPluginManager: Mounting plugin ProxyLODPlugin
LogPluginManager: Mounting plugin SkeletalReduction
LogPluginManager: Mounting plugin MagicLeap
LogPluginManager: Mounting plugin MagicLeapMedia
LogPluginManager: Mounting plugin MLSDK
LogPluginManager: Mounting plugin AndroidMedia
LogPluginManager: Mounting plugin AvfMedia
LogPluginManager: Mounting plugin ImgMedia
LogPluginManager: Mounting plugin MediaCompositing
LogPluginManager: Mounting plugin MediaPlayerEditor
LogPluginManager: Mounting plugin WebMMedia
LogPluginManager: Mounting plugin WmfMedia
LogPluginManager: Mounting plugin TcpMessaging
LogPluginManager: Mounting plugin UdpMessaging
LogPluginManager: Mounting plugin ActorSequence
LogPluginManager: Mounting plugin LevelSequenceEditor
LogPluginManager: Mounting plugin MatineeToLevelSequence
LogPluginManager: Mounting plugin NetcodeUnitTest
LogPluginManager: Mounting plugin NUTUnrealEngine4
LogPluginManager: Mounting plugin OnlineSubsystemGooglePlay
LogPluginManager: Mounting plugin OnlineSubsystemIOS
LogPluginManager: Mounting plugin OnlineSubsystem
LogPluginManager: Mounting plugin OnlineSubsystemNull
LogPluginManager: Mounting plugin OnlineSubsystemUtils
LogPluginManager: Mounting plugin LauncherChunkInstaller
LogPluginManager: Mounting plugin AndroidDeviceProfileSelector
LogPluginManager: Mounting plugin AndroidMoviePlayer
LogPluginManager: Mounting plugin AndroidPermission
LogPluginManager: Mounting plugin AppleImageUtils
LogPluginManager: Mounting plugin AppleMoviePlayer
LogPluginManager: Mounting plugin ArchVisCharacter
LogPluginManager: Mounting plugin AssetTags
LogPluginManager: Mounting plugin AudioCapture
LogPluginManager: Mounting plugin CableComponent
LogPluginManager: Mounting plugin CustomMeshComponent
LogPluginManager: Mounting plugin EditableMesh
LogPluginManager: Mounting plugin ExampleDeviceProfileSelector
LogPluginManager: Mounting plugin GoogleCloudMessaging
LogPluginManager: Mounting plugin IOSDeviceProfileSelector
LogPluginManager: Mounting plugin LinuxDeviceProfileSelector
LogPluginManager: Mounting plugin LocationServicesBPLibrary
LogPluginManager: Mounting plugin MobilePatchingUtils
LogPluginManager: Mounting plugin OculusVR
LogPluginManager: Mounting plugin PhysXVehicles
LogPluginManager: Mounting plugin PostSplashScreen
LogPluginManager: Mounting plugin ProceduralMeshComponent
LogPluginManager: Mounting plugin RuntimePhysXCooking
LogPluginManager: Mounting plugin SignificanceManager
LogPluginManager: Mounting plugin SteamVR
LogPluginManager: Mounting plugin WebMMoviePlayer
LogPluginManager: Mounting plugin WindowsMoviePlayer
LogPluginManager: Mounting plugin ScreenshotTools
LogInit: Using libcurl 7.55.1-DEV
LogInit:  - built for x86_64-pc-win32
LogInit:  - supports SSL with OpenSSL/1.1.1
LogInit:  - supports HTTP deflate (compression) using libz 1.2.8
LogInit:  - other features:
LogInit:      CURL_VERSION_SSL
LogInit:      CURL_VERSION_LIBZ
LogInit:      CURL_VERSION_IPV6
LogInit:      CURL_VERSION_ASYNCHDNS
LogInit:      CURL_VERSION_LARGEFILE
LogInit:      CURL_VERSION_IDN
LogInit:  CurlRequestOptions (configurable via config and command line):
LogInit:  - bVerifyPeer = true  - Libcurl will verify peer certificate
LogInit:  - bUseHttpProxy = false  - Libcurl will NOT use HTTP proxy
LogInit:  - bDontReuseConnections = false  - Libcurl will reuse connections
LogInit:  - MaxHostConnections = 16  - Libcurl will limit the number of connections to a host
LogInit:  - LocalHostAddr = Default
LogInit:  - BufferSize = 65536
LogOnline: OSS: Creating online subsystem instance for: NULL
LogInit: WinSock: version 1.1 (2.2), MaxSocks=32767, MaxUdp=65467
LogOnline: OSS: TryLoadSubsystemAndSetDefault: Loaded subsystem for module [NULL]
LogInit: Build: ++UE4+Release-4.24-CL-11590370
LogInit: Engine Version: 4.24.3-11590370+++UE4+Release-4.24
LogInit: Compatible Engine Version: 4.24.0-10570792+++UE4+Release-4.24
LogInit: Net CL: 10570792
LogInit: OS: Windows 10 (Release 1903) (), CPU: Intel(R) Core(TM) i5-4690K CPU @ 3.50GHz, GPU: NVIDIA GeForce GTX 970
LogInit: Compiled (64-bit): Feb 24 2020 15:39:18
LogInit: Compiled with Visual C++: 19.16.27032.01
LogInit: Build Configuration: Development
LogInit: Branch Name: ++UE4+Release-4.24
LogInit: Command Line:  -EpicPortal -epicusername=joalmarso -epicuserid=6c8446a1d93f4027879a53d60d168187 -epiclocale=en
LogInit: Base Directory: C:/Program Files/Epic Games/UE_4.24/Engine/Binaries/Win64/
LogInit: Installed Engine Build: 1
LogDevObjectVersion: Number of dev versions registered: 25
LogDevObjectVersion:   Dev-Blueprints (B0D832E4-1F89-4F0D-ACCF-7EB736FD4AA2): 10
LogDevObjectVersion:   Dev-Build (E1C64328-A22C-4D53-A36C-8E866417BD8C): 0
LogDevObjectVersion:   Dev-Core (375EC13C-06E4-48FB-B500-84F0262A717E): 3
LogDevObjectVersion:   Dev-Editor (E4B068ED-F494-42E9-A231-DA0B2E46BB41): 37
LogDevObjectVersion:   Dev-Framework (CFFC743F-43B0-4480-9391-14DF171D2073): 36
LogDevObjectVersion:   Dev-Mobile (B02B49B5-BB20-44E9-A304-32B752E40360): 2
LogDevObjectVersion:   Dev-Networking (A4E4105C-59A1-49B5-A7C5-40C4547EDFEE): 0
LogDevObjectVersion:   Dev-Online (39C831C9-5AE6-47DC-9A44-9C173E1C8E7C): 0
LogDevObjectVersion:   Dev-Physics (78F01B33-EBEA-4F98-B9B4-84EACCB95AA2): 2
LogDevObjectVersion:   Dev-Platform (6631380F-2D4D-43E0-8009-CF276956A95A): 0
LogDevObjectVersion:   Dev-Rendering (12F88B9F-8875-4AFC-A67C-D90C383ABD29): 36
LogDevObjectVersion:   Dev-Sequencer (7B5AE74C-D270-4C10-A958-57980B212A5A): 11
LogDevObjectVersion:   Dev-VR (D7296918-1DD6-4BDD-9DE2-64A83CC13884): 2
LogDevObjectVersion:   Dev-LoadTimes (C2A15278-BFE7-4AFE-6C17-90FF531DF755): 1
LogDevObjectVersion:   Private-Geometry (6EACA3D4-40EC-4CC1-B786-8BED09428FC5): 3
LogDevObjectVersion:   Dev-AnimPhys (29E575DD-E0A3-4627-9D10-D276232CDCEA): 17
LogDevObjectVersion:   Dev-Anim (AF43A65D-7FD3-4947-9873-3E8ED9C1BB05): 2
LogDevObjectVersion:   Dev-ReflectionCapture (6B266CEC-1EC7-4B8F-A30B-E4D90942FC07): 1
LogDevObjectVersion:   Dev-Automation (0DF73D61-A23F-47EA-B727-89E90C41499A): 1
LogDevObjectVersion:   FortniteMain (601D1886-AC64-4F84-AA16-D3DE0DEAC7D6): 31
LogDevObjectVersion:   Dev-Enterprise (9DFFBCD6-494F-0158-E221-12823C92A888): 8
LogDevObjectVersion:   Dev-Niagara (F2AED0AC-9AFE-416F-8664-AA7FFA26D6FC): 1
LogDevObjectVersion:   Dev-Destruction (174F1F0B-B4C6-45A5-B13F-2EE8D0FB917D): 9
LogDevObjectVersion:   Dev-Physics-Ext (35F94A83-E258-406C-A318-09F59610247C): 8
LogDevObjectVersion:   Dev-CineCamera (B2E18506-4273-CFC2-A54E-F4BB758BBA07): 1
LogInit: Presizing for max 25165824 objects, including 0 objects not considered by GC, pre-allocating 0 bytes for permanent pool.
LogInit: Object subsystem initialized
LogConfig: Setting CVar [[con.DebugEarlyDefault:1]]
LogConfig: Setting CVar [[r.setres:1280x720]]
[2020.03.24-15.45.22:218][  0]LogConfig: Setting CVar [[r.VSync:0]]
[2020.03.24-15.45.22:218][  0]LogConfig: Setting CVar [[r.RHICmdBypass:0]]
[2020.03.24-15.45.22:218][  0]LogConfig: Applying CVar settings from Section [/Script/Engine.RendererSettings] File [C:/Users/Markram/Desktop/Mis proyectos/LastShot/LastShot/Saved/Config/Windows/Engine.ini]
[2020.03.24-15.45.22:218][  0]LogConfig: Setting CVar [[r.GPUCrashDebugging:0]]
[2020.03.24-15.45.22:218][  0]LogConfig: Applying CVar settings from Section [/Script/Engine.RendererOverrideSettings] File [C:/Users/Markram/Desktop/Mis proyectos/LastShot/LastShot/Saved/Config/Windows/Engine.ini]
[2020.03.24-15.45.22:218][  0]LogConfig: Applying CVar settings from Section [/Script/Engine.StreamingSettings] File [C:/Users/Markram/Desktop/Mis proyectos/LastShot/LastShot/Saved/Config/Windows/Engine.ini]
[2020.03.24-15.45.22:218][  0]LogConfig: Setting CVar [[s.MinBulkDataSizeForAsyncLoading:131072]]
[2020.03.24-15.45.22:218][  0]LogConfig: Setting CVar [[s.AsyncLoadingThreadEnabled:0]]
[2020.03.24-15.45.22:218][  0]LogConfig: Setting CVar [[s.EventDrivenLoaderEnabled:1]]
[2020.03.24-15.45.22:218][  0]LogConfig: Setting CVar [[s.WarnIfTimeLimitExceeded:0]]
[2020.03.24-15.45.22:218][  0]LogConfig: Setting CVar [[s.TimeLimitExceededMultiplier:1.5]]
[2020.03.24-15.45.22:218][  0]LogConfig: Setting CVar [[s.TimeLimitExceededMinTime:0.005]]
[2020.03.24-15.45.22:218][  0]LogConfig: Setting CVar [[s.UseBackgroundLevelStreaming:1]]
[2020.03.24-15.45.22:218][  0]LogConfig: Setting CVar [[s.PriorityAsyncLoadingExtraTime:15.0]]
[2020.03.24-15.45.22:218][  0]LogConfig: Setting CVar [[s.LevelStreamingActorsUpdateTimeLimit:5.0]]
[2020.03.24-15.45.22:218][  0]LogConfig: Setting CVar [[s.PriorityLevelStreamingActorsUpdateExtraTime:5.0]]
[2020.03.24-15.45.22:218][  0]LogConfig: Setting CVar [[s.LevelStreamingComponentsRegistrationGranularity:10]]
[2020.03.24-15.45.22:218][  0]LogConfig: Setting CVar [[s.UnregisterComponentsTimeLimit:1.0]]
[2020.03.24-15.45.22:218][  0]LogConfig: Setting CVar [[s.LevelStreamingComponentsUnregistrationGranularity:5]]
[2020.03.24-15.45.22:218][  0]LogConfig: Setting CVar [[s.FlushStreamingOnExit:1]]
[2020.03.24-15.45.22:218][  0]LogConfig: Applying CVar settings from Section [/Script/Engine.GarbageCollectionSettings] File [C:/Users/Markram/Desktop/Mis proyectos/LastShot/LastShot/Saved/Config/Windows/Engine.ini]
[2020.03.24-15.45.22:218][  0]LogConfig: Setting CVar [[gc.MaxObjectsNotConsideredByGC:1]]
[2020.03.24-15.45.22:218][  0]LogConfig: Setting CVar [[gc.SizeOfPermanentObjectPool:0]]
[2020.03.24-15.45.22:218][  0]LogConfig: Setting CVar [[gc.FlushStreamingOnGC:0]]
[2020.03.24-15.45.22:218][  0]LogConfig: Setting CVar [[gc.NumRetriesBeforeForcingGC:10]]
[2020.03.24-15.45.22:218][  0]LogConfig: Setting CVar [[gc.AllowParallelGC:1]]
[2020.03.24-15.45.22:218][  0]LogConfig: Setting CVar [[gc.TimeBetweenPurgingPendingKillObjects:61.1]]
[2020.03.24-15.45.22:218][  0]LogConfig: Setting CVar [[gc.MaxObjectsInEditor:25165824]]
[2020.03.24-15.45.22:218][  0]LogConfig: Setting CVar [[gc.IncrementalBeginDestroyEnabled:1]]
[2020.03.24-15.45.22:218][  0]LogConfig: Setting CVar [[gc.CreateGCClusters:1]]
[2020.03.24-15.45.22:218][  0]LogConfig: Setting CVar [[gc.MinGCClusterSize:5]]
[2020.03.24-15.45.22:218][  0]LogConfig: Setting CVar [[gc.ActorClusteringEnabled:0]]
[2020.03.24-15.45.22:218][  0]LogConfig: Setting CVar [[gc.BlueprintClusteringEnabled:0]]
[2020.03.24-15.45.22:218][  0]LogConfig: Setting CVar [[gc.UseDisregardForGCOnDedicatedServers:0]]
[2020.03.24-15.45.22:218][  0]LogConfig: Applying CVar settings from Section [/Script/Engine.NetworkSettings] File [C:/Users/Markram/Desktop/Mis proyectos/LastShot/LastShot/Saved/Config/Windows/Engine.ini]
[2020.03.24-15.45.22:218][  0]LogConfig: Applying CVar settings from Section [/Script/UnrealEd.CookerSettings] File [C:/Users/Markram/Desktop/Mis proyectos/LastShot/LastShot/Saved/Config/Windows/Engine.ini]
[2020.03.24-15.45.22:227][  0]LogConfig: Applying CVar settings from Section [ViewDistanceQuality@3] File [C:/Users/Markram/Desktop/Mis proyectos/LastShot/LastShot/Saved/Config/Windows/Scalability.ini]
[2020.03.24-15.45.22:227][  0]LogConfig: Setting CVar [[r.SkeletalMeshLODBias:0]]
[2020.03.24-15.45.22:227][  0]LogConfig: Setting CVar [[r.ViewDistanceScale:1.0]]
[2020.03.24-15.45.22:227][  0]LogConfig: Applying CVar settings from Section [AntiAliasingQuality@3] File [C:/Users/Markram/Desktop/Mis proyectos/LastShot/LastShot/Saved/Config/Windows/Scalability.ini]
[2020.03.24-15.45.22:227][  0]LogConfig: Setting CVar [[r.PostProcessAAQuality:4]]
[2020.03.24-15.45.22:227][  0]LogConfig: Applying CVar settings from Section [ShadowQuality@3] File [C:/Users/Markram/Desktop/Mis proyectos/LastShot/LastShot/Saved/Config/Windows/Scalability.ini]
[2020.03.24-15.45.22:227][  0]LogConfig: Setting CVar [[r.LightFunctionQuality:1]]
[2020.03.24-15.45.22:227][  0]LogConfig: Setting CVar [[r.ShadowQuality:5]]
[2020.03.24-15.45.22:227][  0]LogConfig: Setting CVar [[r.Shadow.CSM.MaxCascades:10]]
[2020.03.24-15.45.22:227][  0]LogConfig: Setting CVar [[r.Shadow.MaxResolution:2048]]
[2020.03.24-15.45.22:227][  0]LogConfig: Setting CVar [[r.Shadow.MaxCSMResolution:2048]]
[2020.03.24-15.45.22:227][  0]LogConfig: Setting CVar [[r.Shadow.RadiusThreshold:0.01]]
[2020.03.24-15.45.22:227][  0]LogConfig: Setting CVar [[r.Shadow.DistanceScale:1.0]]
[2020.03.24-15.45.22:227][  0]LogConfig: Setting CVar [[r.Shadow.CSM.TransitionScale:1.0]]
[2020.03.24-15.45.22:227][  0]LogConfig: Setting CVar [[r.Shadow.PreShadowResolutionFactor:1.0]]
[2020.03.24-15.45.22:227][  0]LogConfig: Setting CVar [[r.DistanceFieldShadowing:1]]
[2020.03.24-15.45.22:227][  0]LogConfig: Setting CVar [[r.DistanceFieldAO:1]]
[2020.03.24-15.45.22:227][  0]LogConfig: Setting CVar [[r.AOQuality:2]]
[2020.03.24-15.45.22:227][  0]LogConfig: Setting CVar [[r.VolumetricFog:1]]
[2020.03.24-15.45.22:227][  0]LogConfig: Setting CVar [[r.VolumetricFog.GridPixelSize:8]]
[2020.03.24-15.45.22:227][  0]LogConfig: Setting CVar [[r.VolumetricFog.GridSizeZ:128]]
[2020.03.24-15.45.22:227][  0]LogConfig: Setting CVar [[r.VolumetricFog.HistoryMissSupersampleCount:4]]
[2020.03.24-15.45.22:227][  0]LogConfig: Setting CVar [[r.LightMaxDrawDistanceScale:1]]
[2020.03.24-15.45.22:227][  0]LogConfig: Setting CVar [[r.CapsuleShadows:1]]
[2020.03.24-15.45.22:227][  0]LogConfig: Applying CVar settings from Section [PostProcessQuality@3] File [C:/Users/Markram/Desktop/Mis proyectos/LastShot/LastShot/Saved/Config/Windows/Scalability.ini]
[2020.03.24-15.45.22:227][  0]LogConfig: Setting CVar [[r.MotionBlurQuality:4]]
[2020.03.24-15.45.22:227][  0]LogConfig: Setting CVar [[r.AmbientOcclusionMipLevelFactor:0.4]]
[2020.03.24-15.45.22:227][  0]LogConfig: Setting CVar [[r.AmbientOcclusionMaxQuality:100]]
[2020.03.24-15.45.22:227][  0]LogConfig: Setting CVar [[r.AmbientOcclusionLevels:-1]]
[2020.03.24-15.45.22:227][  0]LogConfig: Setting CVar [[r.AmbientOcclusionRadiusScale:1.0]]
[2020.03.24-15.45.22:227][  0]LogConfig: Setting CVar [[r.DepthOfFieldQuality:2]]
[2020.03.24-15.45.22:227][  0]LogConfig: Setting CVar [[r.RenderTargetPoolMin:400]]
[2020.03.24-15.45.22:227][  0]LogConfig: Setting CVar [[r.LensFlareQuality:2]]
[2020.03.24-15.45.22:227][  0]LogConfig: Setting CVar [[r.SceneColorFringeQuality:1]]
[2020.03.24-15.45.22:227][  0]LogConfig: Setting CVar [[r.EyeAdaptationQuality:2]]
[2020.03.24-15.45.22:227][  0]LogConfig: Setting CVar [[r.BloomQuality:5]]
[2020.03.24-15.45.22:227][  0]LogConfig: Setting CVar [[r.FastBlurThreshold:100]]
[2020.03.24-15.45.22:227][  0]LogConfig: Setting CVar [[r.Upscale.Quality:3]]
[2020.03.24-15.45.22:227][  0]LogConfig: Setting CVar [[r.Tonemapper.GrainQuantization:1]]
[2020.03.24-15.45.22:227][  0]LogConfig: Setting CVar [[r.LightShaftQuality:1]]
[2020.03.24-15.45.22:227][  0]LogConfig: Setting CVar [[r.Filter.SizeScale:1]]
[2020.03.24-15.45.22:227][  0]LogConfig: Setting CVar [[r.Tonemapper.Quality:5]]
[2020.03.24-15.45.22:228][  0]LogConfig: Setting CVar [[r.DOF.Gather.AccumulatorQuality:1        ; higher gathering accumulator quality]]
[2020.03.24-15.45.22:228][  0]LogConfig: Setting CVar [[r.DOF.Gather.PostfilterMethod:1          ; Median3x3 postfilering method]]
[2020.03.24-15.45.22:228][  0]LogConfig: Setting CVar [[r.DOF.Gather.EnableBokehSettings:0       ; no bokeh simulation when gathering]]
[2020.03.24-15.45.22:228][  0]LogConfig: Setting CVar [[r.DOF.Gather.RingCount:4                 ; medium number of samples when gathering]]
[2020.03.24-15.45.22:228][  0]LogConfig: Setting CVar [[r.DOF.Scatter.ForegroundCompositing:1    ; additive foreground scattering]]
[2020.03.24-15.45.22:228][  0]LogConfig: Setting CVar [[r.DOF.Scatter.BackgroundCompositing:2    ; additive background scattering]]
[2020.03.24-15.45.22:228][  0]LogConfig: Setting CVar [[r.DOF.Scatter.EnableBokehSettings:1      ; bokeh simulation when scattering]]
[2020.03.24-15.45.22:228][  0]LogConfig: Setting CVar [[r.DOF.Scatter.MaxSpriteRatio:0.1         ; only a maximum of 10% of scattered bokeh]]
[2020.03.24-15.45.22:228][  0]LogConfig: Setting CVar [[r.DOF.Recombine.Quality:1                ; cheap slight out of focus]]
[2020.03.24-15.45.22:228][  0]LogConfig: Setting CVar [[r.DOF.Recombine.EnableBokehSettings:0    ; no bokeh simulation on slight out of focus]]
[2020.03.24-15.45.22:228][  0]LogConfig: Setting CVar [[r.DOF.TemporalAAQuality:1                ; more stable temporal accumulation]]
[2020.03.24-15.45.22:228][  0]LogConfig: Setting CVar [[r.DOF.Kernel.MaxForegroundRadius:0.025]]
[2020.03.24-15.45.22:228][  0]LogConfig: Setting CVar [[r.DOF.Kernel.MaxBackgroundRadius:0.025]]
[2020.03.24-15.45.22:228][  0]LogConfig: Applying CVar settings from Section [TextureQuality@3] File [C:/Users/Markram/Desktop/Mis proyectos/LastShot/LastShot/Saved/Config/Windows/Scalability.ini]
[2020.03.24-15.45.22:228][  0]LogConfig: Setting CVar [[r.Streaming.MipBias:0]]
[2020.03.24-15.45.22:228][  0]LogConfig: Setting CVar [[r.Streaming.AmortizeCPUToGPUCopy:0]]
[2020.03.24-15.45.22:228][  0]LogConfig: Setting CVar [[r.Streaming.MaxNumTexturesToStreamPerFrame:0]]
[2020.03.24-15.45.22:228][  0]LogConfig: Setting CVar [[r.Streaming.Boost:1]]
[2020.03.24-15.45.22:228][  0]LogConfig: Setting CVar [[r.MaxAnisotropy:8]]
[2020.03.24-15.45.22:228][  0]LogConfig: Setting CVar [[r.VT.MaxAnisotropy:8]]
[2020.03.24-15.45.22:228][  0]LogConfig: Setting CVar [[r.Streaming.LimitPoolSizeToVRAM:0]]
[2020.03.24-15.45.22:228][  0]LogConfig: Setting CVar [[r.Streaming.PoolSize:1000]]
[2020.03.24-15.45.22:228][  0]LogConfig: Setting CVar [[r.Streaming.MaxEffectiveScreenSize:0]]
[2020.03.24-15.45.22:228][  0]LogConfig: Applying CVar settings from Section [EffectsQuality@3] File [C:/Users/Markram/Desktop/Mis proyectos/LastShot/LastShot/Saved/Config/Windows/Scalability.ini]
[2020.03.24-15.45.22:228][  0]LogConfig: Setting CVar [[r.TranslucencyLightingVolumeDim:64]]
[2020.03.24-15.45.22:228][  0]LogConfig: Setting CVar [[r.RefractionQuality:2]]
[2020.03.24-15.45.22:228][  0]LogConfig: Setting CVar [[r.SSR.Quality:3]]
[2020.03.24-15.45.22:228][  0]LogConfig: Setting CVar [[r.SSR.HalfResSceneColor:0]]
[2020.03.24-15.45.22:228][  0]LogConfig: Setting CVar [[r.SceneColorFormat:4]]
[2020.03.24-15.45.22:228][  0]LogConfig: Setting CVar [[r.DetailMode:2]]
[2020.03.24-15.45.22:228][  0]LogConfig: Setting CVar [[r.TranslucencyVolumeBlur:1]]
[2020.03.24-15.45.22:228][  0]LogConfig: Setting CVar [[r.MaterialQualityLevel:1 ; High quality]]
[2020.03.24-15.45.22:228][  0]LogConfig: Setting CVar [[r.SSS.Scale:1]]
[2020.03.24-15.45.22:228][  0]LogConfig: Setting CVar [[r.SSS.SampleSet:2]]
[2020.03.24-15.45.22:228][  0]LogConfig: Setting CVar [[r.SSS.Quality:1]]
[2020.03.24-15.45.22:228][  0]LogConfig: Setting CVar [[r.SSS.HalfRes:1]]
[2020.03.24-15.45.22:228][  0]LogConfig: Setting CVar [[r.SSGI.Quality:3]]
[2020.03.24-15.45.22:228][  0]LogConfig: Setting CVar [[r.EmitterSpawnRateScale:1.0]]
[2020.03.24-15.45.22:228][  0]LogConfig: Setting CVar [[r.ParticleLightQuality:2]]
[2020.03.24-15.45.22:228][  0]LogConfig: Setting CVar [[r.SkyAtmosphere.AerialPerspectiveLUT.FastApplyOnOpaque:1 ; Always have FastSkyLUT 1 in this case to avoid wrong sky]]
[2020.03.24-15.45.22:228][  0]LogConfig: Setting CVar [[r.SkyAtmosphere.AerialPerspectiveLUT.SampleCountPerSlice:1]]
[2020.03.24-15.45.22:228][  0]LogConfig: Setting CVar [[r.SkyAtmosphere.AerialPerspectiveLUT.DepthResolution:16.0]]
[2020.03.24-15.45.22:228][  0]LogConfig: Setting CVar [[r.SkyAtmosphere.FastSkyLUT:1]]
[2020.03.24-15.45.22:228][  0]LogConfig: Setting CVar [[r.SkyAtmosphere.FastSkyLUT.SampleCountMin:4.0]]
[2020.03.24-15.45.22:228][  0]LogConfig: Setting CVar [[r.SkyAtmosphere.FastSkyLUT.SampleCountMax:32.0]]
[2020.03.24-15.45.22:228][  0]LogConfig: Setting CVar [[r.SkyAtmosphere.SampleCountMin:4.0]]
[2020.03.24-15.45.22:228][  0]LogConfig: Setting CVar [[r.SkyAtmosphere.SampleCountMax:32.0]]
[2020.03.24-15.45.22:228][  0]LogConfig: Setting CVar [[r.SkyAtmosphere.TransmittanceLUT.UseSmallFormat:0]]
[2020.03.24-15.45.22:228][  0]LogConfig: Setting CVar [[r.SkyAtmosphere.TransmittanceLUT.SampleCount:10.0]]
[2020.03.24-15.45.22:228][  0]LogConfig: Setting CVar [[r.SkyAtmosphere.MultiScatteringLUT.SampleCount:15.0]]
[2020.03.24-15.45.22:228][  0]LogConfig: Applying CVar settings from Section [FoliageQuality@3] File [C:/Users/Markram/Desktop/Mis proyectos/LastShot/LastShot/Saved/Config/Windows/Scalability.ini]
[2020.03.24-15.45.22:228][  0]LogConfig: Setting CVar [[foliage.DensityScale:1.0]]
[2020.03.24-15.45.22:228][  0]LogConfig: Setting CVar [[grass.DensityScale:1.0]]
[2020.03.24-15.45.22:228][  0]LogConfig: Applying CVar settings from Section [ShadingQuality@3] File [C:/Users/Markram/Desktop/Mis proyectos/LastShot/LastShot/Saved/Config/Windows/Scalability.ini]
[2020.03.24-15.45.22:228][  0]LogConfig: Setting CVar [[r.HairStrands.SkyLighting.SampleCount:16]]
[2020.03.24-15.45.22:228][  0]LogConfig: Setting CVar [[r.HairStrands.SkyLighting.JitterIntegration:0]]
[2020.03.24-15.45.22:228][  0]LogConfig: Setting CVar [[r.HairStrands.SkyAO.SampleCount:16]]
[2020.03.24-15.45.22:228][  0]LogInit: Selected Device Profile: [Windows]
[2020.03.24-15.45.22:228][  0]LogInit: Applying CVar settings loaded from the selected device profile: [Windows]
[2020.03.24-15.45.22:232][  0]LogHAL: Display: Platform has ~ 16 GB [17129402368 / 17179869184 / 16], which maps to Larger [LargestMinGB=32, LargerMinGB=12, DefaultMinGB=8, SmallerMinGB=6, SmallestMinGB=0)
[2020.03.24-15.45.22:232][  0]LogInit: Going up to parent DeviceProfile []
[2020.03.24-15.45.22:232][  0]LogConfig: Applying CVar settings from Section [ViewDistanceQuality@3] File [C:/Users/Markram/Desktop/Mis proyectos/LastShot/LastShot/Saved/Config/Windows/Scalability.ini]
[2020.03.24-15.45.22:232][  0]LogConfig: Setting CVar [[r.SkeletalMeshLODBias:0]]
[2020.03.24-15.45.22:232][  0]LogConfig: Setting CVar [[r.ViewDistanceScale:1.0]]
[2020.03.24-15.45.22:232][  0]LogConfig: Applying CVar settings from Section [AntiAliasingQuality@3] File [C:/Users/Markram/Desktop/Mis proyectos/LastShot/LastShot/Saved/Config/Windows/Scalability.ini]
[2020.03.24-15.45.22:232][  0]LogConfig: Setting CVar [[r.PostProcessAAQuality:4]]
[2020.03.24-15.45.22:232][  0]LogConfig: Applying CVar settings from Section [ShadowQuality@3] File [C:/Users/Markram/Desktop/Mis proyectos/LastShot/LastShot/Saved/Config/Windows/Scalability.ini]
[2020.03.24-15.45.22:232][  0]LogConfig: Setting CVar [[r.LightFunctionQuality:1]]
[2020.03.24-15.45.22:232][  0]LogConfig: Setting CVar [[r.ShadowQuality:5]]
[2020.03.24-15.45.22:232][  0]LogConfig: Setting CVar [[r.Shadow.CSM.MaxCascades:10]]
[2020.03.24-15.45.22:232][  0]LogConfig: Setting CVar [[r.Shadow.MaxResolution:2048]]
[2020.03.24-15.45.22:232][  0]LogConfig: Setting CVar [[r.Shadow.MaxCSMResolution:2048]]
[2020.03.24-15.45.22:232][  0]LogConfig: Setting CVar [[r.Shadow.RadiusThreshold:0.01]]
[2020.03.24-15.45.22:232][  0]LogConfig: Setting CVar [[r.Shadow.DistanceScale:1.0]]
[2020.03.24-15.45.22:232][  0]LogConfig: Setting CVar [[r.Shadow.CSM.TransitionScale:1.0]]
[2020.03.24-15.45.22:232][  0]LogConfig: Setting CVar [[r.Shadow.PreShadowResolutionFactor:1.0]]
[2020.03.24-15.45.22:232][  0]LogConfig: Setting CVar [[r.DistanceFieldShadowing:1]]
[2020.03.24-15.45.22:232][  0]LogConfig: Setting CVar [[r.DistanceFieldAO:1]]
[2020.03.24-15.45.22:232][  0]LogConfig: Setting CVar [[r.AOQuality:2]]
[2020.03.24-15.45.22:232][  0]LogConfig: Setting CVar [[r.VolumetricFog:1]]
[2020.03.24-15.45.22:232][  0]LogConfig: Setting CVar [[r.VolumetricFog.GridPixelSize:8]]
[2020.03.24-15.45.22:232][  0]LogConfig: Setting CVar [[r.VolumetricFog.GridSizeZ:128]]
[2020.03.24-15.45.22:232][  0]LogConfig: Setting CVar [[r.VolumetricFog.HistoryMissSupersampleCount:4]]
[2020.03.24-15.45.22:232][  0]LogConfig: Setting CVar [[r.LightMaxDrawDistanceScale:1]]
[2020.03.24-15.45.22:232][  0]LogConfig: Setting CVar [[r.CapsuleShadows:1]]
[2020.03.24-15.45.22:232][  0]LogConfig: Applying CVar settings from Section [PostProcessQuality@3] File [C:/Users/Markram/Desktop/Mis proyectos/LastShot/LastShot/Saved/Config/Windows/Scalability.ini]
[2020.03.24-15.45.22:232][  0]LogConfig: Setting CVar [[r.MotionBlurQuality:4]]
[2020.03.24-15.45.22:232][  0]LogConfig: Setting CVar [[r.AmbientOcclusionMipLevelFactor:0.4]]
[2020.03.24-15.45.22:232][  0]LogConfig: Setting CVar [[r.AmbientOcclusionMaxQuality:100]]
[2020.03.24-15.45.22:232][  0]LogConfig: Setting CVar [[r.AmbientOcclusionLevels:-1]]
[2020.03.24-15.45.22:232][  0]LogConfig: Setting CVar [[r.AmbientOcclusionRadiusScale:1.0]]
[2020.03.24-15.45.22:232][  0]LogConfig: Setting CVar [[r.DepthOfFieldQuality:2]]
[2020.03.24-15.45.22:232][  0]LogConfig: Setting CVar [[r.RenderTargetPoolMin:400]]
[2020.03.24-15.45.22:232][  0]LogConfig: Setting CVar [[r.LensFlareQuality:2]]
[2020.03.24-15.45.22:232][  0]LogConfig: Setting CVar [[r.SceneColorFringeQuality:1]]
[2020.03.24-15.45.22:232][  0]LogConfig: Setting CVar [[r.EyeAdaptationQuality:2]]
[2020.03.24-15.45.22:232][  0]LogConfig: Setting CVar [[r.BloomQuality:5]]
[2020.03.24-15.45.22:232][  0]LogConfig: Setting CVar [[r.FastBlurThreshold:100]]
[2020.03.24-15.45.22:233][  0]LogConfig: Setting CVar [[r.Upscale.Quality:3]]
[2020.03.24-15.45.22:233][  0]LogConfig: Setting CVar [[r.Tonemapper.GrainQuantization:1]]
[2020.03.24-15.45.22:233][  0]LogConfig: Setting CVar [[r.LightShaftQuality:1]]
[2020.03.24-15.45.22:233][  0]LogConfig: Setting CVar [[r.Filter.SizeScale:1]]
[2020.03.24-15.45.22:233][  0]LogConfig: Setting CVar [[r.Tonemapper.Quality:5]]
[2020.03.24-15.45.22:233][  0]LogConfig: Setting CVar [[r.DOF.Gather.AccumulatorQuality:1        ; higher gathering accumulator quality]]
[2020.03.24-15.45.22:233][  0]LogConfig: Setting CVar [[r.DOF.Gather.PostfilterMethod:1          ; Median3x3 postfilering method]]
[2020.03.24-15.45.22:233][  0]LogConfig: Setting CVar [[r.DOF.Gather.EnableBokehSettings:0       ; no bokeh simulation when gathering]]
[2020.03.24-15.45.22:233][  0]LogConfig: Setting CVar [[r.DOF.Gather.RingCount:4                 ; medium number of samples when gathering]]
[2020.03.24-15.45.22:233][  0]LogConfig: Setting CVar [[r.DOF.Scatter.ForegroundCompositing:1    ; additive foreground scattering]]
[2020.03.24-15.45.22:233][  0]LogConfig: Setting CVar [[r.DOF.Scatter.BackgroundCompositing:2    ; additive background scattering]]
[2020.03.24-15.45.22:233][  0]LogConfig: Setting CVar [[r.DOF.Scatter.EnableBokehSettings:1      ; bokeh simulation when scattering]]
[2020.03.24-15.45.22:233][  0]LogConfig: Setting CVar [[r.DOF.Scatter.MaxSpriteRatio:0.1         ; only a maximum of 10% of scattered bokeh]]
[2020.03.24-15.45.22:233][  0]LogConfig: Setting CVar [[r.DOF.Recombine.Quality:1                ; cheap slight out of focus]]
[2020.03.24-15.45.22:233][  0]LogConfig: Setting CVar [[r.DOF.Recombine.EnableBokehSettings:0    ; no bokeh simulation on slight out of focus]]
[2020.03.24-15.45.22:233][  0]LogConfig: Setting CVar [[r.DOF.TemporalAAQuality:1                ; more stable temporal accumulation]]
[2020.03.24-15.45.22:233][  0]LogConfig: Setting CVar [[r.DOF.Kernel.MaxForegroundRadius:0.025]]
[2020.03.24-15.45.22:233][  0]LogConfig: Setting CVar [[r.DOF.Kernel.MaxBackgroundRadius:0.025]]
[2020.03.24-15.45.22:233][  0]LogConfig: Applying CVar settings from Section [TextureQuality@3] File [C:/Users/Markram/Desktop/Mis proyectos/LastShot/LastShot/Saved/Config/Windows/Scalability.ini]
[2020.03.24-15.45.22:233][  0]LogConfig: Setting CVar [[r.Streaming.MipBias:0]]
[2020.03.24-15.45.22:233][  0]LogConfig: Setting CVar [[r.Streaming.AmortizeCPUToGPUCopy:0]]
[2020.03.24-15.45.22:233][  0]LogConfig: Setting CVar [[r.Streaming.MaxNumTexturesToStreamPerFrame:0]]
[2020.03.24-15.45.22:233][  0]LogConfig: Setting CVar [[r.Streaming.Boost:1]]
[2020.03.24-15.45.22:233][  0]LogConfig: Setting CVar [[r.MaxAnisotropy:8]]
[2020.03.24-15.45.22:233][  0]LogConfig: Setting CVar [[r.VT.MaxAnisotropy:8]]
[2020.03.24-15.45.22:233][  0]LogConfig: Setting CVar [[r.Streaming.LimitPoolSizeToVRAM:0]]
[2020.03.24-15.45.22:233][  0]LogConfig: Setting CVar [[r.Streaming.PoolSize:1000]]
[2020.03.24-15.45.22:233][  0]LogConfig: Setting CVar [[r.Streaming.MaxEffectiveScreenSize:0]]
[2020.03.24-15.45.22:233][  0]LogConfig: Applying CVar settings from Section [EffectsQuality@3] File [C:/Users/Markram/Desktop/Mis proyectos/LastShot/LastShot/Saved/Config/Windows/Scalability.ini]
[2020.03.24-15.45.22:233][  0]LogConfig: Setting CVar [[r.TranslucencyLightingVolumeDim:64]]
[2020.03.24-15.45.22:233][  0]LogConfig: Setting CVar [[r.RefractionQuality:2]]
[2020.03.24-15.45.22:233][  0]LogConfig: Setting CVar [[r.SSR.Quality:3]]
[2020.03.24-15.45.22:233][  0]LogConfig: Setting CVar [[r.SSR.HalfResSceneColor:0]]
[2020.03.24-15.45.22:233][  0]LogConfig: Setting CVar [[r.SceneColorFormat:4]]
[2020.03.24-15.45.22:233][  0]LogConfig: Setting CVar [[r.DetailMode:2]]
[2020.03.24-15.45.22:233][  0]LogConfig: Setting CVar [[r.TranslucencyVolumeBlur:1]]
[2020.03.24-15.45.22:233][  0]LogConfig: Setting CVar [[r.MaterialQualityLevel:1 ; High quality]]
[2020.03.24-15.45.22:233][  0]LogConfig: Setting CVar [[r.SSS.Scale:1]]
[2020.03.24-15.45.22:233][  0]LogConfig: Setting CVar [[r.SSS.SampleSet:2]]
[2020.03.24-15.45.22:233][  0]LogConfig: Setting CVar [[r.SSS.Quality:1]]
[2020.03.24-15.45.22:233][  0]LogConfig: Setting CVar [[r.SSS.HalfRes:1]]
[2020.03.24-15.45.22:233][  0]LogConfig: Setting CVar [[r.SSGI.Quality:3]]
[2020.03.24-15.45.22:233][  0]LogConfig: Setting CVar [[r.EmitterSpawnRateScale:1.0]]
[2020.03.24-15.45.22:233][  0]LogConfig: Setting CVar [[r.ParticleLightQuality:2]]
[2020.03.24-15.45.22:233][  0]LogConfig: Setting CVar [[r.SkyAtmosphere.AerialPerspectiveLUT.FastApplyOnOpaque:1 ; Always have FastSkyLUT 1 in this case to avoid wrong sky]]
[2020.03.24-15.45.22:233][  0]LogConfig: Setting CVar [[r.SkyAtmosphere.AerialPerspectiveLUT.SampleCountPerSlice:1]]
[2020.03.24-15.45.22:233][  0]LogConfig: Setting CVar [[r.SkyAtmosphere.AerialPerspectiveLUT.DepthResolution:16.0]]
[2020.03.24-15.45.22:233][  0]LogConfig: Setting CVar [[r.SkyAtmosphere.FastSkyLUT:1]]
[2020.03.24-15.45.22:233][  0]LogConfig: Setting CVar [[r.SkyAtmosphere.FastSkyLUT.SampleCountMin:4.0]]
[2020.03.24-15.45.22:233][  0]LogConfig: Setting CVar [[r.SkyAtmosphere.FastSkyLUT.SampleCountMax:32.0]]
[2020.03.24-15.45.22:233][  0]LogConfig: Setting CVar [[r.SkyAtmosphere.SampleCountMin:4.0]]
[2020.03.24-15.45.22:233][  0]LogConfig: Setting CVar [[r.SkyAtmosphere.SampleCountMax:32.0]]
[2020.03.24-15.45.22:233][  0]LogConfig: Setting CVar [[r.SkyAtmosphere.TransmittanceLUT.UseSmallFormat:0]]
[2020.03.24-15.45.22:233][  0]LogConfig: Setting CVar [[r.SkyAtmosphere.TransmittanceLUT.SampleCount:10.0]]
[2020.03.24-15.45.22:233][  0]LogConfig: Setting CVar [[r.SkyAtmosphere.MultiScatteringLUT.SampleCount:15.0]]
[2020.03.24-15.45.22:233][  0]LogConfig: Applying CVar settings from Section [FoliageQuality@3] File [C:/Users/Markram/Desktop/Mis proyectos/LastShot/LastShot/Saved/Config/Windows/Scalability.ini]
[2020.03.24-15.45.22:233][  0]LogConfig: Setting CVar [[foliage.DensityScale:1.0]]
[2020.03.24-15.45.22:233][  0]LogConfig: Setting CVar [[grass.DensityScale:1.0]]
[2020.03.24-15.45.22:233][  0]LogConfig: Applying CVar settings from Section [ShadingQuality@3] File [C:/Users/Markram/Desktop/Mis proyectos/LastShot/LastShot/Saved/Config/Windows/Scalability.ini]
[2020.03.24-15.45.22:233][  0]LogConfig: Setting CVar [[r.HairStrands.SkyLighting.SampleCount:16]]
[2020.03.24-15.45.22:233][  0]LogConfig: Setting CVar [[r.HairStrands.SkyLighting.JitterIntegration:0]]
[2020.03.24-15.45.22:233][  0]LogConfig: Setting CVar [[r.HairStrands.SkyAO.SampleCount:16]]
[2020.03.24-15.45.22:233][  0]LogConfig: Applying CVar settings from Section [Startup] File [../../../Engine/Config/ConsoleVariables.ini]
[2020.03.24-15.45.22:234][  0]LogConfig: Setting CVar [[net.UseAdaptiveNetUpdateFrequency:0]]
[2020.03.24-15.45.22:234][  0]LogConfig: Setting CVar [[p.chaos.AllowCreatePhysxBodies:1]]
[2020.03.24-15.45.22:234][  0]LogConfig: Applying CVar settings from Section [ConsoleVariables] File [C:/Users/Markram/Desktop/Mis proyectos/LastShot/LastShot/Saved/Config/Windows/Engine.ini]
[2020.03.24-15.45.22:234][  0]LogInit: Computer: DESKTOP-SEHO9G5
[2020.03.24-15.45.22:234][  0]LogInit: User: Markram
[2020.03.24-15.45.22:234][  0]LogInit: CPU Page size=4096, Cores=4
[2020.03.24-15.45.22:234][  0]LogInit: High frequency timer resolution =10.000000 MHz
[2020.03.24-15.45.22:234][  0]LogMemory: Memory total: Physical=16.0GB (16GB approx)
[2020.03.24-15.45.22:234][  0]LogMemory: Platform Memory Stats for Windows
[2020.03.24-15.45.22:234][  0]LogMemory: Process Physical Memory: 104.34 MB used, 104.34 MB peak
[2020.03.24-15.45.22:234][  0]LogMemory: Process Virtual Memory: 99.86 MB used, 99.86 MB peak
[2020.03.24-15.45.22:234][  0]LogMemory: Physical Memory: 8747.44 MB used,  7588.43 MB free, 16335.87 MB total
[2020.03.24-15.45.22:234][  0]LogMemory: Virtual Memory: 5086.83 MB used,  134212640.00 MB free, 134217728.00 MB total
[2020.03.24-15.45.22:238][  0]LogWindows: WindowsPlatformFeatures enabled
[2020.03.24-15.45.22:263][  0]LogInit: Using OS detected language (en-GB).
[2020.03.24-15.45.22:263][  0]LogInit: Using OS detected locale (en-GB).
[2020.03.24-15.45.22:265][  0]LogTextLocalizationManager: No specific localization for 'en-GB' exists, so the 'en' localization will be used.
[2020.03.24-15.45.22:440][  0]LogInit: Setting process to per monitor DPI aware
[2020.03.24-15.45.22:476][  0]LogSlate: New Slate User Created.  User Index 0, Is Virtual User: 0
[2020.03.24-15.45.22:476][  0]LogSlate: Slate User Registered.  User Index 0, Is Virtual User: 0
[2020.03.24-15.45.22:709][  0]LogHMD: Failed to initialize OpenVR with code 102
[2020.03.24-15.45.22:709][  0]LogD3D11RHI: D3D11 min allowed feature level: 11_0
[2020.03.24-15.45.22:709][  0]LogD3D11RHI: D3D11 max allowed feature level: 11_0
[2020.03.24-15.45.22:709][  0]LogD3D11RHI: D3D11 adapters:
[2020.03.24-15.45.22:806][  0]LogD3D11RHI:    0. 'NVIDIA GeForce GTX 970' (Feature Level 11_0)
[2020.03.24-15.45.22:806][  0]LogD3D11RHI:       4043/0/8167 MB DedicatedVideo/DedicatedSystem/SharedSystem, Outputs:2, VendorId:0x10de
[2020.03.24-15.45.22:809][  0]LogD3D11RHI:    1. 'Microsoft Basic Render Driver' (Feature Level 11_0)
[2020.03.24-15.45.22:809][  0]LogD3D11RHI:       0/0/8167 MB DedicatedVideo/DedicatedSystem/SharedSystem, Outputs:0, VendorId:0x1414
[2020.03.24-15.45.22:809][  0]LogD3D11RHI: Chosen D3D11 Adapter: 0
[2020.03.24-15.45.22:817][  0]LogD3D11RHI: Creating new Direct3DDevice
[2020.03.24-15.45.22:817][  0]LogD3D11RHI:     GPU DeviceId: 0x13c2 (for the marketing name, search the web for "GPU Device Id")
[2020.03.24-15.45.22:817][  0]LogWindows: EnumDisplayDevices:
[2020.03.24-15.45.22:817][  0]LogWindows:    0. 'NVIDIA GeForce GTX 970' (P:0 D:1)
[2020.03.24-15.45.22:818][  0]LogWindows:    1. 'NVIDIA GeForce GTX 970' (P:1 D:1)
[2020.03.24-15.45.22:818][  0]LogWindows:    2. 'NVIDIA GeForce GTX 970' (P:0 D:0)
[2020.03.24-15.45.22:819][  0]LogWindows:    3. 'NVIDIA GeForce GTX 970' (P:0 D:0)
[2020.03.24-15.45.22:819][  0]LogWindows: DebugString: FoundDriverCount:4 
[2020.03.24-15.45.22:819][  0]LogD3D11RHI:     Adapter Name: NVIDIA GeForce GTX 970
[2020.03.24-15.45.22:819][  0]LogD3D11RHI:   Driver Version: 442.50 (internal:26.21.14.4250, unified:442.50)
[2020.03.24-15.45.22:819][  0]LogD3D11RHI:      Driver Date: 2-24-2020
[2020.03.24-15.45.22:819][  0]LogRHI: Texture pool is 2830 MB (70% of 4043 MB)
[2020.03.24-15.45.22:864][  0]LogD3D11RHI: RHI has support for 64 bit atomics
[2020.03.24-15.45.22:865][  0]LogD3D11RHI: Async texture creation enabled
[2020.03.24-15.45.22:894][  0]LogD3D11RHI: GPU Timing Frequency: 1000.000000 (Debug: 2 1)
[2020.03.24-15.45.23:488][  0]LogTargetPlatformManager: Display: Loaded TargetPlatform 'AllDesktop'
[2020.03.24-15.45.23:524][  0]LogTargetPlatformManager: Display: Loaded TargetPlatform 'Android'
[2020.03.24-15.45.23:524][  0]LogTargetPlatformManager: Display: Loaded TargetPlatform 'Android_ASTC'
[2020.03.24-15.45.23:524][  0]LogTargetPlatformManager: Display: Loaded TargetPlatform 'Android_ATC'
[2020.03.24-15.45.23:524][  0]LogTargetPlatformManager: Display: Loaded TargetPlatform 'Android_DXT'
[2020.03.24-15.45.23:524][  0]LogTargetPlatformManager: Display: Loaded TargetPlatform 'Android_ETC1'
[2020.03.24-15.45.23:524][  0]LogTargetPlatformManager: Display: Loaded TargetPlatform 'Android_ETC1a'
[2020.03.24-15.45.23:524][  0]LogTargetPlatformManager: Display: Loaded TargetPlatform 'Android_ETC2'
[2020.03.24-15.45.23:524][  0]LogTargetPlatformManager: Display: Loaded TargetPlatform 'Android_PVRTC'
[2020.03.24-15.45.23:524][  0]LogTargetPlatformManager: Display: Loaded TargetPlatform 'AndroidClient'
[2020.03.24-15.45.23:524][  0]LogTargetPlatformManager: Display: Loaded TargetPlatform 'Android_ASTCClient'
[2020.03.24-15.45.23:524][  0]LogTargetPlatformManager: Display: Loaded TargetPlatform 'Android_ATCClient'
[2020.03.24-15.45.23:524][  0]LogTargetPlatformManager: Display: Loaded TargetPlatform 'Android_DXTClient'
[2020.03.24-15.45.23:524][  0]LogTargetPlatformManager: Display: Loaded TargetPlatform 'Android_ETC1Client'
[2020.03.24-15.45.23:524][  0]LogTargetPlatformManager: Display: Loaded TargetPlatform 'Android_ETC1aClient'
[2020.03.24-15.45.23:524][  0]LogTargetPlatformManager: Display: Loaded TargetPlatform 'Android_ETC2Client'
[2020.03.24-15.45.23:524][  0]LogTargetPlatformManager: Display: Loaded TargetPlatform 'Android_PVRTCClient'
[2020.03.24-15.45.23:524][  0]LogTargetPlatformManager: Display: Loaded TargetPlatform 'Android_Multi'
[2020.03.24-15.45.23:524][  0]LogTargetPlatformManager: Display: Loaded TargetPlatform 'Android_MultiClient'
[2020.03.24-15.45.23:545][  0]LogTargetPlatformManager: Display: Loaded TargetPlatform 'IOSClient'
[2020.03.24-15.45.23:545][  0]LogTargetPlatformManager: Display: Loaded TargetPlatform 'IOS'
[2020.03.24-15.45.23:553][  0]LogTargetPlatformManager: Display: Loaded TargetPlatform 'LinuxNoEditor'
[2020.03.24-15.45.23:562][  0]LogTargetPlatformManager: Display: Loaded TargetPlatform 'LinuxClient'
[2020.03.24-15.45.23:570][  0]LogTargetPlatformManager: Display: Loaded TargetPlatform 'LinuxServer'
[2020.03.24-15.45.23:579][  0]LogTargetPlatformManager: Display: Loaded TargetPlatform 'LinuxAArch64NoEditor'
[2020.03.24-15.45.23:588][  0]LogTargetPlatformManager: Display: Loaded TargetPlatform 'LinuxAArch64Client'
[2020.03.24-15.45.23:597][  0]LogTargetPlatformManager: Display: Loaded TargetPlatform 'LinuxAArch64Server'
[2020.03.24-15.45.23:628][  0]LogTargetPlatformManager: Display: Loaded TargetPlatform 'Lumin'
[2020.03.24-15.45.23:628][  0]LogTargetPlatformManager: Display: Loaded TargetPlatform 'LuminClient'
[2020.03.24-15.45.23:646][  0]LogTargetPlatformManager: Display: Loaded TargetPlatform 'TVOSClient'
[2020.03.24-15.45.23:646][  0]LogTargetPlatformManager: Display: Loaded TargetPlatform 'TVOS'
[2020.03.24-15.45.23:655][  0]LogTargetPlatformManager: Display: Loaded TargetPlatform 'WindowsNoEditor'
[2020.03.24-15.45.23:664][  0]LogTargetPlatformManager: Display: Loaded TargetPlatform 'Windows'
[2020.03.24-15.45.23:673][  0]LogTargetPlatformManager: Display: Loaded TargetPlatform 'WindowsClient'
[2020.03.24-15.45.23:682][  0]LogTargetPlatformManager: Display: Loaded TargetPlatform 'WindowsServer'
[2020.03.24-15.45.23:682][  0]LogTargetPlatformManager: Display: Building Assets For Windows
[2020.03.24-15.45.23:687][  0]LogAudioDebug: Display: Lib vorbis DLL was dynamically loaded.
[2020.03.24-15.45.23:722][  0]LogShaderCompilers: Guid format shader working directory is -24 characters bigger than the processId version (../../../../../../Users/Markram/Desktop/Mis proyectos/LastShot/LastShot/Intermediate/Shaders/WorkingDirectory/10544/).
[2020.03.24-15.45.23:722][  0]LogShaderCompilers: Cleaned the shader compiler working directory 'C:/Users/Markram/AppData/Local/Temp/UnrealShaderWorkingDir/191A82A94E7F93B2310B41B5B5EDE2B6/'.
[2020.03.24-15.45.23:723][  0]LogXGEController: Cannot use XGE Controller as Incredibuild is not installed on this machine.
[2020.03.24-15.45.23:723][  0]LogShaderCompilers: Cannot use XGE Shader Compiler as Incredibuild is not installed on this machine.
[2020.03.24-15.45.23:723][  0]LogShaderCompilers: Display: Using Local Shader Compiler.
[2020.03.24-15.45.24:505][  0]LogDerivedDataCache: Display: Max Cache Size: 512 MB
[2020.03.24-15.45.24:560][  0]LogDerivedDataCache: Loaded boot cache 0.05s 79MB C:/Users/Markram/AppData/Local/UnrealEngine/4.24/DerivedDataCache/Boot.ddc.
[2020.03.24-15.45.24:560][  0]LogDerivedDataCache: Display: Loaded Boot cache: C:/Users/Markram/AppData/Local/UnrealEngine/4.24/DerivedDataCache/Boot.ddc
[2020.03.24-15.45.24:560][  0]LogDerivedDataCache: FDerivedDataBackendGraph:  Pak pak cache file ../../../../../../Users/Markram/Desktop/Mis proyectos/LastShot/LastShot/DerivedDataCache/DDC.ddp not found, will not use a pak cache.
[2020.03.24-15.45.24:560][  0]LogDerivedDataCache: Unable to find inner node Pak for hierarchical cache Hierarchy.
[2020.03.24-15.45.24:560][  0]LogDerivedDataCache: FDerivedDataBackendGraph:  CompressedPak pak cache file ../../../../../../Users/Markram/Desktop/Mis proyectos/LastShot/LastShot/DerivedDataCache/Compressed.ddp not found, will not use a pak cache.
[2020.03.24-15.45.24:560][  0]LogDerivedDataCache: Unable to find inner node CompressedPak for hierarchical cache Hierarchy.
[2020.03.24-15.45.24:571][  0]LogDerivedDataCache: Display: Pak cache opened for reading ../../../Engine/DerivedDataCache/Compressed.ddp.
[2020.03.24-15.45.24:571][  0]LogDerivedDataCache: FDerivedDataBackendGraph:  EnterprisePak pak cache file ../../../Enterprise/DerivedDataCache/Compressed.ddp not found, will not use a pak cache.
[2020.03.24-15.45.24:571][  0]LogDerivedDataCache: Unable to find inner node EnterprisePak for hierarchical cache Hierarchy.
[2020.03.24-15.45.24:573][  0]LogDerivedDataCache: Using Local data cache path C:/Users/Markram/AppData/Local/UnrealEngine/Common/DerivedDataCache: Writable
[2020.03.24-15.45.24:573][  0]LogDerivedDataCache: Shared data cache path not found in *engine.ini, will not use an Shared cache.
[2020.03.24-15.45.24:573][  0]LogDerivedDataCache: Unable to find inner node Shared for hierarchical cache Hierarchy.
[2020.03.24-15.45.24:600][  0]LogMaterial: Verifying Global Shaders for PCD3D_SM5
[2020.03.24-15.45.24:603][  0]LogSlate: Using FreeType 2.10.0
[2020.03.24-15.45.24:603][  0]LogSlate: SlateFontServices - WITH_FREETYPE: 1, WITH_HARFBUZZ: 1
[2020.03.24-15.45.24:680][  0]LogAssetRegistry: FAssetRegistry took 0.0026 seconds to start up
[2020.03.24-15.45.24:987][  0]LogInit: Selected Device Profile: [Windows]
[2020.03.24-15.45.25:158][  0]LogMeshReduction: Using QuadricMeshReduction for automatic static mesh reduction
[2020.03.24-15.45.25:158][  0]LogMeshReduction: Using SimplygonMeshReduction for automatic skeletal mesh reduction
[2020.03.24-15.45.25:158][  0]LogMeshReduction: Using ProxyLODMeshReduction for automatic mesh merging
[2020.03.24-15.45.25:158][  0]LogMeshReduction: No distributed automatic mesh merging module available
[2020.03.24-15.45.25:158][  0]LogMeshMerging: No distributed automatic mesh merging module available
[2020.03.24-15.45.25:176][  0]LogNetVersion: LastShot 1.0.0, NetCL: 10570792, EngineNetVer: 13, GameNetVer: 0 (Checksum: 1340524395)
[2020.03.24-15.45.26:571][  0]LogPackageLocalizationCache: Processed 10 localized package path(s) for 1 prioritized culture(s) in 0.040964 seconds
[2020.03.24-15.45.26:578][  0]LogUObjectArray: 46750 objects as part of root set at end of initial load.
[2020.03.24-15.45.26:578][  0]LogUObjectAllocator: 8137160 out of 0 bytes used by permanent object pool.
[2020.03.24-15.45.26:578][  0]LogUObjectArray: CloseDisregardForGC: 0/0 objects in disregard for GC pool
[2020.03.24-15.45.27:062][  0]LogTcpMessaging: Initializing TcpMessaging bridge
[2020.03.24-15.45.27:065][  0]LogUdpMessaging: Initializing bridge on interface 0.0.0.0:0 to multicast group 230.0.0.1:6666.
[2020.03.24-15.45.27:122][  0]SourceControl: Source control is disabled
[2020.03.24-15.45.27:122][  0]SourceControl: Source control is disabled
[2020.03.24-15.45.27:124][  0]SourceControl: Source control is disabled
[2020.03.24-15.45.27:125][  0]SourceControl: Source control is disabled
[2020.03.24-15.45.27:126][  0]SourceControl: Source control is disabled
[2020.03.24-15.45.27:227][  0]LogAndroidPermission: UAndroidPermissionCallbackProxy::GetInstance
[2020.03.24-15.45.27:239][  0]LogAudioCaptureCore: Display: No Audio Capture implementations found. Audio input will be silent.
[2020.03.24-15.45.27:239][  0]LogAudioCaptureCore: Display: No Audio Capture implementations found. Audio input will be silent.
[2020.03.24-15.45.27:334][  0]LogOcInput: OculusInput pre-init called
[2020.03.24-15.45.27:346][  0]LogWindows: Failed to load 'OVRPlugin.dll' (GetLastError=126)
[2020.03.24-15.45.27:346][  0]LogWindows: File 'OVRPlugin.dll' does not exist
[2020.03.24-15.45.27:426][  0]LogEngine: Initializing Engine...
[2020.03.24-15.45.27:428][  0]LogHMD: Failed to initialize OpenVR with code 102
[2020.03.24-15.45.27:429][  0]LogStats: UGameplayTagsManager::InitializeManager -  0.000 s
[2020.03.24-15.45.27:925][  0]LogInit: Initializing FReadOnlyCVARCache
[2020.03.24-15.45.27:934][  0]LogAIModule: Creating AISystem for world Untitled
[2020.03.24-15.45.27:940][  0]LogAudioMixer: Display: Audio Mixer Platform Settings:
[2020.03.24-15.45.27:940][  0]LogAudioMixer: Display: 	Sample Rate:						  48000
[2020.03.24-15.45.27:940][  0]LogAudioMixer: Display: 	Callback Buffer Frame Size Requested: 1024
[2020.03.24-15.45.27:940][  0]LogAudioMixer: Display: 	Callback Buffer Frame Size To Use:	  1024
[2020.03.24-15.45.27:940][  0]LogAudioMixer: Display: 	Number of buffers to queue:			  2
[2020.03.24-15.45.27:940][  0]LogAudioMixer: Display: 	Max Channels (voices):				  32
[2020.03.24-15.45.27:940][  0]LogAudioMixer: Display: 	Number of Async Source Workers:		  0
[2020.03.24-15.45.27:940][  0]LogAudio: Display: AudioDevice MaxSources: 32
[2020.03.24-15.45.27:941][  0]LogAudio: Display: Using built-in audio occlusion.
[2020.03.24-15.45.27:941][  0]LogAudioMixer: Display: Initializing audio mixer.
[2020.03.24-15.45.28:039][  0]LogAudioMixer: Display: Audio Device Output Speaker Info:
[2020.03.24-15.45.28:039][  0]LogAudioMixer: Display: Name: Altavoces (SteelSeries Siberia 350)
[2020.03.24-15.45.28:039][  0]LogAudioMixer: Display: Is Default: Yes
[2020.03.24-15.45.28:039][  0]LogAudioMixer: Display: Sample Rate: 48000
[2020.03.24-15.45.28:039][  0]LogAudioMixer: Display: Channel Count Used: 2
[2020.03.24-15.45.28:039][  0]LogAudioMixer: Display: Device Channel Count: 2
[2020.03.24-15.45.28:039][  0]LogAudioMixer: Display: Channel Order:
[2020.03.24-15.45.28:039][  0]LogAudioMixer: Display: 0: FrontLeft
[2020.03.24-15.45.28:039][  0]LogAudioMixer: Display: 1: FrontRight
[2020.03.24-15.45.28:091][  0]LogAudioMixer: Display: Using Audio Device Altavoces (SteelSeries Siberia 350)
[2020.03.24-15.45.28:094][  0]LogInit: FAudioDevice initialized.
[2020.03.24-15.45.28:095][  0]LogNetVersion: Set ProjectVersion to 1.0.0.0. Version Checksum will be recalculated on next use.
[2020.03.24-15.45.28:239][  0]LogDerivedDataCache: Saved boot cache 0.14s 79MB C:/Users/Markram/AppData/Local/UnrealEngine/4.24/DerivedDataCache/Boot.ddc.
[2020.03.24-15.45.28:239][  0]LogInit: Texture streaming: Enabled
[2020.03.24-15.45.28:255][  0]LogEngineSessionManager: EngineSessionManager initialized
[2020.03.24-15.45.28:255][  0]LogEditorSessionSummary: Verbose: Initializing EditorSessionSummaryWriter for editor session tracking
[2020.03.24-15.45.28:272][  0]LogEditorSessionSummary: EditorSessionSummaryWriter initialized
[2020.03.24-15.45.28:323][  0]LogInit: Transaction tracking system initialized
[2020.03.24-15.45.28:338][  0]BlueprintLog: New page: Editor Load
[2020.03.24-15.45.28:383][  0]LocalizationService: Localization service is disabled
[2020.03.24-15.45.28:908][  0]LogFileCache: Scanning file cache for directory 'C:/Users/Markram/Desktop/Mis proyectos/LastShot/LastShot/Content/' took 0.01s
[2020.03.24-15.45.28:908][  0]LogCook: Display: Max memory allowance for cook 16384mb min free memory 0mb
[2020.03.24-15.45.28:908][  0]LogCook: Display: Mobile HDR setting 1
[2020.03.24-15.45.29:845][  0]SourceControl: Source control is disabled
[2020.03.24-15.45.29:845][  0]Cmd: MAP LOAD FILE="../../../../../../Users/Markram/Desktop/Mis proyectos/LastShot/LastShot/Content/FirstPersonBP/Maps/FirstPersonExampleMap.umap" TEMPLATE=0 SHOWPROGRESS=1 FEATURELEVEL=3
[2020.03.24-15.45.29:878][  0]LightingResults: New page: Lighting Build
[2020.03.24-15.45.29:879][  0]LogWorld: UWorld::CleanupWorld for Untitled, bSessionEnded=true, bCleanupResources=true
[2020.03.24-15.45.29:879][  0]LogSlate: InvalidateAllWidgets triggered.  All widgets were invalidated
[2020.03.24-15.45.29:879][  0]MapCheck: New page: Map Check
[2020.03.24-15.45.29:879][  0]LightingResults: New page: Lighting Build
[2020.03.24-15.45.29:903][  0]LogUObjectHash: Compacting FUObjectHashTables data took   1.90ms
[2020.03.24-15.45.32:099][  0]LogLinker: Warning: While loading '../../../../../../Users/Markram/Desktop/Mis proyectos/LastShot/LastShot/Content/FirstPersonBP/Maps/FirstPersonExampleMap.umap' failed to load '/Game/FirstPersonBP/Maps/FirstPersonExampleMap_BuiltData': Can't find file.
[2020.03.24-15.45.32:099][  0]LogLinker: Warning: While loading '../../../../../../Users/Markram/Desktop/Mis proyectos/LastShot/LastShot/Content/FirstPersonBP/Maps/FirstPersonExampleMap.umap' failed to load '/Game/FirstPersonBP/Maps/FirstPersonExampleMap_BuiltData': Can't find file.
[2020.03.24-15.45.32:137][  0]LogLinker: Warning: While loading '../../../../../../Users/Markram/Desktop/Mis proyectos/LastShot/LastShot/Content/FirstPersonBP/Maps/FirstPersonExampleMap.umap' failed to load '/Game/FirstPersonBP/Maps/FirstPersonExampleMap_BuiltData': Can't find file.
[2020.03.24-15.45.32:137][  0]LogLinker: Warning: While loading '../../../../../../Users/Markram/Desktop/Mis proyectos/LastShot/LastShot/Content/FirstPersonBP/Maps/FirstPersonExampleMap.umap' failed to load '/Game/FirstPersonBP/Maps/FirstPersonExampleMap_BuiltData': Can't find file.
[2020.03.24-15.45.32:206][  0]LogLinker: Warning: Failed to load '/Game/FirstPersonBP/Maps/FirstPersonExampleMap_BuiltData': Can't find file.
[2020.03.24-15.45.32:206][  0]LogLinker: Warning: Failed to load '/Game/FirstPersonBP/Maps/FirstPersonExampleMap_BuiltData': Can't find file.
[2020.03.24-15.45.32:207][  0]LogLinker: Warning: Failed to load '/Game/FirstPersonBP/Maps/FirstPersonExampleMap_BuiltData': Can't find file.
[2020.03.24-15.45.32:207][  0]LogLinker: Warning: Failed to load '/Game/FirstPersonBP/Maps/FirstPersonExampleMap_BuiltData': Can't find file.
[2020.03.24-15.45.32:211][  0]LogLinker: Warning: While loading '../../../../../../Users/Markram/Desktop/Mis proyectos/LastShot/LastShot/Content/FirstPersonBP/Maps/FirstPersonExampleMap.umap' failed to load '/Game/FirstPersonBP/Maps/FirstPersonExampleMap_BuiltData': Can't find file.
[2020.03.24-15.45.32:211][  0]LoadErrors: Failed to load /Game/FirstPersonBP/Maps/FirstPersonExampleMap_BuiltData.FirstPersonExampleMap_BuiltData Referenced by PersistentLevel
[2020.03.24-15.45.32:211][  0]LogLinker: Warning: While loading '../../../../../../Users/Markram/Desktop/Mis proyectos/LastShot/LastShot/Content/FirstPersonBP/Maps/FirstPersonExampleMap.umap' failed to load '/Game/FirstPersonBP/Maps/FirstPersonExampleMap_BuiltData': Can't find file.
[2020.03.24-15.45.32:211][  0]LoadErrors: Failed to load /Game/FirstPersonBP/Maps/FirstPersonExampleMap_BuiltData.FirstPersonExampleMap_BuiltData Referenced by PersistentLevel
[2020.03.24-15.45.34:291][  0]LogAIModule: Creating AISystem for world FirstPersonExampleMap
[2020.03.24-15.45.34:639][  0]LogEditorServer: Finished looking for orphan Actors (0.000 secs)
[2020.03.24-15.45.34:676][  0]LogUObjectHash: Compacting FUObjectHashTables data took   2.30ms
[2020.03.24-15.45.34:677][  0]Cmd: MAP CHECKDEP NOCLEARLOG
[2020.03.24-15.45.34:677][  0]MapCheck: Map check complete: 0 Error(s), 0 Warning(s), took 0.224ms to complete.
[2020.03.24-15.45.34:677][  0]LogFileHelpers: Loading map 'FirstPersonExampleMap' took 4.833
[2020.03.24-15.45.35:640][  0]LogSlate: Updating window title bar state: overlay mode, drag disabled, window buttons hidden, title bar hidden
[2020.03.24-15.45.35:666][  0]LogSlate: Updating window title bar state: overlay mode, drag disabled, window buttons hidden, title bar hidden
[2020.03.24-15.45.35:674][  0]LogSlate: Updating window title bar state: overlay mode, drag disabled, window buttons hidden, title bar hidden
[2020.03.24-15.45.35:680][  0]LogSlate: Updating window title bar state: overlay mode, drag disabled, window buttons hidden, title bar hidden
[2020.03.24-15.45.35:909][  0]LogCollectionManager: Loaded 0 collections in 0.004769 seconds
[2020.03.24-15.45.36:182][  0]LogFileCache: Scanning file cache for directory 'C:/Users/Markram/Desktop/Mis proyectos/LastShot/LastShot/Saved/Collections/' took 0.00s
[2020.03.24-15.45.36:182][  0]LogFileCache: Scanning file cache for directory 'C:/Users/Markram/Desktop/Mis proyectos/LastShot/LastShot/Content/Developers/Markram/Collections/' took 0.00s
[2020.03.24-15.45.36:182][  0]LogFileCache: Scanning file cache for directory 'C:/Users/Markram/Desktop/Mis proyectos/LastShot/LastShot/Content/Collections/' took 0.00s
[2020.03.24-15.45.36:182][  0]LogContentBrowser: Native class hierarchy populated in 0.0297 seconds. Added 3015 classes and 717 folders.
[2020.03.24-15.45.36:293][  0]LogContentBrowser: Native class hierarchy updated for 'WidgetCarousel' in 0.0002 seconds. Added 0 classes and 0 folders.
[2020.03.24-15.45.40:344][  0]LogContentBrowser: Native class hierarchy updated for 'AddContentDialog' in 0.0003 seconds. Added 0 classes and 0 folders.
[2020.03.24-15.45.40:517][  0]LogContentBrowser: Native class hierarchy updated for 'SceneOutliner' in 0.0003 seconds. Added 2 classes and 3 folders.
[2020.03.24-15.45.41:403][  0]LogSlate: Took 0.000276 seconds to synchronously load lazily loaded font '../../../Engine/Content/Slate/Fonts/Roboto-Regular.ttf' (155K)
[2020.03.24-15.45.41:406][  0]LogSlate: Took 0.000238 seconds to synchronously load lazily loaded font '../../../Engine/Content/Slate/Fonts/Roboto-Bold.ttf' (160K)
[2020.03.24-15.45.41:463][  0]LogSlate: Took 0.027006 seconds to synchronously load lazily loaded font '../../../Engine/Content/Editor/Slate/Fonts/FontAwesome.ttf' (139K)
[2020.03.24-15.45.42:166][  0]LogRenderer: Reallocating scene render targets to support 1208x572 Format 10 NumSamples 1 (Frame:1).
[2020.03.24-15.45.42:573][  0]LogContentBrowser: Native class hierarchy updated for 'HierarchicalLODOutliner' in 0.0003 seconds. Added 0 classes and 0 folders.
[2020.03.24-15.45.42:573][  0]LogLoad: (Engine Initialization) Total time: 23.97 seconds
[2020.03.24-15.45.42:573][  0]LogLoad: (Engine Initialization) Total Blueprint compile time: 0.00 seconds
[2020.03.24-15.45.42:678][  0]LogContentStreaming: Texture pool size now 1000 MB
[2020.03.24-15.45.42:911][  0]LogSlate: Took 0.023610 seconds to synchronously load lazily loaded font '../../../Engine/Content/Slate/Fonts/Roboto-Light.ttf' (167K)
[2020.03.24-15.45.57:082][202]LogAssetRegistry: Asset discovery search completed in 32.4034 seconds
[2020.03.24-15.45.57:086][202]LogCollectionManager: Fixed up redirectors for 0 collections in 0.000014 seconds (updated 0 objects)
[2020.03.24-15.47.24:068][325]LogSlate: Window 'Message Log' being destroyed
[2020.03.24-15.47.24:072][325]LogSlate: Window 'Message Log' being destroyed
[2020.03.24-15.47.25:180][440]LogEditorViewport: Clicking on Actor (context menu): StaticMeshActor (Floor)
[2020.03.24-15.47.26:180][440]LogEditorViewport: Clicking on Actor (context menu): StaticMeshActor (Floor)
[2020.03.24-15.47.26:207][440]LogEditorViewport: Clicking on Actor (context menu): StaticMeshActor (Floor)
[2020.03.24-15.47.34:443][347]LogSlate: Took 0.019248 seconds to synchronously load lazily loaded font '../../../Engine/Content/Slate/Fonts/Roboto-Italic.ttf' (157K)
[2020.03.24-15.47.42:606][317]LogEditorViewport: Clicking on Actor (context menu): StaticMeshActor (Floor)
[2020.03.24-15.47.47:186][834]LogEditorViewport: Clicking on Actor (context menu): StaticMeshActor (Wall1)
[2020.03.24-15.47.56:806][850]MapCheck: New page: Map Check
[2020.03.24-15.47.56:875][850]Cmd: MAP REBUILD ALLVISIBLE
[2020.03.24-15.47.56:875][850]LogEditorServer: Rebuildmap Clear paths rebuilt
[2020.03.24-15.47.57:090][850]LogWorld: UWorld::CleanupWorld for FirstPersonExampleMap, bSessionEnded=true, bCleanupResources=false
[2020.03.24-15.47.57:131][850]LogUObjectHash: Compacting FUObjectHashTables data took   2.06ms
[2020.03.24-15.47.57:168][850]LogMaterial: Display: Missing cached shader map for material DebugViewMode MaterialTexCoordScale, compiling. 
[2020.03.24-15.47.57:193][850]LogShaderCompilers: Display: Worker (1/3): shaders left to compile 2
[2020.03.24-15.47.57:193][850]LogShaderCompilers: Display: Worker (2/3): shaders left to compile 1
[2020.03.24-15.47.57:193][850]LogMaterial: Display: Missing cached shader map for material DebugViewMode MaterialTexCoordScale, compiling. 
[2020.03.24-15.47.57:207][850]LogMaterial: Display: Missing cached shader map for material DebugViewMode MaterialTexCoordScale, compiling. 
[2020.03.24-15.47.57:220][850]LogMaterial: Display: Missing cached shader map for material DebugViewMode MaterialTexCoordScale, compiling. 
[2020.03.24-15.47.57:234][850]LogMaterial: Display: Missing cached shader map for material DebugViewMode MaterialTexCoordScale, compiling. 
[2020.03.24-15.47.57:247][850]LogMaterial: Display: Missing cached shader map for material DebugViewMode MaterialTexCoordScale, compiling. 
[2020.03.24-15.47.57:263][850]LogMaterial: Display: Missing cached shader map for material DebugViewMode MaterialTexCoordScale, compiling. 
[2020.03.24-15.48.02:529][850]LogShaderCompilers: Display: Worker (3/3): shaders left to compile 12
[2020.03.24-15.48.02:529][850]LogShaderCompilers: Display: Worker (3/3): shaders left to compile 11
[2020.03.24-15.48.02:529][850]LogShaderCompilers: Display: Worker (1/3): shaders left to compile 10
[2020.03.24-15.48.02:529][850]LogShaderCompilers: Display: Worker (2/3): shaders left to compile 9
[2020.03.24-15.48.02:529][850]LogShaderCompilers: Display: Worker (1/3): shaders left to compile 8
[2020.03.24-15.48.02:529][850]LogShaderCompilers: Display: Worker (3/3): shaders left to compile 7
[2020.03.24-15.48.02:529][850]LogShaderCompilers: Display: Worker (2/3): shaders left to compile 6
[2020.03.24-15.48.02:529][850]LogShaderCompilers: Display: Worker (1/3): shaders left to compile 5
[2020.03.24-15.48.02:529][850]LogShaderCompilers: Display: Worker (2/3): shaders left to compile 4
[2020.03.24-15.48.02:529][850]LogShaderCompilers: Display: Worker (3/3): shaders left to compile 3
[2020.03.24-15.48.02:529][850]LogShaderCompilers: Display: Worker (1/3): shaders left to compile 2
[2020.03.24-15.48.02:529][850]LogShaderCompilers: Display: Worker (3/3): shaders left to compile 1
[2020.03.24-15.48.02:529][850]TextureStreamingBuild: Display: Compiling optional shaders took 5.377 seconds.
[2020.03.24-15.48.02:566][850]LogLevel: Display: Export Material TexCoord Scales took 0.037 seconds.
[2020.03.24-15.48.02:569][850]TextureStreamingBuild: Display: Build Texture Streaming took 0.003 seconds.
[2020.03.24-15.48.02:591][850]LogUObjectHash: Compacting FUObjectHashTables data took   0.65ms
[2020.03.24-15.48.02:962][850]LightingResults: New page: Lighting Build - 24 Mar 2020, 17:48:02
[2020.03.24-15.48.03:282][850]LogSwarmInterface: [OpenConnection] Registering TCP channel ...
[2020.03.24-15.48.03:679][850]LogSwarmInterface: [OpenConnection] Connecting to agent ...
[2020.03.24-15.48.03:868][850]LogSwarmInterface: [TryOpenConnection] Testing the Agent
[2020.03.24-15.48.08:659][850]LogSwarmInterface: Error: [TryOpenConnection] Waiting for the agent to start up ...
[2020.03.24-15.48.09:042][850]LogSwarmInterface: Error: System.Net.Sockets.SocketException (0x80004005): No connection could be made because the target machine actively refused it 127.0.0.1:8008

Server stack trace: 
   at System.Net.Sockets.Socket.DoConnect(EndPoint endPointSnapshot, SocketAddress socketAddress)
   at System.Net.Sockets.Socket.Connect(EndPoint remoteEP)
   at System.Runtime.Remoting.Channels.RemoteConnection.CreateNewSocket(EndPoint ipEndPoint)
   at System.Runtime.Remoting.Channels.SocketCache.GetSocket(String machinePortAndSid, Boolean openNew)
   at System.Runtime.Remoting.Channels.Tcp.TcpClientTransportSink.SendRequestWithRetry(IMessage msg, ITransportHeaders requestHeaders, Stream requestStream)
   at System.Runtime.Remoting.Channels.Tcp.TcpClientTransportSink.AsyncProcessRequest(IClientChannelSinkStack sinkStack, IMessage msg, ITransportHeaders headers, Stream stream)
   at System.Runtime.Remoting.Channels.BinaryClientFormatterSink.AsyncProcessMessage(IMessage msg, IMessageSink replySink)

Exception rethrown at [0]: 
   at System.Runtime.Remoting.Proxies.RealProxy.HandleReturnMessage(IMessage reqMsg, IMessage retMsg)
   at System.Runtime.Remoting.Proxies.RealProxy.PrivateInvoke(MessageData& msgData, Int32 type)
   at NSwarm.IAgentInterfaceWrapper.MethodDelegate.EndInvoke(Hashtable& OutParameters, IAsyncResult result)
   at NSwarm.FSwarmInterface.TryOpenConnection(FConnectionCallback CallbackFunc, IntPtr CallbackData, ELogFlags LoggingFlags) in D:\Build\++UE4\Sync\Engine\Saved\CsTools\Engine\Source\Editor\SwarmInterface\DotNET\SwarmInterface.cs:line 2811
[2020.03.24-15.48.14:623][850]LogSwarmInterface: [TryOpenConnection] Opening Connection to Agent
[2020.03.24-15.48.14:623][850]LogSwarmInterface: [TryOpenConnection] Local Process ID is 10544
[2020.03.24-15.48.17:853][850]LogStaticLightingSystem: Running Lightmass w/ ImmediateImport mode ENABLED
[2020.03.24-15.48.17:853][850]LogStaticLightingSystem: Running Lightmass w/ ImmediateProcess mode ENABLED
[2020.03.24-15.48.17:853][850]LogStaticLightingSystem: Running Lightmass w/ Sorting mode ENABLED
[2020.03.24-15.48.17:854][850]LogStaticLightingSystem: Running Lightmass w/ Mapping paddings ENABLED
[2020.03.24-15.48.17:854][850]LogStaticLightingSystem: Running Lightmass w/ Mapping debug paddings DISABLED
[2020.03.24-15.48.19:096][850]Cmd: MAP CHECK DONTDISPLAYDIALOG
[2020.03.24-15.48.19:096][850]MapCheck: New page: FirstPersonExampleMap - 24 Mar 2020, 17:48:19
[2020.03.24-15.48.19:097][850]MapCheck: Error: WorldInfo_0 Maps need lighting rebuilt 
[2020.03.24-15.48.19:111][850]MapCheck: Map check complete: 1 Error(s), 0 Warning(s), took 14.185ms to complete.
[2020.03.24-15.48.19:112][850]LogEditorBuildUtils: Build time 0:22
[2020.03.24-15.48.19:532][850]LogMaterial: Display: Missing cached shader map for material FLightmassMaterialRenderer MaterialInstanceDynamic_0, compiling. 
[2020.03.24-15.48.19:809][850]LogShaderCompilers: Display: Worker (1/3): shaders left to compile 2
[2020.03.24-15.48.19:809][850]LogShaderCompilers: Display: Worker (2/3): shaders left to compile 1
[2020.03.24-15.48.19:809][850]LogMaterial: Display: Missing cached shader map for material FLightmassMaterialRenderer MaterialInstanceDynamic_0, compiling. 
[2020.03.24-15.48.20:059][850]LogShaderCompilers: Display: Worker (3/3): shaders left to compile 2
[2020.03.24-15.48.20:059][850]LogShaderCompilers: Display: Worker (2/3): shaders left to compile 1
[2020.03.24-15.48.20:351][851]LogMaterial: Display: Missing cached shader map for material FLightmassMaterialRenderer CubeMaterial, compiling. 
[2020.03.24-15.48.20:479][851]LogShaderCompilers: Display: Worker (1/3): shaders left to compile 2
[2020.03.24-15.48.20:479][851]LogShaderCompilers: Display: Worker (2/3): shaders left to compile 1
[2020.03.24-15.48.20:479][851]LogMaterial: Display: Missing cached shader map for material FLightmassMaterialRenderer CubeMaterial, compiling. 
[2020.03.24-15.48.20:533][852]LogShaderCompilers: Display: Worker (3/3): shaders left to compile 2
[2020.03.24-15.48.20:689][852]LogMaterial: Display: Missing cached shader map for material FLightmassMaterialRenderer WorldGridMaterial, compiling. Is special engine material.
[2020.03.24-15.48.20:802][852]LogShaderCompilers: Display: Worker (2/3): shaders left to compile 3
[2020.03.24-15.48.20:803][852]LogShaderCompilers: Display: Worker (1/3): shaders left to compile 1
[2020.03.24-15.48.20:803][852]LogMaterial: Display: Missing cached shader map for material FLightmassMaterialRenderer WorldGridMaterial, compiling. Is special engine material.
[2020.03.24-15.48.21:463][854]LogShaderCompilers: Display: Worker (3/3): shaders left to compile 2
[2020.03.24-15.48.21:463][854]LogShaderCompilers: Display: Worker (1/3): shaders left to compile 1
[2020.03.24-15.48.21:959][858]LogUObjectHash: Compacting FUObjectHashTables data took   0.71ms
[2020.03.24-15.49.24:302][584]Job is a success!
[2020.03.24-15.49.24:676][585]LogSlate: Took 0.000267 seconds to synchronously load lazily loaded font '../../../Engine/Content/Slate/Fonts/Roboto-Light.ttf' (167K)
[2020.03.24-15.49.24:812][585]LogVolumetricLightmapImport: Imported Volumetric Lightmap in 0.025s
[2020.03.24-15.49.24:812][585]LogVolumetricLightmapImport:      Indirection Texture 16x16x16 = 0.0Mb
[2020.03.24-15.49.24:812][585]LogVolumetricLightmapImport:      BrickData (all levels) 0.3Mb
[2020.03.24-15.49.24:812][585]LogVolumetricLightmapImport:      Bricks at depth
[2020.03.24-15.49.24:813][585]LogVolumetricLightmapImport:          0: 1.5% covering 100.0% of volume
[2020.03.24-15.49.24:813][585]LogVolumetricLightmapImport:          1: 5.9% covering 6.3% of volume
[2020.03.24-15.49.24:813][585]LogVolumetricLightmapImport:          2: 92.6% covering 1.5% of volume
[2020.03.24-15.49.24:813][585]LogVolumetricLightmapImport:      Bricks in each level
[2020.03.24-15.49.24:813][585]LogVolumetricLightmapImport:          FirstPersonExampleMap 			 68 bricks 	 100.0% (Persistent Level)
[2020.03.24-15.49.29:576][585]LogTexture: Display: Building textures: SkyOcclusion0_1 (AutoDXT, 2048X1024)
[2020.03.24-15.49.29:576][585]LogTexture: Display: Building textures: HQ_Lightmap0_1 (AutoDXT, 2048X2048)
[2020.03.24-15.49.29:576][585]LogTexture: Display: Building textures: LQ_Lightmap_0_1 (DXT1, 2048X2048)
[2020.03.24-15.49.29:576][585]LogTexture: Display: Building textures: SkyOcclusion0_2 (AutoDXT, 2048X1024)
[2020.03.24-15.49.29:576][585]LogTexture: Display: Building textures: HQ_Lightmap0_2 (AutoDXT, 2048X2048)
[2020.03.24-15.49.29:576][585]LogTexture: Display: Building textures: LQ_Lightmap_0_2 (DXT1, 2048X2048)
[2020.03.24-15.49.29:576][585]LogTexture: Display: Building textures: HQ_Lightmap0_3 (AutoDXT, 2048X2048)
[2020.03.24-15.49.29:576][585]LogTexture: Display: Building textures: SkyOcclusion0_3 (AutoDXT, 2048X1024)
[2020.03.24-15.49.29:576][585]LogTexture: Display: Building textures: LQ_Lightmap_0_3 (DXT1, 2048X2048)
[2020.03.24-15.49.29:576][585]LogTexture: Display: Building textures: SkyOcclusion0_4 (AutoDXT, 2048X1024)
[2020.03.24-15.49.29:576][585]LogTexture: Display: Building textures: HQ_Lightmap0_4 (AutoDXT, 2048X2048)
[2020.03.24-15.49.29:576][585]LogTexture: Display: Building textures: LQ_Lightmap_0_4 (DXT1, 2048X2048)
[2020.03.24-15.49.29:576][585]LogTexture: Display: Building textures: SkyOcclusion0_5 (AutoDXT, 64X32)
[2020.03.24-15.49.29:576][585]LogTexture: Display: Building textures: HQ_Lightmap0_5 (AutoDXT, 64X64)
[2020.03.24-15.49.29:576][585]LogTexture: Display: Building textures: LQ_Lightmap_0_5 (DXT1, 64X64)
[2020.03.24-15.49.30:177][585]LogTexture: Display: Building textures: ShadowMapTexture2D_0 (G8, 1024X1024)
[2020.03.24-15.49.30:177][585]LogTexture: Display: Building textures: ShadowMapTexture2D_2 (G8, 1024X1024)
[2020.03.24-15.49.30:177][585]LogTexture: Display: Building textures: ShadowMapTexture2D_1 (G8, 1024X1024)
[2020.03.24-15.49.30:177][585]LogTexture: Display: Building textures: ShadowMapTexture2D_4 (G8, 1024X1024)
[2020.03.24-15.49.30:177][585]LogTexture: Display: Building textures: ShadowMapTexture2D_3 (G8, 1024X1024)
[2020.03.24-15.49.30:384][585]LogTexture: Display: Building textures: ShadowMapTexture2D_7 (G8, 32X32)
[2020.03.24-15.49.30:384][585]LogTexture: Display: Building textures: ShadowMapTexture2D_5 (G8, 1024X1024)
[2020.03.24-15.49.30:384][585]LogTexture: Display: Building textures: ShadowMapTexture2D_6 (G8, 1024X1024)
[2020.03.24-15.49.30:721][585]Lightmass on DESKTOP-SEHO9G5: 1:04 min total, 183 ms importing, 63 ms setup, 8.22 sec photons, 56.0 sec processing, 0 ms extra exporting [8/8 mappings]. Threads: 3:44 min total, 1:54 min processing.
[2020.03.24-15.49.30:735][585]LogStaticLightingSystem: FirstPersonExampleMap_BuiltData storing lightmap data for 8 meshes in 8 LightmapResourceClusters (1.0 Meshes per cluster).
[2020.03.24-15.49.30:766][585]LogUObjectHash: Compacting FUObjectHashTables data took   0.81ms
[2020.03.24-15.49.30:778][585]LogStaticLightingSystem: Illumination: 1:27 min (4.34 sec encoding lightmaps, 822 ms encoding shadowmaps)
[2020.03.24-15.49.30:778][585]LogStaticLightingSystem: Lightmap texture memory:  42.7 MB (42.7 MB streaming, 0.0 MB non-streaming), 10 textures
[2020.03.24-15.49.30:778][585]LogStaticLightingSystem: Shadowmap texture memory: 9.3 MB (9.3 MB streaming, 0.0 MB non-streaming), 8 textures
[2020.03.24-15.49.30:835][585]DumpUnbuiltLightIteractions
[2020.03.24-15.49.30:835][585]Lights with unbuilt interactions: 0
[2020.03.24-15.49.30:835][585]
[2020.03.24-15.49.30:835][585]Primitives with unbuilt interactions: 0
[2020.03.24-15.49.31:011][586]Cmd: MAP CHECK NOTIFYRESULTS
[2020.03.24-15.49.31:011][586]MapCheck: New page: FirstPersonExampleMap - 24 Mar 2020, 17:49:31
[2020.03.24-15.49.31:011][586]MapCheck: Map check complete: 0 Error(s), 0 Warning(s), took 0.455ms to complete.
[2020.03.24-15.50.47:366][874]LogSlate: Window 'Message Log' being destroyed
[2020.03.24-15.50.47:379][874]LogSlate: Window 'Message Log' being destroyed
[2020.03.24-15.50.48:231][972]LogTemp: Repeating last play command: Selected Viewport
[2020.03.24-15.50.48:257][972]LogBlueprintUserMessages: Early PlayInEditor Detection: Level '/Game/FirstPersonBP/Maps/FirstPersonExampleMap.FirstPersonExampleMap:PersistentLevel' has LevelScriptBlueprint '/Game/FirstPersonBP/Maps/FirstPersonExampleMap.FirstPersonExampleMap:PersistentLevel.FirstPersonExampleMap' with GeneratedClass '/Game/FirstPersonBP/Maps/FirstPersonExampleMap.FirstPersonExampleMap_C' with ClassGeneratedBy '/Game/FirstPersonBP/Maps/FirstPersonExampleMap.FirstPersonExampleMap:PersistentLevel.FirstPersonExampleMap'
[2020.03.24-15.50.48:257][972]LogPlayLevel: PlayLevel: No blueprints needed recompiling
[2020.03.24-15.50.48:257][972]PIE: New page: PIE session: FirstPersonExampleMap (24 Mar 2020, 17:50:48)
[2020.03.24-15.50.48:427][972]LogOnline: OSS: Creating online subsystem instance for: NULL
[2020.03.24-15.50.48:473][972]LogOnline: OSS: TryLoadSubsystemAndSetDefault: Loaded subsystem for module [NULL]
[2020.03.24-15.50.48:473][972]LogPlayLevel: Creating play world package: /Game/FirstPersonBP/Maps/UEDPIE_0_FirstPersonExampleMap
[2020.03.24-15.50.48:488][972]LogPlayLevel: PIE: StaticDuplicateObject took: (0.015024s)
[2020.03.24-15.50.48:490][972]LogAIModule: Creating AISystem for world FirstPersonExampleMap
[2020.03.24-15.50.48:490][972]LogPlayLevel: PIE: World Init took: (0.001779s)
[2020.03.24-15.50.48:490][972]LogPlayLevel: PIE: Created PIE world by copying editor world from /Game/FirstPersonBP/Maps/FirstPersonExampleMap.FirstPersonExampleMap to /Game/FirstPersonBP/Maps/UEDPIE_0_FirstPersonExampleMap.FirstPersonExampleMap (0.017169s)
[2020.03.24-15.50.48:515][972]LogUObjectHash: Compacting FUObjectHashTables data took   1.66ms
[2020.03.24-15.50.48:517][972]LogAudioMixer: Display: Audio Mixer Platform Settings:
[2020.03.24-15.50.48:517][972]LogAudioMixer: Display: 	Sample Rate:						  48000
[2020.03.24-15.50.48:517][972]LogAudioMixer: Display: 	Callback Buffer Frame Size Requested: 1024
[2020.03.24-15.50.48:517][972]LogAudioMixer: Display: 	Callback Buffer Frame Size To Use:	  1024
[2020.03.24-15.50.48:517][972]LogAudioMixer: Display: 	Number of buffers to queue:			  2
[2020.03.24-15.50.48:517][972]LogAudioMixer: Display: 	Max Channels (voices):				  32
[2020.03.24-15.50.48:517][972]LogAudioMixer: Display: 	Number of Async Source Workers:		  0
[2020.03.24-15.50.48:517][972]LogAudio: Display: AudioDevice MaxSources: 32
[2020.03.24-15.50.48:517][972]LogAudio: Display: Using built-in audio occlusion.
[2020.03.24-15.50.48:517][972]LogAudioMixer: Display: Initializing audio mixer.
[2020.03.24-15.50.48:561][972]LogAudioMixer: Display: Audio Device Output Speaker Info:
[2020.03.24-15.50.48:561][972]LogAudioMixer: Display: Name: Altavoces (SteelSeries Siberia 350)
[2020.03.24-15.50.48:561][972]LogAudioMixer: Display: Is Default: Yes
[2020.03.24-15.50.48:561][972]LogAudioMixer: Display: Sample Rate: 48000
[2020.03.24-15.50.48:561][972]LogAudioMixer: Display: Channel Count Used: 2
[2020.03.24-15.50.48:561][972]LogAudioMixer: Display: Device Channel Count: 2
[2020.03.24-15.50.48:561][972]LogAudioMixer: Display: Channel Order:
[2020.03.24-15.50.48:561][972]LogAudioMixer: Display: 0: FrontLeft
[2020.03.24-15.50.48:561][972]LogAudioMixer: Display: 1: FrontRight
[2020.03.24-15.50.48:584][972]LogAudioMixer: Display: Using Audio Device Altavoces (SteelSeries Siberia 350)
[2020.03.24-15.50.48:586][972]LogInit: FAudioDevice initialized.
[2020.03.24-15.50.48:635][972]LogLoad: Game class is 'FirstPersonGameMode_C'
[2020.03.24-15.50.48:694][972]LogWorld: Bringing World /Game/FirstPersonBP/Maps/UEDPIE_0_FirstPersonExampleMap.FirstPersonExampleMap up for play (max tick rate 0) at 2020.03.24-16.50.48
[2020.03.24-15.50.48:735][972]LogWorld: Bringing up level for play took: 0.066730
[2020.03.24-15.50.48:735][972]LogOnline: OSS: Creating online subsystem instance for: :Context_3
[2020.03.24-15.50.48:888][972]LogContentBrowser: Native class hierarchy updated for 'MovieSceneCapture' in 0.0005 seconds. Added 20 classes and 0 folders.
[2020.03.24-15.50.48:905][972]PIE: Play in editor start time for /Game/FirstPersonBP/Maps/UEDPIE_0_FirstPersonExampleMap 1.315
[2020.03.24-15.50.48:905][972]LogBlueprintUserMessages: Late PlayInEditor Detection: Level '/Game/FirstPersonBP/Maps/FirstPersonExampleMap.FirstPersonExampleMap:PersistentLevel' has LevelScriptBlueprint '/Game/FirstPersonBP/Maps/FirstPersonExampleMap.FirstPersonExampleMap:PersistentLevel.FirstPersonExampleMap' with GeneratedClass '/Game/FirstPersonBP/Maps/FirstPersonExampleMap.FirstPersonExampleMap_C' with ClassGeneratedBy '/Game/FirstPersonBP/Maps/FirstPersonExampleMap.FirstPersonExampleMap:PersistentLevel.FirstPersonExampleMap'
[2020.03.24-15.51.25:959][385]LogAudioMixer: Display: No commands were queued while flushing the source manager.
[2020.03.24-15.51.25:976][385]LogAudioMixer: Display: Flush succeeded in the source manager command queue (1).
[2020.03.24-15.51.25:996][385]LogAudioMixer: Display: Flush succeeded the source manager command queue (2).
[2020.03.24-15.51.25:996][385]LogBlueprintUserMessages: Early EndPlayMap Detection: Level '/Game/FirstPersonBP/Maps/FirstPersonExampleMap.FirstPersonExampleMap:PersistentLevel' has LevelScriptBlueprint '/Game/FirstPersonBP/Maps/FirstPersonExampleMap.FirstPersonExampleMap:PersistentLevel.FirstPersonExampleMap' with GeneratedClass '/Game/FirstPersonBP/Maps/FirstPersonExampleMap.FirstPersonExampleMap_C' with ClassGeneratedBy '/Game/FirstPersonBP/Maps/FirstPersonExampleMap.FirstPersonExampleMap:PersistentLevel.FirstPersonExampleMap'
[2020.03.24-15.51.25:996][385]LogSlate: Updating window title bar state: overlay mode, drag disabled, window buttons hidden, title bar hidden
[2020.03.24-15.51.25:996][385]LogWorld: BeginTearingDown for /Game/FirstPersonBP/Maps/UEDPIE_0_FirstPersonExampleMap
[2020.03.24-15.51.25:996][385]LogAudioMixer: Display: No commands were queued while flushing the source manager.
[2020.03.24-15.51.25:997][385]LogWorld: UWorld::CleanupWorld for FirstPersonExampleMap, bSessionEnded=true, bCleanupResources=true
[2020.03.24-15.51.25:997][385]LogSlate: InvalidateAllWidgets triggered.  All widgets were invalidated
[2020.03.24-15.51.26:008][385]LogPlayLevel: Display: Shutting down PIE online subsystems
[2020.03.24-15.51.26:008][385]LogBlueprintUserMessages: Late EndPlayMap Detection: Level '/Game/FirstPersonBP/Maps/FirstPersonExampleMap.FirstPersonExampleMap:PersistentLevel' has LevelScriptBlueprint '/Game/FirstPersonBP/Maps/FirstPersonExampleMap.FirstPersonExampleMap:PersistentLevel.FirstPersonExampleMap' with GeneratedClass '/Game/FirstPersonBP/Maps/FirstPersonExampleMap.FirstPersonExampleMap_C' with ClassGeneratedBy '/Game/FirstPersonBP/Maps/FirstPersonExampleMap.FirstPersonExampleMap:PersistentLevel.FirstPersonExampleMap'
[2020.03.24-15.51.26:011][385]LogSlate: InvalidateAllWidgets triggered.  All widgets were invalidated
[2020.03.24-15.51.26:035][385]LogAudioMixer: Display: No commands were queued while flushing the source manager.
[2020.03.24-15.51.26:038][385]LogSlate: Updating window title bar state: overlay mode, drag disabled, window buttons hidden, title bar hidden
[2020.03.24-15.51.26:041][385]LogUObjectHash: Compacting FUObjectHashTables data took   1.67ms
[2020.03.24-15.51.26:073][386]LogPlayLevel: Display: Destroying online subsystem :Context_3
[2020.03.24-15.51.27:662][564]LogUObjectHash: Compacting FUObjectHashTables data took   0.64ms
[2020.03.24-15.51.27:925][564]LogSavePackage: Moving '../../../../../../Users/Markram/Desktop/Mis proyectos/LastShot/LastShot/Saved/FirstPersonExampleMap110153E64060A587892CC1B02305A192.tmp' to '../../../../../../Users/Markram/Desktop/Mis proyectos/LastShot/LastShot/Content/FirstPersonBP/Maps/FirstPersonExampleMap.umap'
[2020.03.24-15.51.28:816][564]LogSavePackage: Moving '../../../../../../Users/Markram/Desktop/Mis proyectos/LastShot/LastShot/Saved/FirstPersonExampleMap_BuiltDataD578DD7F4E0B2FAD456582A19C5C289F.tmp' to '../../../../../../Users/Markram/Desktop/Mis proyectos/LastShot/LastShot/Content/FirstPersonBP/Maps/FirstPersonExampleMap_BuiltData.uasset'
[2020.03.24-15.51.28:842][564]AssetCheck: New page: Asset Save: multiple assets
[2020.03.24-15.51.28:842][564]LogContentValidation: Display: Validating World /Game/FirstPersonBP/Maps/FirstPersonExampleMap.FirstPersonExampleMap
[2020.03.24-15.51.28:842][564]LogContentValidation: Display: Validating MapBuildDataRegistry /Game/FirstPersonBP/Maps/FirstPersonExampleMap_BuiltData.FirstPersonExampleMap_BuiltData
